This file contains any messages produced by compilers while
running configure, to aid debugging if configure makes a mistake.

It was created by libctf library configure 1.2.0-pre, which was
generated by GNU Autoconf 2.69.  Invocation command line was

  $ /home/sebastien/Bureau/Kot/Toolchain/sources/binutils-2.35/libctf/configure --srcdir=../../libctf --cache-file=./config.cache --with-gnu-as --with-gnu-ld --prefix=/home/sebastien/Bureau/Kot/Toolchain/Local --with-sysroot=/home/sebastien/Bureau/Kot/Sysroot --disable-nls --disable-werror --enable-shared --program-transform-name=s&^&x86_64-kot-& --disable-option-checking --build=x86_64-pc-linux-gnu --host=x86_64-pc-linux-gnu --target=x86_64-kot

## --------- ##
## Platform. ##
## --------- ##

hostname = sebastien
uname -m = x86_64
uname -r = 5.17.0-5.1-liquorix-amd64
uname -s = Linux
uname -v = #1 ZEN SMP PREEMPT liquorix 5.17-9ubuntu1~impish (2022-04-27)

/usr/bin/uname -p = x86_64
/bin/uname -X     = unknown

/bin/arch              = x86_64
/usr/bin/arch -k       = unknown
/usr/convex/getsysinfo = unknown
/usr/bin/hostinfo      = unknown
/bin/machine           = unknown
/usr/bin/oslevel       = unknown
/bin/universe          = unknown

PATH: /usr/local/sbin
PATH: /usr/local/bin
PATH: /usr/sbin
PATH: /usr/bin
PATH: /sbin
PATH: /bin
PATH: /snap/bin
PATH: /home/sebastien/Bureau/Kot/Toolchain/Local/bin


## ----------- ##
## Core tests. ##
## ----------- ##

configure:2207: loading cache ./config.cache
configure:2338: checking for x86_64-pc-linux-gnu-gcc
configure:2365: result: gcc
configure:2634: checking for C compiler version
configure:2643: gcc --version >&5
gcc (Ubuntu 11.2.0-19ubuntu1) 11.2.0
Copyright (C) 2021 Free Software Foundation, Inc.
This is free software; see the source for copying conditions.  There is NO
warranty; not even for MERCHANTABILITY or FITNESS FOR A PARTICULAR PURPOSE.

configure:2654: $? = 0
configure:2643: gcc -v >&5
Using built-in specs.
COLLECT_GCC=gcc
COLLECT_LTO_WRAPPER=/usr/lib/gcc/x86_64-linux-gnu/11/lto-wrapper
OFFLOAD_TARGET_NAMES=nvptx-none:amdgcn-amdhsa
OFFLOAD_TARGET_DEFAULT=1
Target: x86_64-linux-gnu
Configured with: ../src/configure -v --with-pkgversion='Ubuntu 11.2.0-19ubuntu1' --with-bugurl=file:///usr/share/doc/gcc-11/README.Bugs --enable-languages=c,ada,c++,go,brig,d,fortran,objc,obj-c++,m2 --prefix=/usr --with-gcc-major-version-only --program-suffix=-11 --program-prefix=x86_64-linux-gnu- --enable-shared --enable-linker-build-id --libexecdir=/usr/lib --without-included-gettext --enable-threads=posix --libdir=/usr/lib --enable-nls --enable-bootstrap --enable-clocale=gnu --enable-libstdcxx-debug --enable-libstdcxx-time=yes --with-default-libstdcxx-abi=new --enable-gnu-unique-object --disable-vtable-verify --enable-plugin --enable-default-pie --with-system-zlib --enable-libphobos-checking=release --with-target-system-zlib=auto --enable-objc-gc=auto --enable-multiarch --disable-werror --enable-cet --with-arch-32=i686 --with-abi=m64 --with-multilib-list=m32,m64,mx32 --enable-multilib --with-tune=generic --enable-offload-targets=nvptx-none=/build/gcc-11-gBFGDP/gcc-11-11.2.0/debian/tmp-nvptx/usr,amdgcn-amdhsa=/build/gcc-11-gBFGDP/gcc-11-11.2.0/debian/tmp-gcn/usr --without-cuda-driver --enable-checking=release --build=x86_64-linux-gnu --host=x86_64-linux-gnu --target=x86_64-linux-gnu --with-build-config=bootstrap-lto-lean --enable-link-serialization=2
Thread model: posix
Supported LTO compression algorithms: zlib zstd
gcc version 11.2.0 (Ubuntu 11.2.0-19ubuntu1) 
... rest of stderr output deleted ...
configure:2654: $? = 0
configure:2643: gcc -V >&5
gcc: error: unrecognized command-line option '-V'
gcc: fatal error: no input files
compilation terminated.
configure:2654: $? = 1
configure:2643: gcc -qversion >&5
gcc: error: unrecognized command-line option '-qversion'; did you mean '--version'?
gcc: fatal error: no input files
compilation terminated.
configure:2654: $? = 1
configure:2674: checking whether the C compiler works
configure:2696: gcc -g -O2    conftest.c  >&5
configure:2700: $? = 0
configure:2748: result: yes
configure:2751: checking for C compiler default output file name
configure:2753: result: a.out
configure:2759: checking for suffix of executables
configure:2766: gcc -o conftest -g -O2    conftest.c  >&5
configure:2770: $? = 0
configure:2792: result: 
configure:2814: checking whether we are cross compiling
configure:2822: gcc -o conftest -g -O2    conftest.c  >&5
configure:2826: $? = 0
configure:2833: ./conftest
configure:2837: $? = 0
configure:2852: result: no
configure:2857: checking for suffix of object files
configure:2904: result: o
configure:2908: checking whether we are using the GNU C compiler
configure:2936: result: yes
configure:2945: checking whether gcc accepts -g
configure:3006: result: yes
configure:3023: checking for gcc option to accept ISO C89
configure:3099: result: none needed
configure:3124: checking whether gcc understands -c and -o together
configure:3161: result: yes
configure:3184: checking how to run the C preprocessor
configure:3254: result: gcc -E
configure:3274: gcc -E  conftest.c
configure:3274: $? = 0
configure:3288: gcc -E  conftest.c
conftest.c:9:10: fatal error: ac_nonexistent.h: No such file or directory
    9 | #include <ac_nonexistent.h>
      |          ^~~~~~~~~~~~~~~~~~
compilation terminated.
configure:3288: $? = 1
configure: failed program was:
| /* confdefs.h */
| #define PACKAGE_NAME "libctf library"
| #define PACKAGE_TARNAME "libctf-library"
| #define PACKAGE_VERSION "1.2.0-pre"
| #define PACKAGE_STRING "libctf library 1.2.0-pre"
| #define PACKAGE_BUGREPORT ""
| #define PACKAGE_URL ""
| /* end confdefs.h.  */
| #include <ac_nonexistent.h>
configure:3317: checking for grep that handles long lines and -e
configure:3375: result: /usr/bin/grep
configure:3380: checking for egrep
configure:3442: result: /usr/bin/grep -E
configure:3447: checking for ANSI C header files
configure:3551: result: yes
configure:3564: checking for sys/types.h
configure:3564: result: yes
configure:3564: checking for sys/stat.h
configure:3564: result: yes
configure:3564: checking for stdlib.h
configure:3564: result: yes
configure:3564: checking for string.h
configure:3564: result: yes
configure:3564: checking for memory.h
configure:3564: result: yes
configure:3564: checking for strings.h
configure:3564: result: yes
configure:3564: checking for inttypes.h
configure:3564: result: yes
configure:3564: checking for stdint.h
configure:3564: result: yes
configure:3564: checking for unistd.h
configure:3564: result: yes
configure:3577: checking for minix/config.h
configure:3577: result: no
configure:3598: checking whether it is safe to define __EXTENSIONS__
configure:3623: result: yes
configure:3653: checking for a BSD-compatible install
configure:3721: result: /usr/bin/install -c
configure:3732: checking whether build environment is sane
configure:3787: result: yes
configure:3935: checking for a thread-safe mkdir -p
configure:3974: result: /usr/bin/mkdir -p
configure:3981: checking for gawk
configure:4008: result: gawk
configure:4019: checking whether make sets $(MAKE)
configure:4041: result: yes
configure:4071: checking for style of include used by make
configure:4099: result: GNU
configure:4133: checking whether make supports nested variables
configure:4150: result: yes
configure:4235: checking dependency style of gcc
configure:4346: result: gcc3
configure:4406: checking whether make sets $(MAKE)
configure:4428: result: yes
configure:4445: checking for x86_64-pc-linux-gnu-gcc
configure:4472: result: gcc
configure:4741: checking for C compiler version
configure:4750: gcc --version >&5
gcc (Ubuntu 11.2.0-19ubuntu1) 11.2.0
Copyright (C) 2021 Free Software Foundation, Inc.
This is free software; see the source for copying conditions.  There is NO
warranty; not even for MERCHANTABILITY or FITNESS FOR A PARTICULAR PURPOSE.

configure:4761: $? = 0
configure:4750: gcc -v >&5
Using built-in specs.
COLLECT_GCC=gcc
COLLECT_LTO_WRAPPER=/usr/lib/gcc/x86_64-linux-gnu/11/lto-wrapper
OFFLOAD_TARGET_NAMES=nvptx-none:amdgcn-amdhsa
OFFLOAD_TARGET_DEFAULT=1
Target: x86_64-linux-gnu
Configured with: ../src/configure -v --with-pkgversion='Ubuntu 11.2.0-19ubuntu1' --with-bugurl=file:///usr/share/doc/gcc-11/README.Bugs --enable-languages=c,ada,c++,go,brig,d,fortran,objc,obj-c++,m2 --prefix=/usr --with-gcc-major-version-only --program-suffix=-11 --program-prefix=x86_64-linux-gnu- --enable-shared --enable-linker-build-id --libexecdir=/usr/lib --without-included-gettext --enable-threads=posix --libdir=/usr/lib --enable-nls --enable-bootstrap --enable-clocale=gnu --enable-libstdcxx-debug --enable-libstdcxx-time=yes --with-default-libstdcxx-abi=new --enable-gnu-unique-object --disable-vtable-verify --enable-plugin --enable-default-pie --with-system-zlib --enable-libphobos-checking=release --with-target-system-zlib=auto --enable-objc-gc=auto --enable-multiarch --disable-werror --enable-cet --with-arch-32=i686 --with-abi=m64 --with-multilib-list=m32,m64,mx32 --enable-multilib --with-tune=generic --enable-offload-targets=nvptx-none=/build/gcc-11-gBFGDP/gcc-11-11.2.0/debian/tmp-nvptx/usr,amdgcn-amdhsa=/build/gcc-11-gBFGDP/gcc-11-11.2.0/debian/tmp-gcn/usr --without-cuda-driver --enable-checking=release --build=x86_64-linux-gnu --host=x86_64-linux-gnu --target=x86_64-linux-gnu --with-build-config=bootstrap-lto-lean --enable-link-serialization=2
Thread model: posix
Supported LTO compression algorithms: zlib zstd
gcc version 11.2.0 (Ubuntu 11.2.0-19ubuntu1) 
... rest of stderr output deleted ...
configure:4761: $? = 0
configure:4750: gcc -V >&5
gcc: error: unrecognized command-line option '-V'
gcc: fatal error: no input files
compilation terminated.
configure:4761: $? = 1
configure:4750: gcc -qversion >&5
gcc: error: unrecognized command-line option '-qversion'; did you mean '--version'?
gcc: fatal error: no input files
compilation terminated.
configure:4761: $? = 1
configure:4765: checking whether we are using the GNU C compiler
configure:4793: result: yes
configure:4802: checking whether gcc accepts -g
configure:4863: result: yes
configure:4880: checking for gcc option to accept ISO C89
configure:4956: result: none needed
configure:4981: checking whether gcc understands -c and -o together
configure:5018: result: yes
configure:5038: checking for x86_64-pc-linux-gnu-ranlib
configure:5065: result: ranlib
configure:5132: checking for x86_64-pc-linux-gnu-ar
configure:5159: result: ar
configure:5229: checking the archiver (ar) interface
configure:5278: result: ar
configure:5311: checking whether NLS is requested
configure:5314: result: no
configure:5430: checking build system type
configure:5444: result: x86_64-pc-linux-gnu
configure:5464: checking host system type
configure:5477: result: x86_64-pc-linux-gnu
configure:5518: checking how to print strings
configure:5545: result: printf
configure:5566: checking for a sed that does not truncate output
configure:5630: result: /usr/bin/sed
configure:5648: checking for fgrep
configure:5710: result: /usr/bin/grep -F
configure:5745: checking for ld used by gcc
configure:5812: result: ld
configure:5819: checking if the linker (ld) is GNU ld
configure:5834: result: yes
configure:5846: checking for BSD- or MS-compatible name lister (nm)
configure:5895: result: nm
configure:6025: checking the name lister (nm) interface
configure:6045: result: BSD nm
configure:6048: checking whether ln -s works
configure:6052: result: yes
configure:6060: checking the maximum length of command line arguments
configure:6185: result: 1572864
configure:6202: checking whether the shell understands some XSI constructs
configure:6212: result: yes
configure:6216: checking whether the shell understands "+="
configure:6222: result: yes
configure:6257: checking for ld option to reload object files
configure:6264: result: -r
configure:6293: checking for x86_64-pc-linux-gnu-objdump
configure:6320: result: objdump
configure:6392: checking how to recognize dependent libraries
configure:6593: result: pass_all
configure:6613: checking for x86_64-pc-linux-gnu-ar
configure:6640: result: ar
configure:6718: checking for x86_64-pc-linux-gnu-strip
configure:6748: result: no
configure:6758: checking for strip
configure:6785: result: strip
configure:6817: checking for x86_64-pc-linux-gnu-ranlib
configure:6844: result: ranlib
configure:6986: checking command to parse nm output from gcc object
configure:7209: result: ok
configure:7304: gcc -c -g -O2  conftest.c >&5
configure:7307: $? = 0
configure:8057: checking for dlfcn.h
configure:8057: result: yes
configure:8214: checking for objdir
configure:8229: result: .libs
configure:8500: checking if gcc supports -fno-rtti -fno-exceptions
configure:8535: result: no
configure:8555: checking for gcc option to produce PIC
configure:8841: result: -fPIC -DPIC
configure:8853: checking if gcc PIC flag -fPIC -DPIC works
configure:8888: result: yes
configure:8912: checking if gcc static flag -static works
configure:8940: result: yes
configure:8955: checking if gcc supports -c -o file.o
configure:9002: result: yes
configure:9010: checking if gcc supports -c -o file.o
configure:9057: result: yes
configure:9090: checking whether the gcc linker (ld -m elf_x86_64) supports shared libraries
configure:10161: result: yes
configure:10198: checking whether -lc should be explicitly linked in
configure:10241: result: no
configure:10406: checking dynamic linker characteristics
configure:11079: result: GNU/Linux ld.so
configure:11186: checking how to hardcode library paths into programs
configure:11211: result: immediate
configure:11751: checking whether stripping libraries is possible
configure:11756: result: yes
configure:11791: checking if libtool supports shared libraries
configure:11793: result: yes
configure:11796: checking whether to build shared libraries
configure:11817: result: yes
configure:11820: checking whether to build static libraries
configure:11824: result: yes
configure:11866: checking for special C compiler options needed for large files
configure:11911: result: no
configure:11917: checking for _FILE_OFFSET_BITS value needed for large files
configure:11974: result: no
configure:12065: checking for aclocal
configure:12092: result: ${SHELL} /home/sebastien/Bureau/Kot/Toolchain/sources/binutils-2.35/missing aclocal-1.15
configure:12108: checking for autoconf
configure:12135: result: ${SHELL} /home/sebastien/Bureau/Kot/Toolchain/sources/binutils-2.35/missing autoconf
configure:12151: checking for autoheader
configure:12178: result: ${SHELL} /home/sebastien/Bureau/Kot/Toolchain/sources/binutils-2.35/missing autoheader
configure:12212: checking whether gcc supports -W
configure:12238: result: yes
configure:12212: checking whether gcc supports -Wall
configure:12238: result: yes
configure:12212: checking whether gcc supports -Wnarrowing
configure:12238: result: yes
configure:12212: checking whether gcc supports -Wwrite-strings
configure:12238: result: yes
configure:12212: checking whether gcc supports -Wmissing-format-attribute
configure:12238: result: yes
configure:12270: checking whether gcc supports -Wstrict-prototypes
configure:12296: result: yes
configure:12270: checking whether gcc supports -Wmissing-prototypes
configure:12296: result: yes
configure:12270: checking whether gcc supports -Wold-style-definition
configure:12296: result: yes
configure:12320: checking whether gcc supports -pedantic -Wlong-long
configure:12346: result: yes
configure:12390: checking whether to enable maintainer-specific portions of Makefiles
configure:12399: result: no
configure:12427: checking whether to install libbfd
configure:12440: result: yes
configure:12485: checking whether gcc supports -Wall
configure:12511: result: yes
configure:12532: checking for stdlib.h
configure:12532: result: yes
configure:12532: checking for unistd.h
configure:12532: result: yes
configure:12532: checking for sys/param.h
configure:12532: result: yes
configure:12552: checking for getpagesize
configure:12552: result: yes
configure:12561: checking for working mmap
configure:12718: result: yes
configure:12728: checking for library containing dlopen
configure:12776: result: none required
configure:12814: checking for ELF support in BFD
configure:12841: result: yes
configure:12853: checking whether byte ordering is bigendian
configure:13059: result: no
configure:13080: checking for byteswap.h
configure:13080: result: yes
configure:13080: checking for endian.h
configure:13080: result: yes
configure:13092: checking for pread
configure:13092: result: yes
configure:13102: checking whether asprintf is declared
configure:13102: result: yes
configure:13113: checking whether bswap_16 is declared
configure:13113: result: yes
configure:13124: checking whether bswap_32 is declared
configure:13124: result: yes
configure:13135: checking whether bswap_64 is declared
configure:13135: result: yes
configure:13154: checking for qsort_r
configure:13154: result: yes
configure:13167: checking for qsort_r signature
configure:13227: result: GNU
configure:13250: checking for O_CLOEXEC
configure:13278: result: yes
configure:13448: checking that generated files are newer than configure
configure:13454: result: done
configure:13490: creating ./config.status

## ---------------------- ##
## Running config.status. ##
## ---------------------- ##

This file was extended by libctf library config.status 1.2.0-pre, which was
generated by GNU Autoconf 2.69.  Invocation command line was

  CONFIG_FILES    = 
  CONFIG_HEADERS  = 
  CONFIG_LINKS    = 
  CONFIG_COMMANDS = 
  $ ./config.status 

on sebastien

config.status:1124: creating Makefile
config.status:1124: creating config.h
config.status:1290: config.h is unchanged
config.status:1338: executing depfiles commands
config.status:1338: executing libtool commands

## ---------------- ##
## Cache variables. ##
## ---------------- ##

ac_cv_build=x86_64-pc-linux-gnu
ac_cv_c_bigendian=no
ac_cv_c_compiler_gnu=yes
ac_cv_env_CC_set=set
ac_cv_env_CC_value=gcc
ac_cv_env_CFLAGS_set=set
ac_cv_env_CFLAGS_value='-g -O2'
ac_cv_env_CPPFLAGS_set=
ac_cv_env_CPPFLAGS_value=
ac_cv_env_CPP_set=
ac_cv_env_CPP_value=
ac_cv_env_LDFLAGS_set=set
ac_cv_env_LDFLAGS_value=' '
ac_cv_env_LIBS_set=
ac_cv_env_LIBS_value=
ac_cv_env_build_alias_set=set
ac_cv_env_build_alias_value=x86_64-pc-linux-gnu
ac_cv_env_host_alias_set=set
ac_cv_env_host_alias_value=x86_64-pc-linux-gnu
ac_cv_env_target_alias_set=set
ac_cv_env_target_alias_value=x86_64-kot
ac_cv_func_getpagesize=yes
ac_cv_func_mmap_fixed_mapped=yes
ac_cv_func_pread=yes
ac_cv_func_qsort_r=yes
ac_cv_have_decl_asprintf=yes
ac_cv_have_decl_bswap_16=yes
ac_cv_have_decl_bswap_32=yes
ac_cv_have_decl_bswap_64=yes
ac_cv_header_byteswap_h=yes
ac_cv_header_dlfcn_h=yes
ac_cv_header_endian_h=yes
ac_cv_header_inttypes_h=yes
ac_cv_header_memory_h=yes
ac_cv_header_minix_config_h=no
ac_cv_header_stdc=yes
ac_cv_header_stdint_h=yes
ac_cv_header_stdlib_h=yes
ac_cv_header_string_h=yes
ac_cv_header_strings_h=yes
ac_cv_header_sys_param_h=yes
ac_cv_header_sys_stat_h=yes
ac_cv_header_sys_types_h=yes
ac_cv_header_unistd_h=yes
ac_cv_host=x86_64-pc-linux-gnu
ac_cv_libctf_bfd_elf=yes
ac_cv_libctf_macro_O_CLOEXEC=yes
ac_cv_libctf_qsort_r_signature=GNU
ac_cv_objext=o
ac_cv_path_EGREP='/usr/bin/grep -E'
ac_cv_path_FGREP='/usr/bin/grep -F'
ac_cv_path_GREP=/usr/bin/grep
ac_cv_path_SED=/usr/bin/sed
ac_cv_path_mkdir=/usr/bin/mkdir
ac_cv_prog_ACLOCAL='${SHELL} /home/sebastien/Bureau/Kot/Toolchain/sources/binutils-2.35/missing aclocal-1.15'
ac_cv_prog_AR=ar
ac_cv_prog_AUTOCONF='${SHELL} /home/sebastien/Bureau/Kot/Toolchain/sources/binutils-2.35/missing autoconf'
ac_cv_prog_AUTOHEADER='${SHELL} /home/sebastien/Bureau/Kot/Toolchain/sources/binutils-2.35/missing autoheader'
ac_cv_prog_AWK=gawk
ac_cv_prog_CC=gcc
ac_cv_prog_CPP='gcc -E'
ac_cv_prog_OBJDUMP=objdump
ac_cv_prog_RANLIB=ranlib
ac_cv_prog_ac_ct_STRIP=strip
ac_cv_prog_cc_c89=
ac_cv_prog_cc_g=yes
ac_cv_prog_make_make_set=yes
ac_cv_safe_to_define___extensions__=yes
ac_cv_search_dlopen='none required'
ac_cv_sys_file_offset_bits=no
ac_cv_sys_largefile_CC=no
acx_cv_prog_cc_pedantic__Wlong_long=yes
acx_cv_prog_cc_warning__W=yes
acx_cv_prog_cc_warning__Wall=yes
acx_cv_prog_cc_warning__Wmissing_format_attribute=yes
acx_cv_prog_cc_warning__Wmissing_prototypes=yes
acx_cv_prog_cc_warning__Wnarrowing=yes
acx_cv_prog_cc_warning__Wold_style_definition=yes
acx_cv_prog_cc_warning__Wstrict_prototypes=yes
acx_cv_prog_cc_warning__Wwrite_strings=yes
am_cv_CC_dependencies_compiler_type=gcc3
am_cv_ar_interface=ar
am_cv_make_support_nested_variables=yes
am_cv_prog_cc_c_o=yes
lt_cv_archive_cmds_need_lc=no
lt_cv_deplibs_check_method=pass_all
lt_cv_file_magic_cmd='$MAGIC_CMD'
lt_cv_file_magic_test_file=
lt_cv_ld_reload_flag=-r
lt_cv_nm_interface='BSD nm'
lt_cv_objdir=.libs
lt_cv_path_LD=ld
lt_cv_path_NM=nm
lt_cv_prog_compiler_c_o=yes
lt_cv_prog_compiler_pic_works=yes
lt_cv_prog_compiler_rtti_exceptions=no
lt_cv_prog_compiler_static_works=yes
lt_cv_prog_gnu_ld=yes
lt_cv_shlibpath_overrides_runpath=yes
lt_cv_sys_global_symbol_pipe='sed -n -e '\''s/^.*[	 ]\([ABCDGIRSTW][ABCDGIRSTW]*\)[	 ][	 ]*\([_A-Za-z][_A-Za-z0-9]*\)$/\1 \2 \2/p'\'''
lt_cv_sys_global_symbol_to_c_name_address='sed -n -e '\''s/^: \([^ ]*\) $/  {\"\1\", (void *) 0},/p'\'' -e '\''s/^[ABCDGIRSTW]* \([^ ]*\) \([^ ]*\)$/  {"\2", (void *) \&\2},/p'\'''
lt_cv_sys_global_symbol_to_c_name_address_lib_prefix='sed -n -e '\''s/^: \([^ ]*\) $/  {\"\1\", (void *) 0},/p'\'' -e '\''s/^[ABCDGIRSTW]* \([^ ]*\) \(lib[^ ]*\)$/  {"\2", (void *) \&\2},/p'\'' -e '\''s/^[ABCDGIRSTW]* \([^ ]*\) \([^ ]*\)$/  {"lib\2", (void *) \&\2},/p'\'''
lt_cv_sys_global_symbol_to_cdecl='sed -n -e '\''s/^T .* \(.*\)$/extern int \1();/p'\'' -e '\''s/^[ABCDGIRSTW]* .* \(.*\)$/extern char \1;/p'\'''
lt_cv_sys_max_cmd_len=1572864

## ----------------- ##
## Output variables. ##
## ----------------- ##

ACLOCAL='${SHELL} /home/sebastien/Bureau/Kot/Toolchain/sources/binutils-2.35/missing aclocal-1.15'
AMDEPBACKSLASH='\'
AMDEP_FALSE='#'
AMDEP_TRUE=''
AMTAR='$${TAR-tar}'
AM_BACKSLASH='\'
AM_DEFAULT_V='$(AM_DEFAULT_VERBOSITY)'
AM_DEFAULT_VERBOSITY='1'
AM_V='$(V)'
AR='ar'
AUTOCONF='${SHELL} /home/sebastien/Bureau/Kot/Toolchain/sources/binutils-2.35/missing autoconf'
AUTOHEADER='${SHELL} /home/sebastien/Bureau/Kot/Toolchain/sources/binutils-2.35/missing autoheader'
AUTOMAKE='${SHELL} /home/sebastien/Bureau/Kot/Toolchain/sources/binutils-2.35/missing automake-1.15'
AWK='gawk'
BFD_DEPENDENCIES='../bfd/libbfd.la'
BFD_LIBADD='-Wl,/home/sebastien/Bureau/Kot/Toolchain/sources/binutils-2.35/bin/libctf/../bfd/.libs/libbfd.so'
CATALOGS=''
CATOBJEXT=''
CC='gcc'
CCDEPMODE='depmode=gcc3'
CFLAGS='-g -O2'
CPP='gcc -E'
CPPFLAGS=''
CYGPATH_W='echo'
DATADIRNAME=''
DEFS='-DHAVE_CONFIG_H'
DEPDIR='.deps'
DSYMUTIL=''
DUMPBIN=''
ECHO_C=''
ECHO_N='-n'
ECHO_T=''
EGREP='/usr/bin/grep -E'
EXEEXT=''
FGREP='/usr/bin/grep -F'
GENCAT=''
GMSGFMT='/usr/bin/msgfmt'
GREP='/usr/bin/grep'
INCINTL=''
INSTALL_DATA='/usr/bin/install -c -m 644'
INSTALL_LIBBFD_FALSE='#'
INSTALL_LIBBFD_TRUE=''
INSTALL_PROGRAM='/usr/bin/install -c'
INSTALL_SCRIPT='/usr/bin/install -c'
INSTALL_STRIP_PROGRAM='$(install_sh) -c -s'
INSTOBJEXT=''
LD='ld -m elf_x86_64'
LDFLAGS=' '
LIBINTL=''
LIBINTL_DEP=''
LIBOBJS=''
LIBS=''
LIBTOOL='$(SHELL) $(top_builddir)/libtool'
LIPO=''
LN_S='ln -s'
LTLIBOBJS=''
MAINT='#'
MAINTAINER_MODE_FALSE=''
MAINTAINER_MODE_TRUE='#'
MAKEINFO='makeinfo --split-size=5000000'
MKDIR_P='/usr/bin/mkdir -p'
NEED_CTF_QSORT_R_FALSE=''
NEED_CTF_QSORT_R_TRUE='#'
NM='nm'
NMEDIT=''
OBJDUMP='objdump'
OBJEXT='o'
OTOOL64=''
OTOOL=''
PACKAGE='libctf-library'
PACKAGE_BUGREPORT=''
PACKAGE_NAME='libctf library'
PACKAGE_STRING='libctf library 1.2.0-pre'
PACKAGE_TARNAME='libctf-library'
PACKAGE_URL=''
PACKAGE_VERSION='1.2.0-pre'
PATH_SEPARATOR=':'
POSUB=''
RANLIB='ranlib'
SED='/usr/bin/sed'
SET_MAKE=''
SHARED_LDFLAGS=''
SHARED_LIBADD='-L/home/sebastien/Bureau/Kot/Toolchain/sources/binutils-2.35/bin/libctf/../libiberty/pic -liberty'
SHELL='/bin/bash'
STRIP='strip'
USE_NLS='no'
VERSION='1.2.0-pre'
VERSION_FLAGS='-Wl,--version-script='\''../../libctf/libctf.ver'\'''
WARN_PEDANTIC='-pedantic -Wno-long-long'
WERROR=''
XGETTEXT='/usr/bin/xgettext'
ac_ct_AR=''
ac_ct_CC=''
ac_ct_DUMPBIN=''
ac_libctf_warn_cflags='-Wall'
am__EXEEXT_FALSE=''
am__EXEEXT_TRUE='#'
am__fastdepCC_FALSE='#'
am__fastdepCC_TRUE=''
am__include='include'
am__isrc=' -I$(srcdir)'
am__leading_dot='.'
am__nodep='_no'
am__quote=''
am__tar='$${TAR-tar} chof - "$$tardir"'
am__untar='$${TAR-tar} xf -'
bfdincludedir='$(exec_prefix)/$(host_noncanonical)/$(target_noncanonical)/include'
bfdlibdir='$(exec_prefix)/$(host_noncanonical)/$(target_noncanonical)/lib'
bindir='${exec_prefix}/bin'
build='x86_64-pc-linux-gnu'
build_alias='x86_64-pc-linux-gnu'
build_cpu='x86_64'
build_os='linux-gnu'
build_vendor='pc'
c_warn='-Wstrict-prototypes -Wmissing-prototypes -Wold-style-definition'
datadir='${datarootdir}'
datarootdir='${prefix}/share'
docdir='${datarootdir}/doc/${PACKAGE_TARNAME}'
dvidir='${docdir}'
exec_prefix='${prefix}'
host='x86_64-pc-linux-gnu'
host_alias='x86_64-pc-linux-gnu'
host_cpu='x86_64'
host_noncanonical='x86_64-pc-linux-gnu'
host_os='linux-gnu'
host_vendor='pc'
htmldir='${docdir}'
includedir='${prefix}/include'
infodir='${datarootdir}/info'
install_sh='${SHELL} /home/sebastien/Bureau/Kot/Toolchain/sources/binutils-2.35/install-sh'
libdir='${exec_prefix}/lib'
libexecdir='${exec_prefix}/libexec'
localedir='${datarootdir}/locale'
localstatedir='${prefix}/var'
mandir='${datarootdir}/man'
mkdir_p='$(MKDIR_P)'
oldincludedir='/usr/include'
pdfdir='${docdir}'
prefix='/home/sebastien/Bureau/Kot/Toolchain/Local'
program_transform_name='s&^&x86_64-kot-&'
psdir='${docdir}'
sbindir='${exec_prefix}/sbin'
sharedstatedir='${prefix}/com'
sysconfdir='${prefix}/etc'
target_alias='x86_64-kot'
target_noncanonical='x86_64-kot'
warn='-W -Wall -Wno-narrowing -Wwrite-strings -Wmissing-format-attribute'
zlibdir='-L$(top_builddir)/../zlib'
zlibinc='-I$(top_srcdir)/../zlib'

## ----------- ##
## confdefs.h. ##
## ----------- ##

/* confdefs.h */
#define PACKAGE_NAME "libctf library"
#define PACKAGE_TARNAME "libctf-library"
#define PACKAGE_VERSION "1.2.0-pre"
#define PACKAGE_STRING "libctf library 1.2.0-pre"
#define PACKAGE_BUGREPORT ""
#define PACKAGE_URL ""
#define STDC_HEADERS 1
#define HAVE_SYS_TYPES_H 1
#define HAVE_SYS_STAT_H 1
#define HAVE_STDLIB_H 1
#define HAVE_STRING_H 1
#define HAVE_MEMORY_H 1
#define HAVE_STRINGS_H 1
#define HAVE_INTTYPES_H 1
#define HAVE_STDINT_H 1
#define HAVE_UNISTD_H 1
#define __EXTENSIONS__ 1
#define _ALL_SOURCE 1
#define _GNU_SOURCE 1
#define _POSIX_PTHREAD_SEMANTICS 1
#define _TANDEM_SOURCE 1
#define PACKAGE "libctf-library"
#define VERSION "1.2.0-pre"
#define HAVE_DLFCN_H 1
#define LT_OBJDIR ".libs/"
#define HAVE_STDLIB_H 1
#define HAVE_UNISTD_H 1
#define HAVE_SYS_PARAM_H 1
#define HAVE_GETPAGESIZE 1
#define HAVE_MMAP 1
#define HAVE_BFD_ELF 1
#define HAVE_BYTESWAP_H 1
#define HAVE_ENDIAN_H 1
#define HAVE_PREAD 1
#define HAVE_DECL_ASPRINTF 1
#define HAVE_DECL_BSWAP_16 1
#define HAVE_DECL_BSWAP_32 1
#define HAVE_DECL_BSWAP_64 1
#define HAVE_QSORT_R 1
#define HAVE_QSORT_R_ARG_LAST 1
#define HAVE_O_CLOEXEC 1

configure: exit 0
