This file contains any messages produced by compilers while
running configure, to aid debugging if configure makes a mistake.

It was created by gas configure 2.35, which was
generated by GNU Autoconf 2.69.  Invocation command line was

  $ /home/sebastien/Bureau/Kot/Toolchain/sources/binutils-2.35/gas/configure --srcdir=../../gas --cache-file=./config.cache --with-gnu-as --with-gnu-ld --prefix=/home/sebastien/Bureau/Kot/Toolchain/Local --with-sysroot=/home/sebastien/Bureau/Kot/Sysroot --disable-nls --disable-werror --enable-shared --program-transform-name=s&^&x86_64-kot-& --disable-option-checking --build=x86_64-pc-linux-gnu --host=x86_64-pc-linux-gnu --target=x86_64-kot

## --------- ##
## Platform. ##
## --------- ##

hostname = sebastien
uname -m = x86_64
uname -r = 5.17.0-5.1-liquorix-amd64
uname -s = Linux
uname -v = #1 ZEN SMP PREEMPT liquorix 5.17-9ubuntu1~impish (2022-04-27)

/usr/bin/uname -p = x86_64
/bin/uname -X     = unknown

/bin/arch              = x86_64
/usr/bin/arch -k       = unknown
/usr/convex/getsysinfo = unknown
/usr/bin/hostinfo      = unknown
/bin/machine           = unknown
/usr/bin/oslevel       = unknown
/bin/universe          = unknown

PATH: /usr/local/sbin
PATH: /usr/local/bin
PATH: /usr/sbin
PATH: /usr/bin
PATH: /sbin
PATH: /bin
PATH: /snap/bin
PATH: /home/sebastien/Bureau/Kot/Toolchain/Local/bin


## ----------- ##
## Core tests. ##
## ----------- ##

configure:2311: loading cache ./config.cache
configure:2430: checking build system type
configure:2444: result: x86_64-pc-linux-gnu
configure:2464: checking host system type
configure:2477: result: x86_64-pc-linux-gnu
configure:2497: checking target system type
configure:2510: result: x86_64-pc-kot
configure:2547: checking for x86_64-pc-linux-gnu-gcc
configure:2574: result: gcc
configure:2843: checking for C compiler version
configure:2852: gcc --version >&5
gcc (Ubuntu 11.2.0-19ubuntu1) 11.2.0
Copyright (C) 2021 Free Software Foundation, Inc.
This is free software; see the source for copying conditions.  There is NO
warranty; not even for MERCHANTABILITY or FITNESS FOR A PARTICULAR PURPOSE.

configure:2863: $? = 0
configure:2852: gcc -v >&5
Using built-in specs.
COLLECT_GCC=gcc
COLLECT_LTO_WRAPPER=/usr/lib/gcc/x86_64-linux-gnu/11/lto-wrapper
OFFLOAD_TARGET_NAMES=nvptx-none:amdgcn-amdhsa
OFFLOAD_TARGET_DEFAULT=1
Target: x86_64-linux-gnu
Configured with: ../src/configure -v --with-pkgversion='Ubuntu 11.2.0-19ubuntu1' --with-bugurl=file:///usr/share/doc/gcc-11/README.Bugs --enable-languages=c,ada,c++,go,brig,d,fortran,objc,obj-c++,m2 --prefix=/usr --with-gcc-major-version-only --program-suffix=-11 --program-prefix=x86_64-linux-gnu- --enable-shared --enable-linker-build-id --libexecdir=/usr/lib --without-included-gettext --enable-threads=posix --libdir=/usr/lib --enable-nls --enable-bootstrap --enable-clocale=gnu --enable-libstdcxx-debug --enable-libstdcxx-time=yes --with-default-libstdcxx-abi=new --enable-gnu-unique-object --disable-vtable-verify --enable-plugin --enable-default-pie --with-system-zlib --enable-libphobos-checking=release --with-target-system-zlib=auto --enable-objc-gc=auto --enable-multiarch --disable-werror --enable-cet --with-arch-32=i686 --with-abi=m64 --with-multilib-list=m32,m64,mx32 --enable-multilib --with-tune=generic --enable-offload-targets=nvptx-none=/build/gcc-11-gBFGDP/gcc-11-11.2.0/debian/tmp-nvptx/usr,amdgcn-amdhsa=/build/gcc-11-gBFGDP/gcc-11-11.2.0/debian/tmp-gcn/usr --without-cuda-driver --enable-checking=release --build=x86_64-linux-gnu --host=x86_64-linux-gnu --target=x86_64-linux-gnu --with-build-config=bootstrap-lto-lean --enable-link-serialization=2
Thread model: posix
Supported LTO compression algorithms: zlib zstd
gcc version 11.2.0 (Ubuntu 11.2.0-19ubuntu1) 
... rest of stderr output deleted ...
configure:2863: $? = 0
configure:2852: gcc -V >&5
gcc: error: unrecognized command-line option '-V'
gcc: fatal error: no input files
compilation terminated.
configure:2863: $? = 1
configure:2852: gcc -qversion >&5
gcc: error: unrecognized command-line option '-qversion'; did you mean '--version'?
gcc: fatal error: no input files
compilation terminated.
configure:2863: $? = 1
configure:2883: checking whether the C compiler works
configure:2905: gcc -g -O2    conftest.c  >&5
configure:2909: $? = 0
configure:2957: result: yes
configure:2960: checking for C compiler default output file name
configure:2962: result: a.out
configure:2968: checking for suffix of executables
configure:2975: gcc -o conftest -g -O2    conftest.c  >&5
configure:2979: $? = 0
configure:3001: result: 
configure:3023: checking whether we are cross compiling
configure:3031: gcc -o conftest -g -O2    conftest.c  >&5
configure:3035: $? = 0
configure:3042: ./conftest
configure:3046: $? = 0
configure:3061: result: no
configure:3066: checking for suffix of object files
configure:3113: result: o
configure:3117: checking whether we are using the GNU C compiler
configure:3145: result: yes
configure:3154: checking whether gcc accepts -g
configure:3215: result: yes
configure:3232: checking for gcc option to accept ISO C89
configure:3308: result: none needed
configure:3333: checking whether gcc understands -c and -o together
configure:3370: result: yes
configure:3388: checking for library containing strerror
configure:3436: result: none required
configure:3461: checking for a BSD-compatible install
configure:3529: result: /usr/bin/install -c
configure:3540: checking whether build environment is sane
configure:3595: result: yes
configure:3743: checking for a thread-safe mkdir -p
configure:3782: result: /usr/bin/mkdir -p
configure:3789: checking for gawk
configure:3816: result: gawk
configure:3827: checking whether make sets $(MAKE)
configure:3849: result: yes
configure:3879: checking for style of include used by make
configure:3907: result: GNU
configure:3941: checking whether make supports nested variables
configure:3958: result: yes
configure:4043: checking dependency style of gcc
configure:4154: result: gcc3
configure:4221: checking for x86_64-pc-linux-gnu-gcc
configure:4248: result: gcc
configure:4517: checking for C compiler version
configure:4526: gcc --version >&5
gcc (Ubuntu 11.2.0-19ubuntu1) 11.2.0
Copyright (C) 2021 Free Software Foundation, Inc.
This is free software; see the source for copying conditions.  There is NO
warranty; not even for MERCHANTABILITY or FITNESS FOR A PARTICULAR PURPOSE.

configure:4537: $? = 0
configure:4526: gcc -v >&5
Using built-in specs.
COLLECT_GCC=gcc
COLLECT_LTO_WRAPPER=/usr/lib/gcc/x86_64-linux-gnu/11/lto-wrapper
OFFLOAD_TARGET_NAMES=nvptx-none:amdgcn-amdhsa
OFFLOAD_TARGET_DEFAULT=1
Target: x86_64-linux-gnu
Configured with: ../src/configure -v --with-pkgversion='Ubuntu 11.2.0-19ubuntu1' --with-bugurl=file:///usr/share/doc/gcc-11/README.Bugs --enable-languages=c,ada,c++,go,brig,d,fortran,objc,obj-c++,m2 --prefix=/usr --with-gcc-major-version-only --program-suffix=-11 --program-prefix=x86_64-linux-gnu- --enable-shared --enable-linker-build-id --libexecdir=/usr/lib --without-included-gettext --enable-threads=posix --libdir=/usr/lib --enable-nls --enable-bootstrap --enable-clocale=gnu --enable-libstdcxx-debug --enable-libstdcxx-time=yes --with-default-libstdcxx-abi=new --enable-gnu-unique-object --disable-vtable-verify --enable-plugin --enable-default-pie --with-system-zlib --enable-libphobos-checking=release --with-target-system-zlib=auto --enable-objc-gc=auto --enable-multiarch --disable-werror --enable-cet --with-arch-32=i686 --with-abi=m64 --with-multilib-list=m32,m64,mx32 --enable-multilib --with-tune=generic --enable-offload-targets=nvptx-none=/build/gcc-11-gBFGDP/gcc-11-11.2.0/debian/tmp-nvptx/usr,amdgcn-amdhsa=/build/gcc-11-gBFGDP/gcc-11-11.2.0/debian/tmp-gcn/usr --without-cuda-driver --enable-checking=release --build=x86_64-linux-gnu --host=x86_64-linux-gnu --target=x86_64-linux-gnu --with-build-config=bootstrap-lto-lean --enable-link-serialization=2
Thread model: posix
Supported LTO compression algorithms: zlib zstd
gcc version 11.2.0 (Ubuntu 11.2.0-19ubuntu1) 
... rest of stderr output deleted ...
configure:4537: $? = 0
configure:4526: gcc -V >&5
gcc: error: unrecognized command-line option '-V'
gcc: fatal error: no input files
compilation terminated.
configure:4537: $? = 1
configure:4526: gcc -qversion >&5
gcc: error: unrecognized command-line option '-qversion'; did you mean '--version'?
gcc: fatal error: no input files
compilation terminated.
configure:4537: $? = 1
configure:4541: checking whether we are using the GNU C compiler
configure:4569: result: yes
configure:4578: checking whether gcc accepts -g
configure:4639: result: yes
configure:4656: checking for gcc option to accept ISO C89
configure:4732: result: none needed
configure:4757: checking whether gcc understands -c and -o together
configure:4794: result: yes
configure:4816: checking how to run the C preprocessor
configure:4886: result: gcc -E
configure:4906: gcc -E  conftest.c
configure:4906: $? = 0
configure:4920: gcc -E  conftest.c
conftest.c:11:10: fatal error: ac_nonexistent.h: No such file or directory
   11 | #include <ac_nonexistent.h>
      |          ^~~~~~~~~~~~~~~~~~
compilation terminated.
configure:4920: $? = 1
configure: failed program was:
| /* confdefs.h */
| #define PACKAGE_NAME "gas"
| #define PACKAGE_TARNAME "gas"
| #define PACKAGE_VERSION "2.35"
| #define PACKAGE_STRING "gas 2.35"
| #define PACKAGE_BUGREPORT ""
| #define PACKAGE_URL ""
| #define PACKAGE "gas"
| #define VERSION "2.35"
| /* end confdefs.h.  */
| #include <ac_nonexistent.h>
configure:4949: checking for grep that handles long lines and -e
configure:5007: result: /usr/bin/grep
configure:5012: checking for egrep
configure:5074: result: /usr/bin/grep -E
configure:5079: checking for ANSI C header files
configure:5183: result: yes
configure:5196: checking for sys/types.h
configure:5196: result: yes
configure:5196: checking for sys/stat.h
configure:5196: result: yes
configure:5196: checking for stdlib.h
configure:5196: result: yes
configure:5196: checking for string.h
configure:5196: result: yes
configure:5196: checking for memory.h
configure:5196: result: yes
configure:5196: checking for strings.h
configure:5196: result: yes
configure:5196: checking for inttypes.h
configure:5196: result: yes
configure:5196: checking for stdint.h
configure:5196: result: yes
configure:5196: checking for unistd.h
configure:5196: result: yes
configure:5209: checking for minix/config.h
configure:5209: result: no
configure:5230: checking whether it is safe to define __EXTENSIONS__
configure:5255: result: yes
configure:5318: checking how to print strings
configure:5345: result: printf
configure:5366: checking for a sed that does not truncate output
configure:5430: result: /usr/bin/sed
configure:5448: checking for fgrep
configure:5510: result: /usr/bin/grep -F
configure:5545: checking for ld used by gcc
configure:5612: result: ld
configure:5619: checking if the linker (ld) is GNU ld
configure:5634: result: yes
configure:5646: checking for BSD- or MS-compatible name lister (nm)
configure:5695: result: nm
configure:5825: checking the name lister (nm) interface
configure:5845: result: BSD nm
configure:5848: checking whether ln -s works
configure:5852: result: yes
configure:5860: checking the maximum length of command line arguments
configure:5985: result: 1572864
configure:6002: checking whether the shell understands some XSI constructs
configure:6012: result: yes
configure:6016: checking whether the shell understands "+="
configure:6022: result: yes
configure:6057: checking for ld option to reload object files
configure:6064: result: -r
configure:6093: checking for x86_64-pc-linux-gnu-objdump
configure:6120: result: objdump
configure:6192: checking how to recognize dependent libraries
configure:6393: result: pass_all
configure:6413: checking for x86_64-pc-linux-gnu-ar
configure:6440: result: ar
configure:6518: checking for x86_64-pc-linux-gnu-strip
configure:6548: result: no
configure:6558: checking for strip
configure:6585: result: strip
configure:6617: checking for x86_64-pc-linux-gnu-ranlib
configure:6644: result: ranlib
configure:6786: checking command to parse nm output from gcc object
configure:7009: result: ok
configure:7104: gcc -c -g -O2  conftest.c >&5
configure:7107: $? = 0
configure:7857: checking for dlfcn.h
configure:7857: result: yes
configure:8044: checking for objdir
configure:8059: result: .libs
configure:8330: checking if gcc supports -fno-rtti -fno-exceptions
configure:8365: result: no
configure:8385: checking for gcc option to produce PIC
configure:8671: result: -fPIC -DPIC
configure:8683: checking if gcc PIC flag -fPIC -DPIC works
configure:8718: result: yes
configure:8742: checking if gcc static flag -static works
configure:8770: result: yes
configure:8785: checking if gcc supports -c -o file.o
configure:8832: result: yes
configure:8840: checking if gcc supports -c -o file.o
configure:8887: result: yes
configure:8920: checking whether the gcc linker (ld -m elf_x86_64) supports shared libraries
configure:9991: result: yes
configure:10028: checking whether -lc should be explicitly linked in
configure:10071: result: no
configure:10236: checking dynamic linker characteristics
configure:10909: result: GNU/Linux ld.so
configure:11016: checking how to hardcode library paths into programs
configure:11041: result: immediate
configure:11581: checking whether stripping libraries is possible
configure:11586: result: yes
configure:11621: checking if libtool supports shared libraries
configure:11623: result: yes
configure:11626: checking whether to build shared libraries
configure:11647: result: yes
configure:11650: checking whether to build static libraries
configure:11654: result: yes
configure:11702: checking for dlfcn.h
configure:11702: result: yes
configure:11715: checking for windows.h
configure:11715: result: no
configure:11742: checking for library containing dlsym
configure:11790: result: none required
configure:11821: checking for special C compiler options needed for large files
configure:11866: result: no
configure:11872: checking for _FILE_OFFSET_BITS value needed for large files
configure:11929: result: no
configure:12015: checking how to compare bootstrapped objects
configure:12040: result: cmp --ignore-initial=16 $$f1 $$f2
configure:12345: checking whether byte ordering is bigendian
configure:12551: result: no
configure:13483: checking for bison
configure:13510: result: bison -y
configure:13526: checking for flex
configure:13553: result: flex
configure:13592: flex conftest.l
configure:13596: $? = 0
configure:13598: checking lex output file root
configure:13612: result: lex.yy
configure:13617: checking lex library
configure:13641: result: -lfl
configure:13647: checking whether yytext is a pointer
configure:13672: result: yes
configure:13700: checking whether NLS is requested
configure:13703: result: no
configure:13771: checking whether NLS is requested
configure:13780: result: no
configure:13818: checking for msgfmt
configure:13849: result: /usr/bin/msgfmt
configure:13858: checking for gmsgfmt
configure:13889: result: /usr/bin/msgfmt
configure:13929: checking for xgettext
configure:13960: result: /usr/bin/xgettext
configure:14000: checking for msgmerge
configure:14030: result: /usr/bin/msgmerge
configure:14067: checking whether to enable maintainer-specific portions of Makefiles
configure:14076: result: no
configure:14102: checking for string.h
configure:14102: result: yes
configure:14102: checking for stdlib.h
configure:14102: result: yes
configure:14102: checking for memory.h
configure:14102: result: yes
configure:14102: checking for strings.h
configure:14102: result: yes
configure:14102: checking for unistd.h
configure:14102: result: yes
configure:14102: checking for errno.h
configure:14102: result: yes
configure:14102: checking for sys/types.h
configure:14102: result: yes
configure:14102: checking for limits.h
configure:14102: result: yes
configure:14102: checking for locale.h
configure:14102: result: yes
configure:14102: checking for time.h
configure:14102: result: yes
configure:14102: checking for sys/stat.h
configure:14102: result: yes
configure:14112: checking whether string.h and strings.h may both be included
configure:14136: result: yes
configure:14147: checking whether compiling a cross-assembler
configure:14157: result: yes
configure:14160: checking for size_t
configure:14160: result: yes
configure:14173: checking for working alloca.h
configure:14198: result: yes
configure:14206: checking for alloca
configure:14251: result: yes
configure:14357: checking for inline
configure:14381: result: inline
configure:14404: checking for unlink
configure:14404: result: yes
configure:14416: checking for sbrk
configure:14416: result: yes
configure:14416: checking for setlocale
configure:14416: result: yes
configure:14427: checking for strsignal
configure:14427: result: yes
configure:14438: checking for LC_MESSAGES
configure:14462: result: yes
configure:14613: checking for working assert macro
configure:14646: result: yes
configure:14678: checking whether declaration is required for errno
configure:14710: result: no
configure:14719: checking for a known getopt prototype in unistd.h
configure:14743: result: yes
configure:14752: checking whether declaration is required for environ
configure:14780: result: no
configure:14789: checking whether declaration is required for ffs
configure:14817: result: no
configure:14826: checking whether declaration is required for free
configure:14854: result: no
configure:14863: checking whether declaration is required for malloc
configure:14891: result: no
configure:14900: checking whether declaration is required for sbrk
configure:14928: result: no
configure:14937: checking whether declaration is required for strstr
configure:14965: result: no
configure:14974: checking whether free is declared
configure:14974: result: yes
configure:14984: checking whether getenv is declared
configure:14984: result: yes
configure:14994: checking whether malloc is declared
configure:14994: result: yes
configure:15004: checking whether mempcpy is declared
configure:15004: result: yes
configure:15014: checking whether realloc is declared
configure:15014: result: yes
configure:15024: checking whether stpcpy is declared
configure:15024: result: yes
configure:15034: checking whether strstr is declared
configure:15034: result: yes
configure:15044: checking whether vsnprintf is declared
configure:15044: result: yes
configure:15054: checking whether asprintf is declared
configure:15054: result: yes
configure:15096: checking for struct tm.tm_gmtoff in time.h
configure:15128: result: yes
configure:15134: checking for struct stat.st_mtim.tv_sec in sys/stat.h
configure:15166: result: yes
configure:15169: checking for struct stat.st_mtim.tv_nsec in sys/stat.h
configure:15201: result: yes
configure:15320: checking that generated files are newer than configure
configure:15326: result: done
configure:15358: creating ./config.status

## ---------------------- ##
## Running config.status. ##
## ---------------------- ##

This file was extended by gas config.status 2.35, which was
generated by GNU Autoconf 2.69.  Invocation command line was

  CONFIG_FILES    = 
  CONFIG_HEADERS  = 
  CONFIG_LINKS    = 
  CONFIG_COMMANDS = 
  $ ./config.status 

on sebastien

config.status:1185: creating .gdbinit
config.status:1185: creating Makefile
config.status:1185: creating doc/Makefile
config.status:1185: creating po/Makefile.in
config.status:1185: creating config.h
config.status:1351: config.h is unchanged
config.status:1399: executing depfiles commands
config.status:1399: executing libtool commands
config.status:1399: executing default-1 commands
config.status:1399: executing default commands

## ---------------- ##
## Cache variables. ##
## ---------------- ##

ac_cv_build=x86_64-pc-linux-gnu
ac_cv_c_bigendian=no
ac_cv_c_compiler_gnu=yes
ac_cv_c_inline=inline
ac_cv_env_CC_set=set
ac_cv_env_CC_value=gcc
ac_cv_env_CFLAGS_set=set
ac_cv_env_CFLAGS_value='-g -O2'
ac_cv_env_CPPFLAGS_set=
ac_cv_env_CPPFLAGS_value=
ac_cv_env_CPP_set=
ac_cv_env_CPP_value=
ac_cv_env_LDFLAGS_set=set
ac_cv_env_LDFLAGS_value=' '
ac_cv_env_LIBS_set=
ac_cv_env_LIBS_value=
ac_cv_env_YACC_set=set
ac_cv_env_YACC_value='bison -y'
ac_cv_env_YFLAGS_set=
ac_cv_env_YFLAGS_value=
ac_cv_env_build_alias_set=set
ac_cv_env_build_alias_value=x86_64-pc-linux-gnu
ac_cv_env_host_alias_set=set
ac_cv_env_host_alias_value=x86_64-pc-linux-gnu
ac_cv_env_target_alias_set=set
ac_cv_env_target_alias_value=x86_64-kot
ac_cv_func_alloca_works=yes
ac_cv_func_sbrk=yes
ac_cv_func_setlocale=yes
ac_cv_func_strsignal=yes
ac_cv_func_unlink=yes
ac_cv_have_decl_asprintf=yes
ac_cv_have_decl_free=yes
ac_cv_have_decl_getenv=yes
ac_cv_have_decl_malloc=yes
ac_cv_have_decl_mempcpy=yes
ac_cv_have_decl_realloc=yes
ac_cv_have_decl_stpcpy=yes
ac_cv_have_decl_strstr=yes
ac_cv_have_decl_vsnprintf=yes
ac_cv_header_dlfcn_h=yes
ac_cv_header_errno_h=yes
ac_cv_header_inttypes_h=yes
ac_cv_header_limits_h=yes
ac_cv_header_locale_h=yes
ac_cv_header_memory_h=yes
ac_cv_header_minix_config_h=no
ac_cv_header_stdc=yes
ac_cv_header_stdint_h=yes
ac_cv_header_stdlib_h=yes
ac_cv_header_string_h=yes
ac_cv_header_strings_h=yes
ac_cv_header_sys_stat_h=yes
ac_cv_header_sys_types_h=yes
ac_cv_header_time_h=yes
ac_cv_header_unistd_h=yes
ac_cv_header_windows_h=no
ac_cv_host=x86_64-pc-linux-gnu
ac_cv_lib_lex=-lfl
ac_cv_objext=o
ac_cv_path_EGREP='/usr/bin/grep -E'
ac_cv_path_FGREP='/usr/bin/grep -F'
ac_cv_path_GMSGFMT=/usr/bin/msgfmt
ac_cv_path_GREP=/usr/bin/grep
ac_cv_path_MSGFMT=/usr/bin/msgfmt
ac_cv_path_MSGMERGE=/usr/bin/msgmerge
ac_cv_path_SED=/usr/bin/sed
ac_cv_path_XGETTEXT=/usr/bin/xgettext
ac_cv_path_mkdir=/usr/bin/mkdir
ac_cv_prog_AR=ar
ac_cv_prog_AWK=gawk
ac_cv_prog_CC=gcc
ac_cv_prog_CPP='gcc -E'
ac_cv_prog_LEX=flex
ac_cv_prog_OBJDUMP=objdump
ac_cv_prog_RANLIB=ranlib
ac_cv_prog_YACC='bison -y'
ac_cv_prog_ac_ct_STRIP=strip
ac_cv_prog_cc_c89=
ac_cv_prog_cc_g=yes
ac_cv_prog_lex_root=lex.yy
ac_cv_prog_lex_yytext_pointer=yes
ac_cv_prog_make_make_set=yes
ac_cv_safe_to_define___extensions__=yes
ac_cv_search_dlsym='none required'
ac_cv_search_strerror='none required'
ac_cv_sys_file_offset_bits=no
ac_cv_sys_largefile_CC=no
ac_cv_target=x86_64-pc-kot
ac_cv_type_size_t=yes
ac_cv_working_alloca_h=yes
am_cv_CC_dependencies_compiler_type=gcc3
am_cv_make_support_nested_variables=yes
am_cv_prog_cc_c_o=yes
am_cv_val_LC_MESSAGES=yes
gas_cv_assert_ok=yes
gas_cv_decl_getopt_unistd_h=yes
gas_cv_decl_needed_environ=no
gas_cv_decl_needed_errno=no
gas_cv_decl_needed_ffs=no
gas_cv_decl_needed_free=no
gas_cv_decl_needed_malloc=no
gas_cv_decl_needed_sbrk=no
gas_cv_decl_needed_strstr=no
gas_cv_have_sys_stat_type_member_st_mtim_tv_nsec=yes
gas_cv_have_sys_stat_type_member_st_mtim_tv_sec=yes
gas_cv_have_time_type_member_tm_gmtoff=yes
gcc_cv_header_string=yes
gcc_cv_prog_cmp_skip='cmp --ignore-initial=16 $$f1 $$f2'
lt_cv_archive_cmds_need_lc=no
lt_cv_deplibs_check_method=pass_all
lt_cv_file_magic_cmd='$MAGIC_CMD'
lt_cv_file_magic_test_file=
lt_cv_ld_reload_flag=-r
lt_cv_nm_interface='BSD nm'
lt_cv_objdir=.libs
lt_cv_path_LD=ld
lt_cv_path_NM=nm
lt_cv_prog_compiler_c_o=yes
lt_cv_prog_compiler_pic_works=yes
lt_cv_prog_compiler_rtti_exceptions=no
lt_cv_prog_compiler_static_works=yes
lt_cv_prog_gnu_ld=yes
lt_cv_shlibpath_overrides_runpath=yes
lt_cv_sys_global_symbol_pipe='sed -n -e '\''s/^.*[	 ]\([ABCDGIRSTW][ABCDGIRSTW]*\)[	 ][	 ]*\([_A-Za-z][_A-Za-z0-9]*\)$/\1 \2 \2/p'\'''
lt_cv_sys_global_symbol_to_c_name_address='sed -n -e '\''s/^: \([^ ]*\) $/  {\"\1\", (void *) 0},/p'\'' -e '\''s/^[ABCDGIRSTW]* \([^ ]*\) \([^ ]*\)$/  {"\2", (void *) \&\2},/p'\'''
lt_cv_sys_global_symbol_to_c_name_address_lib_prefix='sed -n -e '\''s/^: \([^ ]*\) $/  {\"\1\", (void *) 0},/p'\'' -e '\''s/^[ABCDGIRSTW]* \([^ ]*\) \(lib[^ ]*\)$/  {"\2", (void *) \&\2},/p'\'' -e '\''s/^[ABCDGIRSTW]* \([^ ]*\) \([^ ]*\)$/  {"lib\2", (void *) \&\2},/p'\'''
lt_cv_sys_global_symbol_to_cdecl='sed -n -e '\''s/^T .* \(.*\)$/extern int \1();/p'\'' -e '\''s/^[ABCDGIRSTW]* .* \(.*\)$/extern char \1;/p'\'''
lt_cv_sys_max_cmd_len=1572864

## ----------------- ##
## Output variables. ##
## ----------------- ##

ACLOCAL='${SHELL} /home/sebastien/Bureau/Kot/Toolchain/sources/binutils-2.35/missing aclocal-1.15'
ALLOCA=''
AMDEPBACKSLASH='\'
AMDEP_FALSE='#'
AMDEP_TRUE=''
AMTAR='$${TAR-tar}'
AM_BACKSLASH='\'
AM_DEFAULT_V='$(AM_DEFAULT_VERBOSITY)'
AM_DEFAULT_VERBOSITY='1'
AM_V='$(V)'
AR='ar'
AUTOCONF='${SHELL} /home/sebastien/Bureau/Kot/Toolchain/sources/binutils-2.35/missing autoconf'
AUTOHEADER='${SHELL} /home/sebastien/Bureau/Kot/Toolchain/sources/binutils-2.35/missing autoheader'
AUTOMAKE='${SHELL} /home/sebastien/Bureau/Kot/Toolchain/sources/binutils-2.35/missing automake-1.15'
AWK='gawk'
CATALOGS=''
CATOBJEXT=''
CC='gcc'
CCDEPMODE='depmode=gcc3'
CFLAGS='-g -O2'
CPP='gcc -E'
CPPFLAGS=''
CYGPATH_W='echo'
DATADIRNAME=''
DEFS='-DHAVE_CONFIG_H'
DEPDIR='.deps'
DSYMUTIL=''
DUMPBIN=''
ECHO_C=''
ECHO_N='-n'
ECHO_T=''
EGREP='/usr/bin/grep -E'
EXEEXT=''
FGREP='/usr/bin/grep -F'
GDBINIT='.gdbinit'
GENCAT=''
GENINSRC_NEVER_FALSE=''
GENINSRC_NEVER_TRUE='#'
GMSGFMT='/usr/bin/msgfmt'
GREP='/usr/bin/grep'
INCINTL=''
INSTALL_DATA='/usr/bin/install -c -m 644'
INSTALL_PROGRAM='/usr/bin/install -c'
INSTALL_SCRIPT='/usr/bin/install -c'
INSTALL_STRIP_PROGRAM='$(install_sh) -c -s'
INSTOBJEXT=''
LD='ld -m elf_x86_64'
LDFLAGS=' '
LEX='flex'
LEXLIB='-lfl'
LEX_OUTPUT_ROOT='lex.yy'
LIBINTL=''
LIBINTL_DEP=''
LIBM=''
LIBOBJS=''
LIBS=''
LIBTOOL='$(SHELL) $(top_builddir)/libtool'
LIPO=''
LN_S='ln -s'
LTLIBOBJS=''
MAINT='#'
MAINTAINER_MODE_FALSE=''
MAINTAINER_MODE_TRUE='#'
MAKEINFO='makeinfo --split-size=5000000'
MKDIR_P='/usr/bin/mkdir -p'
MKINSTALLDIRS='$(top_builddir)/../../gas/../mkinstalldirs'
MSGFMT='/usr/bin/msgfmt'
MSGMERGE='/usr/bin/msgmerge'
NM='nm'
NMEDIT=''
NO_WERROR=''
OBJDUMP='objdump'
OBJEXT='o'
OPCODES_LIB='../opcodes/libopcodes.la'
OTOOL64=''
OTOOL=''
PACKAGE='gas'
PACKAGE_BUGREPORT=''
PACKAGE_NAME='gas'
PACKAGE_STRING='gas 2.35'
PACKAGE_TARNAME='gas'
PACKAGE_URL=''
PACKAGE_VERSION='2.35'
PATH_SEPARATOR=':'
POSUB=''
RANLIB='ranlib'
SED='/usr/bin/sed'
SET_MAKE=''
SHELL='/bin/bash'
STRIP='strip'
USE_NLS='no'
VERSION='2.35'
WARN_CFLAGS='-W -Wall -Wstrict-prototypes -Wmissing-prototypes -Wshadow -Wstack-usage=262144'
WARN_CFLAGS_FOR_BUILD='-W -Wall -Wstrict-prototypes -Wmissing-prototypes -Wshadow -Wstack-usage=262144'
WARN_WRITE_STRINGS='-Wwrite-strings'
XGETTEXT='/usr/bin/xgettext'
YACC='bison -y'
YFLAGS=''
ac_ct_CC=''
ac_ct_DUMPBIN=''
am__EXEEXT_FALSE=''
am__EXEEXT_TRUE='#'
am__fastdepCC_FALSE='#'
am__fastdepCC_TRUE=''
am__include='include'
am__isrc=' -I$(srcdir)'
am__leading_dot='.'
am__nodep='_no'
am__quote=''
am__tar='$${TAR-tar} chof - "$$tardir"'
am__untar='$${TAR-tar} xf -'
atof='ieee'
bindir='${exec_prefix}/bin'
build='x86_64-pc-linux-gnu'
build_alias='x86_64-pc-linux-gnu'
build_cpu='x86_64'
build_os='linux-gnu'
build_vendor='pc'
cgen_cpu_prefix=''
datadir='${datarootdir}'
datarootdir='${prefix}/share'
do_compare='cmp --ignore-initial=16 $$f1 $$f2'
docdir='${datarootdir}/doc/${PACKAGE_TARNAME}'
dvidir='${docdir}'
exec_prefix='${prefix}'
extra_objects=''
host='x86_64-pc-linux-gnu'
host_alias='x86_64-pc-linux-gnu'
host_cpu='x86_64'
host_os='linux-gnu'
host_vendor='pc'
htmldir='${docdir}'
includedir='${prefix}/include'
infodir='${datarootdir}/info'
install_sh='${SHELL} /home/sebastien/Bureau/Kot/Toolchain/sources/binutils-2.35/install-sh'
install_tooldir='install-exec-tooldir'
libdir='${exec_prefix}/lib'
libexecdir='${exec_prefix}/libexec'
localedir='${datarootdir}/locale'
localstatedir='${prefix}/var'
mandir='${datarootdir}/man'
mkdir_p='$(MKDIR_P)'
obj_format='elf'
oldincludedir='/usr/include'
pdfdir='${docdir}'
prefix='/home/sebastien/Bureau/Kot/Toolchain/Local'
program_transform_name='s&^&x86_64-kot-&'
psdir='${docdir}'
sbindir='${exec_prefix}/sbin'
sharedstatedir='${prefix}/com'
sysconfdir='${prefix}/etc'
target='x86_64-pc-kot'
target_alias='x86_64-kot'
target_cpu='x86_64'
target_cpu_type='i386'
target_os='kot'
target_vendor='pc'
te_file='gnu'
zlibdir='-L$(top_builddir)/../zlib'
zlibinc='-I$(top_srcdir)/../zlib'

## ----------- ##
## confdefs.h. ##
## ----------- ##

/* confdefs.h */
#define PACKAGE_NAME "gas"
#define PACKAGE_TARNAME "gas"
#define PACKAGE_VERSION "2.35"
#define PACKAGE_STRING "gas 2.35"
#define PACKAGE_BUGREPORT ""
#define PACKAGE_URL ""
#define PACKAGE "gas"
#define VERSION "2.35"
#define STDC_HEADERS 1
#define HAVE_SYS_TYPES_H 1
#define HAVE_SYS_STAT_H 1
#define HAVE_STDLIB_H 1
#define HAVE_STRING_H 1
#define HAVE_MEMORY_H 1
#define HAVE_STRINGS_H 1
#define HAVE_INTTYPES_H 1
#define HAVE_STDINT_H 1
#define HAVE_UNISTD_H 1
#define __EXTENSIONS__ 1
#define _ALL_SOURCE 1
#define _GNU_SOURCE 1
#define _POSIX_PTHREAD_SEMANTICS 1
#define _TANDEM_SOURCE 1
#define HAVE_DLFCN_H 1
#define LT_OBJDIR ".libs/"
#define HAVE_DLFCN_H 1
#define DEFAULT_ARCH "x86_64"
#define DEFAULT_GENERATE_X86_RELAX_RELOCATIONS 1
#define DEFAULT_GENERATE_ELF_STT_COMMON 0
#define DEFAULT_GENERATE_BUILD_NOTES 0
#define DEFAULT_X86_USED_NOTE 0
#define DEFAULT_RISCV_ATTR 0
#define DEFAULT_MIPS_FIX_LOONGSON3_LLSC 0
#define EMULATIONS  &i386elf,
#define DEFAULT_EMULATION "i386elf"
#define TARGET_ALIAS "x86_64-kot"
#define TARGET_CANONICAL "x86_64-pc-kot"
#define TARGET_CPU "x86_64"
#define TARGET_VENDOR "pc"
#define TARGET_OS "kot"
#define YYTEXT_POINTER 1
#define HAVE_STRING_H 1
#define HAVE_STDLIB_H 1
#define HAVE_MEMORY_H 1
#define HAVE_STRINGS_H 1
#define HAVE_UNISTD_H 1
#define HAVE_ERRNO_H 1
#define HAVE_SYS_TYPES_H 1
#define HAVE_LIMITS_H 1
#define HAVE_LOCALE_H 1
#define HAVE_TIME_H 1
#define HAVE_SYS_STAT_H 1
#define STRING_WITH_STRINGS 1
#define CROSS_COMPILE 1
#define HAVE_ALLOCA_H 1
#define HAVE_ALLOCA 1
#define HAVE_UNLINK 1
#define HAVE_SBRK 1
#define HAVE_SETLOCALE 1
#define HAVE_STRSIGNAL 1
#define HAVE_LC_MESSAGES 1
#define HAVE_DECL_GETOPT 1
#define HAVE_DECL_FREE 1
#define HAVE_DECL_GETENV 1
#define HAVE_DECL_MALLOC 1
#define HAVE_DECL_MEMPCPY 1
#define HAVE_DECL_REALLOC 1
#define HAVE_DECL_STPCPY 1
#define HAVE_DECL_STRSTR 1
#define HAVE_DECL_VSNPRINTF 1
#define HAVE_DECL_ASPRINTF 1
#define HAVE_TM_GMTOFF 1
#define HAVE_ST_MTIM_TV_SEC 1
#define HAVE_ST_MTIM_TV_NSEC 1

configure: exit 0
