00:00:00.049010 VirtualBox GUI (separate) 6.1.22 r144080 win.amd64 (Apr 28 2021 17:23:11) release log
00:00:00.049012 Log opened 2021-05-28T13:04:58.182402800Z
00:00:00.049013 Build Type: release
00:00:00.049015 OS Product: Windows 10
00:00:00.049015 OS Release: 10.0.19042
00:00:00.049016 OS Service Pack: 
00:00:00.058421 DMI Product Name: MS-7C56
00:00:00.062166 DMI Product Version: 1.0
00:00:00.062180 Firmware type: UEFI
00:00:00.062426 Secure Boot: VERR_PRIVILEGE_NOT_HELD
00:00:00.062438 Host RAM: 16310MB (15.9GB) total, 7311MB (7.1GB) available
00:00:00.062441 Executable: C:\Program Files\Oracle\VirtualBox\VirtualBoxVM.exe
00:00:00.062442 Process ID: 42164
00:00:00.062442 Package type: WINDOWS_64BITS_GENERIC
00:00:00.558606 GUI: UIMediumEnumerator: Medium-enumeration started...
00:00:00.715859 GUI: UIFrameBufferPrivate::performResize: Size=640x480, Using fallback buffer since no source bitmap is provided
00:00:00.719742 GUI: UIMachineViewNormal::resendSizeHint: Restoring guest size-hint for screen 0 to 800x600
00:00:00.813841 GUI: UIMediumEnumerator: Medium-enumeration finished!
00:00:00.813887 GUI: UIFrameBufferPrivate::performResize: Size=1024x768, Using fallback buffer since no source bitmap is provided
00:00:00.831840 GUI: UISession::sltAdditionsChange: GA state change event came, notifying listeners
00:00:00.831865 GUI: UIMachineLogicNormal::sltCheckForRequestedVisualStateType: Requested-state=0, Machine-state=5
00:00:00.832178 GUI: 2D video acceleration is disabled
00:00:00.832226 GUI: HID LEDs sync is enabled
00:00:00.839251 GUI: UIMachineLogicNormal::sltCheckForRequestedVisualStateType: Requested-state=0, Machine-state=5
00:00:05.490663 GUI: Request for close-action to power VM off.
00:00:05.490682 GUI: Passing request to power VM off from machine-logic to UI session.
00:00:05.490684 GUI: Powering VM down on UI session power off request...
00:00:06.566148 GUI: Passing request to close Runtime UI from machine-logic to UI session.
00:00:06.620769 ERROR [COM]: aRC=E_UNEXPECTED (0x8000ffff) aIID={c0447716-ff5a-4795-b57a-ecd5fffa18a4} aComponent={SessionWrap} aText={The session is not locked (session state: Unlocked)}, preserve=false aResultDetail=0
00:00:06.624414 ERROR [COM]: aRC=E_UNEXPECTED (0x8000ffff) aIID={c0447716-ff5a-4795-b57a-ecd5fffa18a4} aComponent={SessionWrap} aText={The session is not locked (session state: Unlocked)}, preserve=false aResultDetail=0
