This file contains any messages produced by compilers while
running configure, to aid debugging if configure makes a mistake.

It was created by binutils configure 2.35, which was
generated by GNU Autoconf 2.69.  Invocation command line was

  $ /home/sebastien/Bureau/Kot/Toolchain/sources/binutils-2.35/binutils/configure --srcdir=../../binutils --cache-file=./config.cache --with-gnu-as --with-gnu-ld --prefix=/home/sebastien/Bureau/Kot/Toolchain/Local --with-sysroot=/home/sebastien/Bureau/Kot/Sysroot --disable-nls --disable-werror --enable-shared --program-transform-name=s&^&x86_64-kot-& --disable-option-checking --build=x86_64-pc-linux-gnu --host=x86_64-pc-linux-gnu --target=x86_64-kot

## --------- ##
## Platform. ##
## --------- ##

hostname = sebastien
uname -m = x86_64
uname -r = 5.17.0-5.1-liquorix-amd64
uname -s = Linux
uname -v = #1 ZEN SMP PREEMPT liquorix 5.17-9ubuntu1~impish (2022-04-27)

/usr/bin/uname -p = x86_64
/bin/uname -X     = unknown

/bin/arch              = x86_64
/usr/bin/arch -k       = unknown
/usr/convex/getsysinfo = unknown
/usr/bin/hostinfo      = unknown
/bin/machine           = unknown
/usr/bin/oslevel       = unknown
/bin/universe          = unknown

PATH: /usr/local/sbin
PATH: /usr/local/bin
PATH: /usr/sbin
PATH: /usr/bin
PATH: /sbin
PATH: /bin
PATH: /snap/bin
PATH: /home/sebastien/Bureau/Kot/Toolchain/Local/bin


## ----------- ##
## Core tests. ##
## ----------- ##

configure:2498: loading cache ./config.cache
configure:2620: checking build system type
configure:2634: result: x86_64-pc-linux-gnu
configure:2654: checking host system type
configure:2667: result: x86_64-pc-linux-gnu
configure:2687: checking target system type
configure:2700: result: x86_64-pc-kot
configure:2737: checking for x86_64-pc-linux-gnu-gcc
configure:2764: result: gcc
configure:3033: checking for C compiler version
configure:3042: gcc --version >&5
gcc (Ubuntu 11.2.0-19ubuntu1) 11.2.0
Copyright (C) 2021 Free Software Foundation, Inc.
This is free software; see the source for copying conditions.  There is NO
warranty; not even for MERCHANTABILITY or FITNESS FOR A PARTICULAR PURPOSE.

configure:3053: $? = 0
configure:3042: gcc -v >&5
Using built-in specs.
COLLECT_GCC=gcc
COLLECT_LTO_WRAPPER=/usr/lib/gcc/x86_64-linux-gnu/11/lto-wrapper
OFFLOAD_TARGET_NAMES=nvptx-none:amdgcn-amdhsa
OFFLOAD_TARGET_DEFAULT=1
Target: x86_64-linux-gnu
Configured with: ../src/configure -v --with-pkgversion='Ubuntu 11.2.0-19ubuntu1' --with-bugurl=file:///usr/share/doc/gcc-11/README.Bugs --enable-languages=c,ada,c++,go,brig,d,fortran,objc,obj-c++,m2 --prefix=/usr --with-gcc-major-version-only --program-suffix=-11 --program-prefix=x86_64-linux-gnu- --enable-shared --enable-linker-build-id --libexecdir=/usr/lib --without-included-gettext --enable-threads=posix --libdir=/usr/lib --enable-nls --enable-bootstrap --enable-clocale=gnu --enable-libstdcxx-debug --enable-libstdcxx-time=yes --with-default-libstdcxx-abi=new --enable-gnu-unique-object --disable-vtable-verify --enable-plugin --enable-default-pie --with-system-zlib --enable-libphobos-checking=release --with-target-system-zlib=auto --enable-objc-gc=auto --enable-multiarch --disable-werror --enable-cet --with-arch-32=i686 --with-abi=m64 --with-multilib-list=m32,m64,mx32 --enable-multilib --with-tune=generic --enable-offload-targets=nvptx-none=/build/gcc-11-gBFGDP/gcc-11-11.2.0/debian/tmp-nvptx/usr,amdgcn-amdhsa=/build/gcc-11-gBFGDP/gcc-11-11.2.0/debian/tmp-gcn/usr --without-cuda-driver --enable-checking=release --build=x86_64-linux-gnu --host=x86_64-linux-gnu --target=x86_64-linux-gnu --with-build-config=bootstrap-lto-lean --enable-link-serialization=2
Thread model: posix
Supported LTO compression algorithms: zlib zstd
gcc version 11.2.0 (Ubuntu 11.2.0-19ubuntu1) 
... rest of stderr output deleted ...
configure:3053: $? = 0
configure:3042: gcc -V >&5
gcc: error: unrecognized command-line option '-V'
gcc: fatal error: no input files
compilation terminated.
configure:3053: $? = 1
configure:3042: gcc -qversion >&5
gcc: error: unrecognized command-line option '-qversion'; did you mean '--version'?
gcc: fatal error: no input files
compilation terminated.
configure:3053: $? = 1
configure:3073: checking whether the C compiler works
configure:3095: gcc -g -O2    conftest.c  >&5
configure:3099: $? = 0
configure:3147: result: yes
configure:3150: checking for C compiler default output file name
configure:3152: result: a.out
configure:3158: checking for suffix of executables
configure:3165: gcc -o conftest -g -O2    conftest.c  >&5
configure:3169: $? = 0
configure:3191: result: 
configure:3213: checking whether we are cross compiling
configure:3221: gcc -o conftest -g -O2    conftest.c  >&5
configure:3225: $? = 0
configure:3232: ./conftest
configure:3236: $? = 0
configure:3251: result: no
configure:3256: checking for suffix of object files
configure:3303: result: o
configure:3307: checking whether we are using the GNU C compiler
configure:3335: result: yes
configure:3344: checking whether gcc accepts -g
configure:3405: result: yes
configure:3422: checking for gcc option to accept ISO C89
configure:3498: result: none needed
configure:3523: checking whether gcc understands -c and -o together
configure:3560: result: yes
configure:3578: checking for library containing strerror
configure:3626: result: none required
configure:3651: checking for a BSD-compatible install
configure:3719: result: /usr/bin/install -c
configure:3730: checking whether build environment is sane
configure:3785: result: yes
configure:3933: checking for a thread-safe mkdir -p
configure:3972: result: /usr/bin/mkdir -p
configure:3979: checking for gawk
configure:4006: result: gawk
configure:4017: checking whether make sets $(MAKE)
configure:4039: result: yes
configure:4069: checking for style of include used by make
configure:4097: result: GNU
configure:4131: checking whether make supports nested variables
configure:4148: result: yes
configure:4233: checking dependency style of gcc
configure:4344: result: gcc3
configure:4411: checking for x86_64-pc-linux-gnu-gcc
configure:4438: result: gcc
configure:4707: checking for C compiler version
configure:4716: gcc --version >&5
gcc (Ubuntu 11.2.0-19ubuntu1) 11.2.0
Copyright (C) 2021 Free Software Foundation, Inc.
This is free software; see the source for copying conditions.  There is NO
warranty; not even for MERCHANTABILITY or FITNESS FOR A PARTICULAR PURPOSE.

configure:4727: $? = 0
configure:4716: gcc -v >&5
Using built-in specs.
COLLECT_GCC=gcc
COLLECT_LTO_WRAPPER=/usr/lib/gcc/x86_64-linux-gnu/11/lto-wrapper
OFFLOAD_TARGET_NAMES=nvptx-none:amdgcn-amdhsa
OFFLOAD_TARGET_DEFAULT=1
Target: x86_64-linux-gnu
Configured with: ../src/configure -v --with-pkgversion='Ubuntu 11.2.0-19ubuntu1' --with-bugurl=file:///usr/share/doc/gcc-11/README.Bugs --enable-languages=c,ada,c++,go,brig,d,fortran,objc,obj-c++,m2 --prefix=/usr --with-gcc-major-version-only --program-suffix=-11 --program-prefix=x86_64-linux-gnu- --enable-shared --enable-linker-build-id --libexecdir=/usr/lib --without-included-gettext --enable-threads=posix --libdir=/usr/lib --enable-nls --enable-bootstrap --enable-clocale=gnu --enable-libstdcxx-debug --enable-libstdcxx-time=yes --with-default-libstdcxx-abi=new --enable-gnu-unique-object --disable-vtable-verify --enable-plugin --enable-default-pie --with-system-zlib --enable-libphobos-checking=release --with-target-system-zlib=auto --enable-objc-gc=auto --enable-multiarch --disable-werror --enable-cet --with-arch-32=i686 --with-abi=m64 --with-multilib-list=m32,m64,mx32 --enable-multilib --with-tune=generic --enable-offload-targets=nvptx-none=/build/gcc-11-gBFGDP/gcc-11-11.2.0/debian/tmp-nvptx/usr,amdgcn-amdhsa=/build/gcc-11-gBFGDP/gcc-11-11.2.0/debian/tmp-gcn/usr --without-cuda-driver --enable-checking=release --build=x86_64-linux-gnu --host=x86_64-linux-gnu --target=x86_64-linux-gnu --with-build-config=bootstrap-lto-lean --enable-link-serialization=2
Thread model: posix
Supported LTO compression algorithms: zlib zstd
gcc version 11.2.0 (Ubuntu 11.2.0-19ubuntu1) 
... rest of stderr output deleted ...
configure:4727: $? = 0
configure:4716: gcc -V >&5
gcc: error: unrecognized command-line option '-V'
gcc: fatal error: no input files
compilation terminated.
configure:4727: $? = 1
configure:4716: gcc -qversion >&5
gcc: error: unrecognized command-line option '-qversion'; did you mean '--version'?
gcc: fatal error: no input files
compilation terminated.
configure:4727: $? = 1
configure:4731: checking whether we are using the GNU C compiler
configure:4759: result: yes
configure:4768: checking whether gcc accepts -g
configure:4829: result: yes
configure:4846: checking for gcc option to accept ISO C89
configure:4922: result: none needed
configure:4947: checking whether gcc understands -c and -o together
configure:4984: result: yes
configure:5006: checking how to run the C preprocessor
configure:5076: result: gcc -E
configure:5096: gcc -E  conftest.c
configure:5096: $? = 0
configure:5110: gcc -E  conftest.c
conftest.c:11:10: fatal error: ac_nonexistent.h: No such file or directory
   11 | #include <ac_nonexistent.h>
      |          ^~~~~~~~~~~~~~~~~~
compilation terminated.
configure:5110: $? = 1
configure: failed program was:
| /* confdefs.h */
| #define PACKAGE_NAME "binutils"
| #define PACKAGE_TARNAME "binutils"
| #define PACKAGE_VERSION "2.35"
| #define PACKAGE_STRING "binutils 2.35"
| #define PACKAGE_BUGREPORT ""
| #define PACKAGE_URL ""
| #define PACKAGE "binutils"
| #define VERSION "2.35"
| /* end confdefs.h.  */
| #include <ac_nonexistent.h>
configure:5139: checking for grep that handles long lines and -e
configure:5197: result: /usr/bin/grep
configure:5202: checking for egrep
configure:5264: result: /usr/bin/grep -E
configure:5269: checking for ANSI C header files
configure:5373: result: yes
configure:5386: checking for sys/types.h
configure:5386: result: yes
configure:5386: checking for sys/stat.h
configure:5386: result: yes
configure:5386: checking for stdlib.h
configure:5386: result: yes
configure:5386: checking for string.h
configure:5386: result: yes
configure:5386: checking for memory.h
configure:5386: result: yes
configure:5386: checking for strings.h
configure:5386: result: yes
configure:5386: checking for inttypes.h
configure:5386: result: yes
configure:5386: checking for stdint.h
configure:5386: result: yes
configure:5386: checking for unistd.h
configure:5386: result: yes
configure:5399: checking for minix/config.h
configure:5399: result: no
configure:5420: checking whether it is safe to define __EXTENSIONS__
configure:5445: result: yes
configure:5508: checking how to print strings
configure:5535: result: printf
configure:5556: checking for a sed that does not truncate output
configure:5620: result: /usr/bin/sed
configure:5638: checking for fgrep
configure:5700: result: /usr/bin/grep -F
configure:5735: checking for ld used by gcc
configure:5802: result: ld
configure:5809: checking if the linker (ld) is GNU ld
configure:5824: result: yes
configure:5836: checking for BSD- or MS-compatible name lister (nm)
configure:5885: result: nm
configure:6015: checking the name lister (nm) interface
configure:6035: result: BSD nm
configure:6038: checking whether ln -s works
configure:6042: result: yes
configure:6050: checking the maximum length of command line arguments
configure:6175: result: 1572864
configure:6192: checking whether the shell understands some XSI constructs
configure:6202: result: yes
configure:6206: checking whether the shell understands "+="
configure:6212: result: yes
configure:6247: checking for ld option to reload object files
configure:6254: result: -r
configure:6283: checking for x86_64-pc-linux-gnu-objdump
configure:6310: result: objdump
configure:6382: checking how to recognize dependent libraries
configure:6583: result: pass_all
configure:6603: checking for x86_64-pc-linux-gnu-ar
configure:6630: result: ar
configure:6708: checking for x86_64-pc-linux-gnu-strip
configure:6738: result: no
configure:6748: checking for strip
configure:6775: result: strip
configure:6807: checking for x86_64-pc-linux-gnu-ranlib
configure:6834: result: ranlib
configure:6976: checking command to parse nm output from gcc object
configure:7199: result: ok
configure:7294: gcc -c -g -O2  conftest.c >&5
configure:7297: $? = 0
configure:8047: checking for dlfcn.h
configure:8047: result: yes
configure:8234: checking for objdir
configure:8249: result: .libs
configure:8520: checking if gcc supports -fno-rtti -fno-exceptions
configure:8555: result: no
configure:8575: checking for gcc option to produce PIC
configure:8861: result: -fPIC -DPIC
configure:8873: checking if gcc PIC flag -fPIC -DPIC works
configure:8908: result: yes
configure:8932: checking if gcc static flag -static works
configure:8960: result: yes
configure:8975: checking if gcc supports -c -o file.o
configure:9022: result: yes
configure:9030: checking if gcc supports -c -o file.o
configure:9077: result: yes
configure:9110: checking whether the gcc linker (ld -m elf_x86_64) supports shared libraries
configure:10181: result: yes
configure:10218: checking whether -lc should be explicitly linked in
configure:10261: result: no
configure:10426: checking dynamic linker characteristics
configure:11099: result: GNU/Linux ld.so
configure:11206: checking how to hardcode library paths into programs
configure:11231: result: immediate
configure:11771: checking whether stripping libraries is possible
configure:11776: result: yes
configure:11811: checking if libtool supports shared libraries
configure:11813: result: yes
configure:11816: checking whether to build shared libraries
configure:11837: result: yes
configure:11840: checking whether to build static libraries
configure:11844: result: yes
configure:11892: checking for dlfcn.h
configure:11892: result: yes
configure:11905: checking for windows.h
configure:11905: result: no
configure:11932: checking for library containing dlsym
configure:11980: result: none required
configure:12011: checking for special C compiler options needed for large files
configure:12056: result: no
configure:12062: checking for _FILE_OFFSET_BITS value needed for large files
configure:12119: result: no
configure:12258: checking whether to use debuginfod
configure:12260: result: auto
configure:12267: checking for debuginfod_begin in -ldebuginfod
configure:12301: result: no
configure:12307: checking whether debuginfod_begin is declared
configure:12307: result: no
configure:12325: WARNING: debuginfod is missing or unusable; some features may be unavailable.
configure:12534: checking for bison
configure:12561: result: bison -y
configure:12577: checking for flex
configure:12604: result: flex
configure:12643: flex conftest.l
configure:12647: $? = 0
configure:12649: checking lex output file root
configure:12663: result: lex.yy
configure:12668: checking lex library
configure:12692: result: -lfl
configure:12698: checking whether yytext is a pointer
configure:12723: result: yes
configure:12751: checking whether NLS is requested
configure:12754: result: no
configure:12822: checking whether NLS is requested
configure:12831: result: no
configure:12869: checking for msgfmt
configure:12900: result: /usr/bin/msgfmt
configure:12909: checking for gmsgfmt
configure:12940: result: /usr/bin/msgfmt
configure:12980: checking for xgettext
configure:13011: result: /usr/bin/xgettext
configure:13051: checking for msgmerge
configure:13081: result: /usr/bin/msgmerge
configure:13118: checking whether to enable maintainer-specific portions of Makefiles
configure:13127: result: no
configure:13172: checking for x86_64-pc-linux-gnu-ranlib
configure:13199: result: ranlib
configure:13312: checking size of long
configure:13331: result: 8
configure:13341: checking for long long
configure:13341: result: yes
configure:13352: checking size of long long
configure:13371: result: 8
configure:13387: checking for string.h
configure:13387: result: yes
configure:13387: checking for strings.h
configure:13387: result: yes
configure:13387: checking for stdlib.h
configure:13387: result: yes
configure:13387: checking for unistd.h
configure:13387: result: yes
configure:13387: checking for fcntl.h
configure:13387: result: yes
configure:13387: checking for sys/file.h
configure:13387: result: yes
configure:13387: checking for limits.h
configure:13387: result: yes
configure:13387: checking for locale.h
configure:13387: result: yes
configure:13387: checking for sys/param.h
configure:13387: result: yes
configure:13387: checking for wchar.h
configure:13387: result: yes
configure:13397: checking for sys/wait.h that is POSIX.1 compatible
configure:13430: result: yes
configure:13438: checking whether string.h and strings.h may both be included
configure:13462: result: yes
configure:13470: checking for size_t
configure:13470: result: yes
configure:13483: checking for working alloca.h
configure:13508: result: yes
configure:13516: checking for alloca
configure:13561: result: yes
configure:13673: checking for stdlib.h
configure:13673: result: yes
configure:13673: checking for unistd.h
configure:13673: result: yes
configure:13673: checking for sys/param.h
configure:13673: result: yes
configure:13693: checking for getpagesize
configure:13693: result: yes
configure:13702: checking for working mmap
configure:13859: result: yes
configure:13871: checking for sbrk
configure:13871: result: yes
configure:13871: checking for utimes
configure:13871: result: yes
configure:13871: checking for setmode
configure:13871: result: no
configure:13871: checking for getc_unlocked
configure:13871: result: yes
configure:13871: checking for strcoll
configure:13871: result: yes
configure:13871: checking for setlocale
configure:13871: result: yes
configure:13880: checking for mkstemp
configure:13880: result: yes
configure:13887: checking for mkdtemp
configure:13887: result: yes
configure:13894: checking for mbstate_t
configure:13907: gcc -c -g -O2  conftest.c >&5
configure:13907: $? = 0
configure:13913: result: yes
configure:13922: checking for library containing frexp
configure:13970: result: none required
configure:13980: checking for LC_MESSAGES
configure:14004: result: yes
configure:14013: checking for time_t in time.h
configure:14037: result: yes
configure:14045: checking for time_t in sys/types.h
configure:14069: result: yes
configure:14077: checking for a known getopt prototype in unistd.h
configure:14101: result: yes
configure:14111: checking for utime.h
configure:14139: result: yes
configure:14147: checking whether asprintf is declared
configure:14147: result: yes
configure:14157: checking whether environ is declared
configure:14157: result: yes
configure:14167: checking whether fprintf is declared
configure:14167: result: yes
configure:14177: checking whether getc_unlocked is declared
configure:14177: result: yes
configure:14187: checking whether getenv is declared
configure:14187: result: yes
configure:14197: checking whether sbrk is declared
configure:14197: result: yes
configure:14207: checking whether snprintf is declared
configure:14207: result: yes
configure:14217: checking whether stpcpy is declared
configure:14217: result: yes
configure:14227: checking whether strnlen is declared
configure:14227: result: yes
configure:14237: checking whether strstr is declared
configure:14237: result: yes
configure:14247: checking whether vsnprintf is declared
configure:14247: result: yes
configure:14304: checking for iconv.h
configure:14304: result: yes
configure:14350: checking for ld used by GCC
configure:14413: result: ld -m elf_x86_64
configure:14420: checking if the linker (ld -m elf_x86_64) is GNU ld
configure:14432: result: yes
configure:14438: checking for shared library run path origin
configure:14451: result: done
configure:14871: checking for iconv
configure:14969: result: yes
configure:15012: checking for iconv declaration
configure:15052: result: 
         extern size_t iconv (iconv_t cd, char * *inbuf, size_t *inbytesleft, char * *outbuf, size_t *outbytesleft);
configure:15415: checking that generated files are newer than configure
configure:15421: result: done
configure:15456: creating ./config.status

## ---------------------- ##
## Running config.status. ##
## ---------------------- ##

This file was extended by binutils config.status 2.35, which was
generated by GNU Autoconf 2.69.  Invocation command line was

  CONFIG_FILES    = 
  CONFIG_HEADERS  = 
  CONFIG_LINKS    = 
  CONFIG_COMMANDS = 
  $ ./config.status 

on sebastien

config.status:1195: creating Makefile
config.status:1195: creating doc/Makefile
config.status:1195: creating po/Makefile.in
config.status:1195: creating config.h
config.status:1361: config.h is unchanged
config.status:1409: executing depfiles commands
config.status:1409: executing libtool commands
config.status:1409: executing default-1 commands

## ---------------- ##
## Cache variables. ##
## ---------------- ##

ac_cv_build=x86_64-pc-linux-gnu
ac_cv_c_compiler_gnu=yes
ac_cv_env_CC_set=set
ac_cv_env_CC_value=gcc
ac_cv_env_CFLAGS_set=set
ac_cv_env_CFLAGS_value='-g -O2'
ac_cv_env_CPPFLAGS_set=
ac_cv_env_CPPFLAGS_value=
ac_cv_env_CPP_set=
ac_cv_env_CPP_value=
ac_cv_env_LDFLAGS_set=set
ac_cv_env_LDFLAGS_value=' '
ac_cv_env_LIBS_set=
ac_cv_env_LIBS_value=
ac_cv_env_YACC_set=set
ac_cv_env_YACC_value='bison -y'
ac_cv_env_YFLAGS_set=
ac_cv_env_YFLAGS_value=
ac_cv_env_build_alias_set=set
ac_cv_env_build_alias_value=x86_64-pc-linux-gnu
ac_cv_env_host_alias_set=set
ac_cv_env_host_alias_value=x86_64-pc-linux-gnu
ac_cv_env_target_alias_set=set
ac_cv_env_target_alias_value=x86_64-kot
ac_cv_func_alloca_works=yes
ac_cv_func_getc_unlocked=yes
ac_cv_func_getpagesize=yes
ac_cv_func_mkdtemp=yes
ac_cv_func_mkstemp=yes
ac_cv_func_mmap_fixed_mapped=yes
ac_cv_func_sbrk=yes
ac_cv_func_setlocale=yes
ac_cv_func_setmode=no
ac_cv_func_strcoll=yes
ac_cv_func_utimes=yes
ac_cv_have_decl_asprintf=yes
ac_cv_have_decl_debuginfod_begin=no
ac_cv_have_decl_environ=yes
ac_cv_have_decl_fprintf=yes
ac_cv_have_decl_getc_unlocked=yes
ac_cv_have_decl_getenv=yes
ac_cv_have_decl_sbrk=yes
ac_cv_have_decl_snprintf=yes
ac_cv_have_decl_stpcpy=yes
ac_cv_have_decl_strnlen=yes
ac_cv_have_decl_strstr=yes
ac_cv_have_decl_vsnprintf=yes
ac_cv_header_dlfcn_h=yes
ac_cv_header_fcntl_h=yes
ac_cv_header_iconv_h=yes
ac_cv_header_inttypes_h=yes
ac_cv_header_limits_h=yes
ac_cv_header_locale_h=yes
ac_cv_header_memory_h=yes
ac_cv_header_minix_config_h=no
ac_cv_header_stdc=yes
ac_cv_header_stdint_h=yes
ac_cv_header_stdlib_h=yes
ac_cv_header_string_h=yes
ac_cv_header_strings_h=yes
ac_cv_header_sys_file_h=yes
ac_cv_header_sys_param_h=yes
ac_cv_header_sys_stat_h=yes
ac_cv_header_sys_types_h=yes
ac_cv_header_sys_wait_h=yes
ac_cv_header_unistd_h=yes
ac_cv_header_wchar_h=yes
ac_cv_header_windows_h=no
ac_cv_host=x86_64-pc-linux-gnu
ac_cv_lib_debuginfod_debuginfod_begin=no
ac_cv_lib_lex=-lfl
ac_cv_objext=o
ac_cv_path_EGREP='/usr/bin/grep -E'
ac_cv_path_FGREP='/usr/bin/grep -F'
ac_cv_path_GMSGFMT=/usr/bin/msgfmt
ac_cv_path_GREP=/usr/bin/grep
ac_cv_path_MSGFMT=/usr/bin/msgfmt
ac_cv_path_MSGMERGE=/usr/bin/msgmerge
ac_cv_path_SED=/usr/bin/sed
ac_cv_path_XGETTEXT=/usr/bin/xgettext
ac_cv_path_mkdir=/usr/bin/mkdir
ac_cv_prog_AR=ar
ac_cv_prog_AWK=gawk
ac_cv_prog_CC=gcc
ac_cv_prog_CPP='gcc -E'
ac_cv_prog_LEX=flex
ac_cv_prog_OBJDUMP=objdump
ac_cv_prog_RANLIB=ranlib
ac_cv_prog_YACC='bison -y'
ac_cv_prog_ac_ct_STRIP=strip
ac_cv_prog_cc_c89=
ac_cv_prog_cc_g=yes
ac_cv_prog_lex_root=lex.yy
ac_cv_prog_lex_yytext_pointer=yes
ac_cv_prog_make_make_set=yes
ac_cv_safe_to_define___extensions__=yes
ac_cv_search_dlsym='none required'
ac_cv_search_frexp='none required'
ac_cv_search_strerror='none required'
ac_cv_sizeof_long=8
ac_cv_sizeof_long_long=8
ac_cv_sys_file_offset_bits=no
ac_cv_sys_largefile_CC=no
ac_cv_target=x86_64-pc-kot
ac_cv_type_long_long=yes
ac_cv_type_size_t=yes
ac_cv_working_alloca_h=yes
acl_cv_hardcode_direct=no
acl_cv_hardcode_libdir_flag_spec='${wl}-rpath ${wl}$libdir'
acl_cv_hardcode_libdir_separator=
acl_cv_hardcode_minus_L=no
acl_cv_libext=a
acl_cv_path_LD='ld -m elf_x86_64'
acl_cv_prog_gnu_ld=yes
acl_cv_rpath=done
acl_cv_shlibext=so
acl_cv_wl=-Wl,
am_cv_CC_dependencies_compiler_type=gcc3
am_cv_func_iconv=yes
am_cv_lib_iconv=no
am_cv_make_support_nested_variables=yes
am_cv_prog_cc_c_o=yes
am_cv_proto_iconv='extern size_t iconv (iconv_t cd, char * *inbuf, size_t *inbytesleft, char * *outbuf, size_t *outbytesleft);'
am_cv_proto_iconv_arg1=
am_cv_val_LC_MESSAGES=yes
bu_cv_decl_getopt_unistd_h=yes
bu_cv_decl_time_t_time_h=yes
bu_cv_decl_time_t_types_h=yes
bu_cv_header_utime_h=yes
gcc_cv_header_string=yes
lt_cv_archive_cmds_need_lc=no
lt_cv_deplibs_check_method=pass_all
lt_cv_file_magic_cmd='$MAGIC_CMD'
lt_cv_file_magic_test_file=
lt_cv_ld_reload_flag=-r
lt_cv_nm_interface='BSD nm'
lt_cv_objdir=.libs
lt_cv_path_LD=ld
lt_cv_path_NM=nm
lt_cv_prog_compiler_c_o=yes
lt_cv_prog_compiler_pic_works=yes
lt_cv_prog_compiler_rtti_exceptions=no
lt_cv_prog_compiler_static_works=yes
lt_cv_prog_gnu_ld=yes
lt_cv_shlibpath_overrides_runpath=yes
lt_cv_sys_global_symbol_pipe='sed -n -e '\''s/^.*[	 ]\([ABCDGIRSTW][ABCDGIRSTW]*\)[	 ][	 ]*\([_A-Za-z][_A-Za-z0-9]*\)$/\1 \2 \2/p'\'''
lt_cv_sys_global_symbol_to_c_name_address='sed -n -e '\''s/^: \([^ ]*\) $/  {\"\1\", (void *) 0},/p'\'' -e '\''s/^[ABCDGIRSTW]* \([^ ]*\) \([^ ]*\)$/  {"\2", (void *) \&\2},/p'\'''
lt_cv_sys_global_symbol_to_c_name_address_lib_prefix='sed -n -e '\''s/^: \([^ ]*\) $/  {\"\1\", (void *) 0},/p'\'' -e '\''s/^[ABCDGIRSTW]* \([^ ]*\) \(lib[^ ]*\)$/  {"\2", (void *) \&\2},/p'\'' -e '\''s/^[ABCDGIRSTW]* \([^ ]*\) \([^ ]*\)$/  {"lib\2", (void *) \&\2},/p'\'''
lt_cv_sys_global_symbol_to_cdecl='sed -n -e '\''s/^T .* \(.*\)$/extern int \1();/p'\'' -e '\''s/^[ABCDGIRSTW]* .* \(.*\)$/extern char \1;/p'\'''
lt_cv_sys_max_cmd_len=1572864

## ----------------- ##
## Output variables. ##
## ----------------- ##

ACLOCAL='${SHELL} /home/sebastien/Bureau/Kot/Toolchain/sources/binutils-2.35/missing aclocal-1.15'
ALLOCA=''
AMDEPBACKSLASH='\'
AMDEP_FALSE='#'
AMDEP_TRUE=''
AMTAR='$${TAR-tar}'
AM_BACKSLASH='\'
AM_DEFAULT_V='$(AM_DEFAULT_VERBOSITY)'
AM_DEFAULT_VERBOSITY='1'
AM_V='$(V)'
AR='ar'
AUTOCONF='${SHELL} /home/sebastien/Bureau/Kot/Toolchain/sources/binutils-2.35/missing autoconf'
AUTOHEADER='${SHELL} /home/sebastien/Bureau/Kot/Toolchain/sources/binutils-2.35/missing autoheader'
AUTOMAKE='${SHELL} /home/sebastien/Bureau/Kot/Toolchain/sources/binutils-2.35/missing automake-1.15'
AWK='gawk'
BUILD_DLLTOOL=''
BUILD_DLLWRAP=''
BUILD_INSTALL_MISC=''
BUILD_MISC=''
BUILD_SRCONV=''
BUILD_WINDMC=''
BUILD_WINDRES=''
CATALOGS=''
CATOBJEXT=''
CC='gcc'
CCDEPMODE='depmode=gcc3'
CC_FOR_BUILD='gcc'
CFLAGS='-g -O2'
CPP='gcc -E'
CPPFLAGS=''
CYGPATH_W='echo'
DATADIRNAME=''
DEFS='-DHAVE_CONFIG_H'
DEMANGLER_NAME='c++filt'
DEPDIR='.deps'
DLLTOOL_DEFS=' '
DSYMUTIL=''
DUMPBIN=''
ECHO_C=''
ECHO_N='-n'
ECHO_T=''
EGREP='/usr/bin/grep -E'
EMULATION='vanilla'
EMULATION_VECTOR='bin_vanilla_emulation'
ENABLE_LIBCTF_FALSE='#'
ENABLE_LIBCTF_TRUE=''
EXEEXT=''
EXEEXT_FOR_BUILD='$(EXEEXT)'
FGREP='/usr/bin/grep -F'
GENCAT=''
GENINSRC_NEVER_FALSE=''
GENINSRC_NEVER_TRUE='#'
GMSGFMT='/usr/bin/msgfmt'
GREP='/usr/bin/grep'
HDEFINES=''
INCINTL=''
INSTALL_DATA='/usr/bin/install -c -m 644'
INSTALL_PROGRAM='/usr/bin/install -c'
INSTALL_SCRIPT='/usr/bin/install -c'
INSTALL_STRIP_PROGRAM='$(install_sh) -c -s'
INSTOBJEXT=''
LD='ld -m elf_x86_64'
LDFLAGS=' '
LEX='flex'
LEXLIB='-lfl'
LEX_OUTPUT_ROOT='lex.yy'
LIBDEBUGINFOD=''
LIBICONV=''
LIBINTL=''
LIBINTL_DEP=''
LIBOBJS=''
LIBS=''
LIBTOOL='$(SHELL) $(top_builddir)/libtool'
LIPO=''
LN_S='ln -s'
LTLIBICONV=''
LTLIBOBJS=''
MAINT='#'
MAINTAINER_MODE_FALSE=''
MAINTAINER_MODE_TRUE='#'
MAKEINFO='makeinfo --split-size=5000000'
MKDIR_P='/usr/bin/mkdir -p'
MKINSTALLDIRS='$(top_builddir)/../../binutils/../mkinstalldirs'
MSGFMT='/usr/bin/msgfmt'
MSGMERGE='/usr/bin/msgmerge'
NM='nm'
NMEDIT=''
NO_WERROR=''
OBJDUMP='objdump'
OBJDUMP_DEFS=' -DOBJDUMP_PRIVATE_VECTORS=""'
OBJDUMP_PRIVATE_OFILES=''
OBJEXT='o'
OTOOL64=''
OTOOL=''
PACKAGE='binutils'
PACKAGE_BUGREPORT=''
PACKAGE_NAME='binutils'
PACKAGE_STRING='binutils 2.35'
PACKAGE_TARNAME='binutils'
PACKAGE_URL=''
PACKAGE_VERSION='2.35'
PATH_SEPARATOR=':'
POSUB=''
RANLIB='ranlib'
SED='/usr/bin/sed'
SET_MAKE=''
SHELL='/bin/bash'
STRIP='strip'
USE_NLS='no'
VERSION='2.35'
WARN_CFLAGS='-W -Wall -Wstrict-prototypes -Wmissing-prototypes -Wshadow -Wstack-usage=262144'
WARN_CFLAGS_FOR_BUILD='-W -Wall -Wstrict-prototypes -Wmissing-prototypes -Wshadow -Wstack-usage=262144'
WARN_WRITE_STRINGS='-Wwrite-strings'
XGETTEXT='/usr/bin/xgettext'
YACC='bison -y'
YFLAGS=''
ac_ct_CC=''
ac_ct_DUMPBIN=''
am__EXEEXT_FALSE=''
am__EXEEXT_TRUE='#'
am__fastdepCC_FALSE='#'
am__fastdepCC_TRUE=''
am__include='include'
am__isrc=' -I$(srcdir)'
am__leading_dot='.'
am__nodep='_no'
am__quote=''
am__tar='$${TAR-tar} chof - "$$tardir"'
am__untar='$${TAR-tar} xf -'
bindir='${exec_prefix}/bin'
build='x86_64-pc-linux-gnu'
build_alias='x86_64-pc-linux-gnu'
build_cpu='x86_64'
build_os='linux-gnu'
build_vendor='pc'
datadir='${datarootdir}'
datarootdir='${prefix}/share'
docdir='${datarootdir}/doc/${PACKAGE_TARNAME}'
dvidir='${docdir}'
exec_prefix='${prefix}'
host='x86_64-pc-linux-gnu'
host_alias='x86_64-pc-linux-gnu'
host_cpu='x86_64'
host_os='linux-gnu'
host_vendor='pc'
htmldir='${docdir}'
includedir='${prefix}/include'
infodir='${datarootdir}/info'
install_sh='${SHELL} /home/sebastien/Bureau/Kot/Toolchain/sources/binutils-2.35/install-sh'
libdir='${exec_prefix}/lib'
libexecdir='${exec_prefix}/libexec'
localedir='${datarootdir}/locale'
localstatedir='${prefix}/var'
mandir='${datarootdir}/man'
mkdir_p='$(MKDIR_P)'
oldincludedir='/usr/include'
pdfdir='${docdir}'
prefix='/home/sebastien/Bureau/Kot/Toolchain/Local'
program_transform_name='s&^&x86_64-kot-&'
psdir='${docdir}'
sbindir='${exec_prefix}/sbin'
sharedstatedir='${prefix}/com'
sysconfdir='${prefix}/etc'
target='x86_64-pc-kot'
target_alias='x86_64-kot'
target_cpu='x86_64'
target_os='kot'
target_vendor='pc'
zlibdir='-L$(top_builddir)/../zlib'
zlibinc='-I$(top_srcdir)/../zlib'

## ----------- ##
## confdefs.h. ##
## ----------- ##

/* confdefs.h */
#define PACKAGE_NAME "binutils"
#define PACKAGE_TARNAME "binutils"
#define PACKAGE_VERSION "2.35"
#define PACKAGE_STRING "binutils 2.35"
#define PACKAGE_BUGREPORT ""
#define PACKAGE_URL ""
#define PACKAGE "binutils"
#define VERSION "2.35"
#define STDC_HEADERS 1
#define HAVE_SYS_TYPES_H 1
#define HAVE_SYS_STAT_H 1
#define HAVE_STDLIB_H 1
#define HAVE_STRING_H 1
#define HAVE_MEMORY_H 1
#define HAVE_STRINGS_H 1
#define HAVE_INTTYPES_H 1
#define HAVE_STDINT_H 1
#define HAVE_UNISTD_H 1
#define __EXTENSIONS__ 1
#define _ALL_SOURCE 1
#define _GNU_SOURCE 1
#define _POSIX_PTHREAD_SEMANTICS 1
#define _TANDEM_SOURCE 1
#define HAVE_DLFCN_H 1
#define LT_OBJDIR ".libs/"
#define HAVE_DLFCN_H 1
#define DEFAULT_AR_DETERMINISTIC 0
#define DEFAULT_STRINGS_ALL 1
#define ENABLE_LIBCTF 1
#define YYTEXT_POINTER 1
#define EXECUTABLE_SUFFIX ""
#define SIZEOF_LONG 8
#define HAVE_LONG_LONG 1
#define SIZEOF_LONG_LONG 8
#define HAVE_STRING_H 1
#define HAVE_STRINGS_H 1
#define HAVE_STDLIB_H 1
#define HAVE_UNISTD_H 1
#define HAVE_FCNTL_H 1
#define HAVE_SYS_FILE_H 1
#define HAVE_LIMITS_H 1
#define HAVE_LOCALE_H 1
#define HAVE_SYS_PARAM_H 1
#define HAVE_WCHAR_H 1
#define HAVE_SYS_WAIT_H 1
#define STRING_WITH_STRINGS 1
#define HAVE_ALLOCA_H 1
#define HAVE_ALLOCA 1
#define HAVE_STDLIB_H 1
#define HAVE_UNISTD_H 1
#define HAVE_SYS_PARAM_H 1
#define HAVE_GETPAGESIZE 1
#define HAVE_MMAP 1
#define HAVE_SBRK 1
#define HAVE_UTIMES 1
#define HAVE_GETC_UNLOCKED 1
#define HAVE_STRCOLL 1
#define HAVE_SETLOCALE 1
#define HAVE_MKSTEMP 1
#define HAVE_MKDTEMP 1
#define HAVE_MBSTATE_T 1
#define HAVE_LC_MESSAGES 1
#define HAVE_TIME_T_IN_TIME_H 1
#define HAVE_TIME_T_IN_TYPES_H 1
#define HAVE_DECL_GETOPT 1
#define HAVE_GOOD_UTIME_H 1
#define HAVE_DECL_ASPRINTF 1
#define HAVE_DECL_ENVIRON 1
#define HAVE_DECL_FPRINTF 1
#define HAVE_DECL_GETC_UNLOCKED 1
#define HAVE_DECL_GETENV 1
#define HAVE_DECL_SBRK 1
#define HAVE_DECL_SNPRINTF 1
#define HAVE_DECL_STPCPY 1
#define HAVE_DECL_STRNLEN 1
#define HAVE_DECL_STRSTR 1
#define HAVE_DECL_VSNPRINTF 1
#define HAVE_ICONV 1
#define ICONV_CONST 
#define TARGET "x86_64-pc-kot"
#define TARGET_PREPENDS_UNDERSCORE 0

configure: exit 0
