This file contains any messages produced by compilers while
running configure, to aid debugging if configure makes a mistake.

It was created by configure, which was
generated by GNU Autoconf 2.69.  Invocation command line was

  $ ../configure --prefix=/home/sebastien/Bureau/Kot/Toolchain/Local --target=x86_64-kot --with-sysroot=/home/sebastien/Bureau/Kot/Sysroot --disable-nls --disable-werror --enable-shared

## --------- ##
## Platform. ##
## --------- ##

hostname = sebastien
uname -m = x86_64
uname -r = 5.17.0-5.1-liquorix-amd64
uname -s = Linux
uname -v = #1 ZEN SMP PREEMPT liquorix 5.17-9ubuntu1~impish (2022-04-27)

/usr/bin/uname -p = x86_64
/bin/uname -X     = unknown

/bin/arch              = x86_64
/usr/bin/arch -k       = unknown
/usr/convex/getsysinfo = unknown
/usr/bin/hostinfo      = unknown
/bin/machine           = unknown
/usr/bin/oslevel       = unknown
/bin/universe          = unknown

PATH: /usr/local/sbin
PATH: /usr/local/bin
PATH: /usr/sbin
PATH: /usr/bin
PATH: /sbin
PATH: /bin
PATH: /snap/bin


## ----------- ##
## Core tests. ##
## ----------- ##

configure:2394: checking build system type
configure:2408: result: x86_64-pc-linux-gnu
configure:2455: checking host system type
configure:2468: result: x86_64-pc-linux-gnu
configure:2488: checking target system type
configure:2501: result: x86_64-pc-kot
configure:2555: checking for a BSD-compatible install
configure:2623: result: /usr/bin/install -c
configure:2634: checking whether ln works
configure:2656: result: yes
configure:2660: checking whether ln -s works
configure:2664: result: yes
configure:2671: checking for a sed that does not truncate output
configure:2735: result: /usr/bin/sed
configure:2744: checking for gawk
configure:2760: found /usr/bin/gawk
configure:2771: result: gawk
configure:4110: checking for gcc
configure:4126: found /usr/bin/gcc
configure:4137: result: gcc
configure:4366: checking for C compiler version
configure:4375: gcc --version >&5
gcc (Ubuntu 11.2.0-19ubuntu1) 11.2.0
Copyright (C) 2021 Free Software Foundation, Inc.
This is free software; see the source for copying conditions.  There is NO
warranty; not even for MERCHANTABILITY or FITNESS FOR A PARTICULAR PURPOSE.

configure:4386: $? = 0
configure:4375: gcc -v >&5
Using built-in specs.
COLLECT_GCC=gcc
COLLECT_LTO_WRAPPER=/usr/lib/gcc/x86_64-linux-gnu/11/lto-wrapper
OFFLOAD_TARGET_NAMES=nvptx-none:amdgcn-amdhsa
OFFLOAD_TARGET_DEFAULT=1
Target: x86_64-linux-gnu
Configured with: ../src/configure -v --with-pkgversion='Ubuntu 11.2.0-19ubuntu1' --with-bugurl=file:///usr/share/doc/gcc-11/README.Bugs --enable-languages=c,ada,c++,go,brig,d,fortran,objc,obj-c++,m2 --prefix=/usr --with-gcc-major-version-only --program-suffix=-11 --program-prefix=x86_64-linux-gnu- --enable-shared --enable-linker-build-id --libexecdir=/usr/lib --without-included-gettext --enable-threads=posix --libdir=/usr/lib --enable-nls --enable-bootstrap --enable-clocale=gnu --enable-libstdcxx-debug --enable-libstdcxx-time=yes --with-default-libstdcxx-abi=new --enable-gnu-unique-object --disable-vtable-verify --enable-plugin --enable-default-pie --with-system-zlib --enable-libphobos-checking=release --with-target-system-zlib=auto --enable-objc-gc=auto --enable-multiarch --disable-werror --enable-cet --with-arch-32=i686 --with-abi=m64 --with-multilib-list=m32,m64,mx32 --enable-multilib --with-tune=generic --enable-offload-targets=nvptx-none=/build/gcc-11-gBFGDP/gcc-11-11.2.0/debian/tmp-nvptx/usr,amdgcn-amdhsa=/build/gcc-11-gBFGDP/gcc-11-11.2.0/debian/tmp-gcn/usr --without-cuda-driver --enable-checking=release --build=x86_64-linux-gnu --host=x86_64-linux-gnu --target=x86_64-linux-gnu --with-build-config=bootstrap-lto-lean --enable-link-serialization=2
Thread model: posix
Supported LTO compression algorithms: zlib zstd
gcc version 11.2.0 (Ubuntu 11.2.0-19ubuntu1) 
... rest of stderr output deleted ...
configure:4386: $? = 0
configure:4375: gcc -V >&5
gcc: error: unrecognized command-line option '-V'
gcc: fatal error: no input files
compilation terminated.
configure:4386: $? = 1
configure:4375: gcc -qversion >&5
gcc: error: unrecognized command-line option '-qversion'; did you mean '--version'?
gcc: fatal error: no input files
compilation terminated.
configure:4386: $? = 1
configure:4406: checking whether the C compiler works
configure:4428: gcc    conftest.c  >&5
configure:4432: $? = 0
configure:4480: result: yes
configure:4483: checking for C compiler default output file name
configure:4485: result: a.out
configure:4491: checking for suffix of executables
configure:4498: gcc -o conftest    conftest.c  >&5
configure:4502: $? = 0
configure:4524: result: 
configure:4546: checking whether we are cross compiling
configure:4554: gcc -o conftest    conftest.c  >&5
configure:4558: $? = 0
configure:4565: ./conftest
configure:4569: $? = 0
configure:4584: result: no
configure:4589: checking for suffix of object files
configure:4611: gcc -c   conftest.c >&5
configure:4615: $? = 0
configure:4636: result: o
configure:4640: checking whether we are using the GNU C compiler
configure:4659: gcc -c   conftest.c >&5
configure:4659: $? = 0
configure:4668: result: yes
configure:4677: checking whether gcc accepts -g
configure:4697: gcc -c -g  conftest.c >&5
configure:4697: $? = 0
configure:4738: result: yes
configure:4755: checking for gcc option to accept ISO C89
configure:4818: gcc  -c -g -O2  conftest.c >&5
configure:4818: $? = 0
configure:4831: result: none needed
configure:4909: checking for g++
configure:4925: found /usr/bin/g++
configure:4936: result: g++
configure:4963: checking for C++ compiler version
configure:4972: g++ --version >&5
g++ (Ubuntu 11.2.0-19ubuntu1) 11.2.0
Copyright (C) 2021 Free Software Foundation, Inc.
This is free software; see the source for copying conditions.  There is NO
warranty; not even for MERCHANTABILITY or FITNESS FOR A PARTICULAR PURPOSE.

configure:4983: $? = 0
configure:4972: g++ -v >&5
Using built-in specs.
COLLECT_GCC=g++
COLLECT_LTO_WRAPPER=/usr/lib/gcc/x86_64-linux-gnu/11/lto-wrapper
OFFLOAD_TARGET_NAMES=nvptx-none:amdgcn-amdhsa
OFFLOAD_TARGET_DEFAULT=1
Target: x86_64-linux-gnu
Configured with: ../src/configure -v --with-pkgversion='Ubuntu 11.2.0-19ubuntu1' --with-bugurl=file:///usr/share/doc/gcc-11/README.Bugs --enable-languages=c,ada,c++,go,brig,d,fortran,objc,obj-c++,m2 --prefix=/usr --with-gcc-major-version-only --program-suffix=-11 --program-prefix=x86_64-linux-gnu- --enable-shared --enable-linker-build-id --libexecdir=/usr/lib --without-included-gettext --enable-threads=posix --libdir=/usr/lib --enable-nls --enable-bootstrap --enable-clocale=gnu --enable-libstdcxx-debug --enable-libstdcxx-time=yes --with-default-libstdcxx-abi=new --enable-gnu-unique-object --disable-vtable-verify --enable-plugin --enable-default-pie --with-system-zlib --enable-libphobos-checking=release --with-target-system-zlib=auto --enable-objc-gc=auto --enable-multiarch --disable-werror --enable-cet --with-arch-32=i686 --with-abi=m64 --with-multilib-list=m32,m64,mx32 --enable-multilib --with-tune=generic --enable-offload-targets=nvptx-none=/build/gcc-11-gBFGDP/gcc-11-11.2.0/debian/tmp-nvptx/usr,amdgcn-amdhsa=/build/gcc-11-gBFGDP/gcc-11-11.2.0/debian/tmp-gcn/usr --without-cuda-driver --enable-checking=release --build=x86_64-linux-gnu --host=x86_64-linux-gnu --target=x86_64-linux-gnu --with-build-config=bootstrap-lto-lean --enable-link-serialization=2
Thread model: posix
Supported LTO compression algorithms: zlib zstd
gcc version 11.2.0 (Ubuntu 11.2.0-19ubuntu1) 
... rest of stderr output deleted ...
configure:4983: $? = 0
configure:4972: g++ -V >&5
g++: error: unrecognized command-line option '-V'
g++: fatal error: no input files
compilation terminated.
configure:4983: $? = 1
configure:4972: g++ -qversion >&5
g++: error: unrecognized command-line option '-qversion'; did you mean '--version'?
g++: fatal error: no input files
compilation terminated.
configure:4983: $? = 1
configure:4987: checking whether we are using the GNU C++ compiler
configure:5006: g++ -c   conftest.cpp >&5
configure:5006: $? = 0
configure:5015: result: yes
configure:5024: checking whether g++ accepts -g
configure:5044: g++ -c -g  conftest.cpp >&5
configure:5044: $? = 0
configure:5085: result: yes
configure:5134: checking whether g++ accepts -static-libstdc++ -static-libgcc
configure:5151: g++ -o conftest -g -O2   -static-libstdc++ -static-libgcc conftest.cpp  >&5
configure:5151: $? = 0
configure:5152: result: yes
configure:5216: checking for gnatbind
configure:5246: result: no
configure:5308: checking for gnatmake
configure:5338: result: no
configure:5357: checking whether compiler driver understands Ada
configure:5380: result: no
configure:5389: checking how to compare bootstrapped objects
configure:5414: result: cmp --ignore-initial=16 $$f1 $$f2
configure:5474: checking for objdir
configure:5489: result: .libs
configure:5520: checking whether to use debuginfod
configure:5522: result: auto
configure:5529: checking for debuginfod_begin in -ldebuginfod
configure:5554: gcc -o conftest -g -O2   conftest.c -ldebuginfod   >&5
/usr/bin/ld: cannot find -ldebuginfod: No such file or directory
collect2: error: ld returned 1 exit status
configure:5554: $? = 1
configure: failed program was:
| /* confdefs.h */
| #define PACKAGE_NAME ""
| #define PACKAGE_TARNAME ""
| #define PACKAGE_VERSION ""
| #define PACKAGE_STRING ""
| #define PACKAGE_BUGREPORT ""
| #define PACKAGE_URL ""
| #define LT_OBJDIR ".libs/"
| /* end confdefs.h.  */
| 
| /* Override any GCC internal prototype to avoid an error.
|    Use char because int might match the return type of a GCC
|    builtin and then its argument prototype would still apply.  */
| #ifdef __cplusplus
| extern "C"
| #endif
| char debuginfod_begin ();
| int
| main ()
| {
| return debuginfod_begin ();
|   ;
|   return 0;
| }
configure:5563: result: no
configure:5569: checking whether debuginfod_begin is declared
configure:5569: gcc -c -g -O2  conftest.c >&5
conftest.c:10:10: fatal error: elfutils/debuginfod.h: No such file or directory
   10 | #include <elfutils/debuginfod.h>
      |          ^~~~~~~~~~~~~~~~~~~~~~~
compilation terminated.
configure:5569: $? = 1
configure: failed program was:
| /* confdefs.h */
| #define PACKAGE_NAME ""
| #define PACKAGE_TARNAME ""
| #define PACKAGE_VERSION ""
| #define PACKAGE_STRING ""
| #define PACKAGE_BUGREPORT ""
| #define PACKAGE_URL ""
| #define LT_OBJDIR ".libs/"
| /* end confdefs.h.  */
| #include <elfutils/debuginfod.h>
| 
| int
| main ()
| {
| #ifndef debuginfod_begin
| #ifdef __cplusplus
|   (void) debuginfod_begin;
| #else
|   (void) debuginfod_begin;
| #endif
| #endif
| 
|   ;
|   return 0;
| }
configure:5569: result: no
configure:5587: WARNING: debuginfod is missing or unusable; some features may be unavailable.
configure:6140: checking for isl 0.15 or later
configure:6153: gcc -o conftest -g -O2      -lisl -lmpc -lmpfr -lgmp conftest.c  -lisl -lgmp >&5
conftest.c:10:10: fatal error: isl/schedule.h: No such file or directory
   10 | #include <isl/schedule.h>
      |          ^~~~~~~~~~~~~~~~
compilation terminated.
configure:6153: $? = 1
configure: failed program was:
| /* confdefs.h */
| #define PACKAGE_NAME ""
| #define PACKAGE_TARNAME ""
| #define PACKAGE_VERSION ""
| #define PACKAGE_STRING ""
| #define PACKAGE_BUGREPORT ""
| #define PACKAGE_URL ""
| #define LT_OBJDIR ".libs/"
| /* end confdefs.h.  */
| #include <isl/schedule.h>
| int
| main ()
| {
| isl_options_set_schedule_serialize_sccs (NULL, 0);
|   ;
|   return 0;
| }
configure:6160: result: no
configure:6164: result: required isl version is 0.15 or later
configure:7257: checking for default BUILD_CONFIG
configure:7289: result: 
configure:7294: checking for --enable-vtable-verify
configure:7307: result: no
configure:7919: checking for bison
configure:7935: found /usr/bin/bison
configure:7946: result: bison -y
configure:7966: checking for bison
configure:7982: found /usr/bin/bison
configure:7993: result: bison
configure:8013: checking for gm4
configure:8043: result: no
configure:8013: checking for gnum4
configure:8043: result: no
configure:8013: checking for m4
configure:8029: found /usr/bin/m4
configure:8040: result: m4
configure:8060: checking for flex
configure:8076: found /usr/bin/flex
configure:8087: result: flex
configure:8108: checking for flex
configure:8124: found /usr/bin/flex
configure:8135: result: flex
configure:8155: checking for makeinfo
configure:8171: found /usr/bin/makeinfo
configure:8182: result: makeinfo
configure:8216: checking for expect
configure:8246: result: no
configure:8265: checking for runtest
configure:8295: result: no
configure:8410: checking for ar
configure:8426: found /usr/bin/ar
configure:8437: result: ar
configure:8551: checking for as
configure:8567: found /usr/bin/as
configure:8578: result: as
configure:8692: checking for dlltool
configure:8722: result: no
configure:8833: checking for ld
configure:8849: found /usr/bin/ld
configure:8860: result: ld
configure:8974: checking for lipo
configure:9004: result: no
configure:9115: checking for nm
configure:9131: found /usr/bin/nm
configure:9142: result: nm
configure:9256: checking for ranlib
configure:9272: found /usr/bin/ranlib
configure:9283: result: ranlib
configure:9392: checking for strip
configure:9408: found /usr/bin/strip
configure:9419: result: strip
configure:9528: checking for windres
configure:9558: result: no
configure:9669: checking for windmc
configure:9699: result: no
configure:9810: checking for objcopy
configure:9826: found /usr/bin/objcopy
configure:9837: result: objcopy
configure:9951: checking for objdump
configure:9967: found /usr/bin/objdump
configure:9978: result: objdump
configure:10092: checking for readelf
configure:10108: found /usr/bin/readelf
configure:10119: result: readelf
configure:10233: checking for x86_64-kot-cc
configure:10263: result: no
configure:10233: checking for x86_64-kot-gcc
configure:10263: result: no
configure:10394: checking for x86_64-kot-c++
configure:10424: result: no
configure:10394: checking for x86_64-kot-g++
configure:10424: result: no
configure:10394: checking for x86_64-kot-cxx
configure:10424: result: no
configure:10394: checking for x86_64-kot-gxx
configure:10424: result: no
configure:10555: checking for x86_64-kot-gcc
configure:10585: result: no
configure:10711: checking for x86_64-kot-gfortran
configure:10741: result: no
configure:10872: checking for x86_64-kot-gccgo
configure:10902: result: no
configure:11113: checking for x86_64-kot-ar
configure:11143: result: no
configure:11343: checking for x86_64-kot-as
configure:11373: result: no
configure:11573: checking for x86_64-kot-dlltool
configure:11603: result: no
configure:11803: checking for x86_64-kot-ld
configure:11833: result: no
configure:12033: checking for x86_64-kot-lipo
configure:12063: result: no
configure:12263: checking for x86_64-kot-nm
configure:12293: result: no
configure:12493: checking for x86_64-kot-objcopy
configure:12523: result: no
configure:12723: checking for x86_64-kot-objdump
configure:12753: result: no
configure:12953: checking for x86_64-kot-ranlib
configure:12983: result: no
configure:13183: checking for x86_64-kot-readelf
configure:13213: result: no
configure:13413: checking for x86_64-kot-strip
configure:13443: result: no
configure:13643: checking for x86_64-kot-windres
configure:13673: result: no
configure:13873: checking for x86_64-kot-windmc
configure:13903: result: no
configure:13970: checking where to find the target ar
configure:13993: result: just compiled
configure:14012: checking where to find the target as
configure:14035: result: just compiled
configure:14054: checking where to find the target cc
configure:14091: result: pre-installed
configure:14096: checking where to find the target c++
configure:14136: result: pre-installed
configure:14141: checking where to find the target c++ for libstdc++
configure:14181: result: pre-installed
configure:14186: checking where to find the target dlltool
configure:14209: result: just compiled
configure:14228: checking where to find the target gcc
configure:14265: result: pre-installed
configure:14270: checking where to find the target gfortran
configure:14310: result: pre-installed
configure:14315: checking where to find the target gccgo
configure:14355: result: pre-installed
configure:14360: checking where to find the target ld
configure:14383: result: just compiled
configure:14402: checking where to find the target lipo
configure:14428: result: pre-installed
configure:14433: checking where to find the target nm
configure:14456: result: just compiled
configure:14475: checking where to find the target objcopy
configure:14498: result: just compiled
configure:14517: checking where to find the target objdump
configure:14540: result: just compiled
configure:14559: checking where to find the target ranlib
configure:14582: result: just compiled
configure:14601: checking where to find the target readelf
configure:14624: result: just compiled
configure:14643: checking where to find the target strip
configure:14666: result: just compiled
configure:14685: checking where to find the target windres
configure:14708: result: just compiled
configure:14727: checking where to find the target windmc
configure:14750: result: just compiled
configure:14797: checking whether to enable maintainer-specific portions of Makefiles
configure:14806: result: no
configure:15041: creating ./config.status

## ---------------------- ##
## Running config.status. ##
## ---------------------- ##

This file was extended by config.status, which was
generated by GNU Autoconf 2.69.  Invocation command line was

  CONFIG_FILES    = 
  CONFIG_HEADERS  = 
  CONFIG_LINKS    = 
  CONFIG_COMMANDS = 
  $ ./config.status 

on sebastien

config.status:977: creating Makefile

## ---------------- ##
## Cache variables. ##
## ---------------- ##

ac_cv_build=x86_64-pc-linux-gnu
ac_cv_c_compiler_gnu=yes
ac_cv_cxx_compiler_gnu=yes
ac_cv_env_AR_FOR_TARGET_set=
ac_cv_env_AR_FOR_TARGET_value=
ac_cv_env_AR_set=
ac_cv_env_AR_value=
ac_cv_env_AS_FOR_TARGET_set=
ac_cv_env_AS_FOR_TARGET_value=
ac_cv_env_AS_set=
ac_cv_env_AS_value=
ac_cv_env_CCC_set=
ac_cv_env_CCC_value=
ac_cv_env_CC_FOR_TARGET_set=
ac_cv_env_CC_FOR_TARGET_value=
ac_cv_env_CC_set=
ac_cv_env_CC_value=
ac_cv_env_CFLAGS_set=
ac_cv_env_CFLAGS_value=
ac_cv_env_CPPFLAGS_set=
ac_cv_env_CPPFLAGS_value=
ac_cv_env_CXXFLAGS_set=
ac_cv_env_CXXFLAGS_value=
ac_cv_env_CXX_FOR_TARGET_set=
ac_cv_env_CXX_FOR_TARGET_value=
ac_cv_env_CXX_set=
ac_cv_env_CXX_value=
ac_cv_env_DLLTOOL_FOR_TARGET_set=
ac_cv_env_DLLTOOL_FOR_TARGET_value=
ac_cv_env_DLLTOOL_set=
ac_cv_env_DLLTOOL_value=
ac_cv_env_GCC_FOR_TARGET_set=
ac_cv_env_GCC_FOR_TARGET_value=
ac_cv_env_GFORTRAN_FOR_TARGET_set=
ac_cv_env_GFORTRAN_FOR_TARGET_value=
ac_cv_env_GOC_FOR_TARGET_set=
ac_cv_env_GOC_FOR_TARGET_value=
ac_cv_env_LDFLAGS_set=
ac_cv_env_LDFLAGS_value=
ac_cv_env_LD_FOR_TARGET_set=
ac_cv_env_LD_FOR_TARGET_value=
ac_cv_env_LD_set=
ac_cv_env_LD_value=
ac_cv_env_LIBS_set=
ac_cv_env_LIBS_value=
ac_cv_env_LIPO_FOR_TARGET_set=
ac_cv_env_LIPO_FOR_TARGET_value=
ac_cv_env_LIPO_set=
ac_cv_env_LIPO_value=
ac_cv_env_NM_FOR_TARGET_set=
ac_cv_env_NM_FOR_TARGET_value=
ac_cv_env_NM_set=
ac_cv_env_NM_value=
ac_cv_env_OBJCOPY_FOR_TARGET_set=
ac_cv_env_OBJCOPY_FOR_TARGET_value=
ac_cv_env_OBJCOPY_set=
ac_cv_env_OBJCOPY_value=
ac_cv_env_OBJDUMP_FOR_TARGET_set=
ac_cv_env_OBJDUMP_FOR_TARGET_value=
ac_cv_env_OBJDUMP_set=
ac_cv_env_OBJDUMP_value=
ac_cv_env_RANLIB_FOR_TARGET_set=
ac_cv_env_RANLIB_FOR_TARGET_value=
ac_cv_env_RANLIB_set=
ac_cv_env_RANLIB_value=
ac_cv_env_READELF_FOR_TARGET_set=
ac_cv_env_READELF_FOR_TARGET_value=
ac_cv_env_READELF_set=
ac_cv_env_READELF_value=
ac_cv_env_STRIP_FOR_TARGET_set=
ac_cv_env_STRIP_FOR_TARGET_value=
ac_cv_env_STRIP_set=
ac_cv_env_STRIP_value=
ac_cv_env_WINDMC_FOR_TARGET_set=
ac_cv_env_WINDMC_FOR_TARGET_value=
ac_cv_env_WINDMC_set=
ac_cv_env_WINDMC_value=
ac_cv_env_WINDRES_FOR_TARGET_set=
ac_cv_env_WINDRES_FOR_TARGET_value=
ac_cv_env_WINDRES_set=
ac_cv_env_WINDRES_value=
ac_cv_env_build_alias_set=
ac_cv_env_build_alias_value=
ac_cv_env_build_configargs_set=
ac_cv_env_build_configargs_value=
ac_cv_env_host_alias_set=
ac_cv_env_host_alias_value=
ac_cv_env_host_configargs_set=
ac_cv_env_host_configargs_value=
ac_cv_env_target_alias_set=set
ac_cv_env_target_alias_value=x86_64-kot
ac_cv_env_target_configargs_set=
ac_cv_env_target_configargs_value=
ac_cv_have_decl_debuginfod_begin=no
ac_cv_host=x86_64-pc-linux-gnu
ac_cv_lib_debuginfod_debuginfod_begin=no
ac_cv_objext=o
ac_cv_path_SED=/usr/bin/sed
ac_cv_path_install='/usr/bin/install -c'
ac_cv_prog_AR=ar
ac_cv_prog_AS=as
ac_cv_prog_AWK=gawk
ac_cv_prog_BISON=bison
ac_cv_prog_FLEX=flex
ac_cv_prog_LD=ld
ac_cv_prog_LEX=flex
ac_cv_prog_M4=m4
ac_cv_prog_MAKEINFO=makeinfo
ac_cv_prog_NM=nm
ac_cv_prog_OBJCOPY=objcopy
ac_cv_prog_OBJDUMP=objdump
ac_cv_prog_RANLIB=ranlib
ac_cv_prog_READELF=readelf
ac_cv_prog_STRIP=strip
ac_cv_prog_YACC='bison -y'
ac_cv_prog_ac_ct_CC=gcc
ac_cv_prog_ac_ct_CXX=g++
ac_cv_prog_cc_c89=
ac_cv_prog_cc_g=yes
ac_cv_prog_cxx_g=yes
ac_cv_target=x86_64-pc-kot
acx_cv_cc_gcc_supports_ada=no
acx_cv_prog_LN=ln
gcc_cv_isl=no
gcc_cv_prog_cmp_skip='cmp --ignore-initial=16 $$f1 $$f2'
gcc_cv_tool_dirs=
gcc_cv_tool_prefix=/home/sebastien/Bureau/Kot/Toolchain/Local
lt_cv_objdir=.libs

## ----------------- ##
## Output variables. ##
## ----------------- ##

AR='ar'
AR_FOR_BUILD='$(AR)'
AR_FOR_TARGET='$$r/$(HOST_SUBDIR)/binutils/ar'
AS='as'
AS_FOR_BUILD='$(AS)'
AS_FOR_TARGET='$$r/$(HOST_SUBDIR)/gas/as-new'
AWK='gawk'
BISON='bison'
BUILD_CONFIG=''
CC='gcc'
CC_FOR_BUILD='$(CC)'
CC_FOR_TARGET='x86_64-kot-cc'
CFLAGS='-g -O2'
CFLAGS_FOR_BUILD='-g -O2'
CFLAGS_FOR_TARGET='-g -O2'
COMPILER_AS_FOR_TARGET='$(AS_FOR_TARGET)'
COMPILER_LD_FOR_TARGET='$(LD_FOR_TARGET)'
COMPILER_NM_FOR_TARGET='$(NM_FOR_TARGET)'
CONFIGURE_GDB_TK=''
CPPFLAGS=''
CXX='g++'
CXXFLAGS='-g -O2'
CXXFLAGS_FOR_BUILD='-g -O2'
CXXFLAGS_FOR_TARGET='-g -O2'
CXX_FOR_BUILD='$(CXX)'
CXX_FOR_TARGET='x86_64-kot-c++'
DEBUG_PREFIX_CFLAGS_FOR_TARGET=''
DEFS='-DPACKAGE_NAME=\"\" -DPACKAGE_TARNAME=\"\" -DPACKAGE_VERSION=\"\" -DPACKAGE_STRING=\"\" -DPACKAGE_BUGREPORT=\"\" -DPACKAGE_URL=\"\" -DLT_OBJDIR=\".libs/\"'
DLLTOOL='dlltool'
DLLTOOL_FOR_BUILD='$(DLLTOOL)'
DLLTOOL_FOR_TARGET='$$r/$(HOST_SUBDIR)/binutils/dlltool'
ECHO_C=''
ECHO_N='-n'
ECHO_T=''
EXEEXT=''
EXPECT='expect'
FLAGS_FOR_TARGET=' -L$$r/$(HOST_SUBDIR)/ld'
FLEX='flex'
GCC_FOR_TARGET='x86_64-kot-gcc'
GCC_SHLIB_SUBDIR=''
GDB_TK=''
GFORTRAN_FOR_BUILD='$(GFORTRAN)'
GFORTRAN_FOR_TARGET='x86_64-kot-gfortran'
GNATBIND='no'
GNATMAKE='no'
GOC_FOR_BUILD='$(GOC)'
GOC_FOR_TARGET='x86_64-kot-gccgo'
INSTALL_DATA='${INSTALL} -m 644'
INSTALL_GDB_TK=''
INSTALL_PROGRAM='${INSTALL}'
INSTALL_SCRIPT='${INSTALL}'
LD='ld'
LDFLAGS=''
LDFLAGS_FOR_BUILD=''
LDFLAGS_FOR_TARGET=''
LD_FOR_BUILD='$(LD)'
LD_FOR_TARGET='$$r/$(HOST_SUBDIR)/ld/ld-new'
LEX='flex'
LIBDEBUGINFOD=''
LIBOBJS=''
LIBS=''
LIPO='lipo'
LIPO_FOR_TARGET='x86_64-kot-lipo'
LN='ln'
LN_S='ln -s'
LTLIBOBJS=''
M4='m4'
MAINT='#'
MAINTAINER_MODE_FALSE=''
MAINTAINER_MODE_TRUE='#'
MAKEINFO='makeinfo'
NM='nm'
NM_FOR_BUILD='$(NM)'
NM_FOR_TARGET='$$r/$(HOST_SUBDIR)/binutils/nm-new'
OBJCOPY='objcopy'
OBJCOPY_FOR_TARGET='$$r/$(HOST_SUBDIR)/binutils/objcopy'
OBJDUMP='objdump'
OBJDUMP_FOR_TARGET='$$r/$(HOST_SUBDIR)/binutils/objdump'
OBJEXT='o'
PACKAGE_BUGREPORT=''
PACKAGE_NAME=''
PACKAGE_STRING=''
PACKAGE_TARNAME=''
PACKAGE_URL=''
PACKAGE_VERSION=''
PATH_SEPARATOR=':'
RANLIB='ranlib'
RANLIB_FOR_BUILD='$(RANLIB)'
RANLIB_FOR_TARGET='$$r/$(HOST_SUBDIR)/binutils/ranlib'
RAW_CXX_FOR_TARGET='x86_64-kot-c++'
READELF='readelf'
READELF_FOR_TARGET='$$r/$(HOST_SUBDIR)/binutils/readelf'
RPATH_ENVVAR='LD_LIBRARY_PATH'
RUNTEST='runtest'
SED='/usr/bin/sed'
SHELL='/bin/bash'
STRIP='strip'
STRIP_FOR_TARGET='$$r/$(HOST_SUBDIR)/binutils/strip-new'
SYSROOT_CFLAGS_FOR_TARGET=''
TOPLEVEL_CONFIGURE_ARGUMENTS='../configure --prefix=/home/sebastien/Bureau/Kot/Toolchain/Local --target=x86_64-kot --with-sysroot=/home/sebastien/Bureau/Kot/Sysroot --disable-nls --disable-werror --enable-shared'
WINDMC='windmc'
WINDMC_FOR_BUILD='$(WINDMC)'
WINDMC_FOR_TARGET='$$r/$(HOST_SUBDIR)/binutils/windmc'
WINDRES='windres'
WINDRES_FOR_BUILD='$(WINDRES)'
WINDRES_FOR_TARGET='$$r/$(HOST_SUBDIR)/binutils/windres'
YACC='bison -y'
ac_ct_CC='gcc'
ac_ct_CXX='g++'
bindir='${exec_prefix}/bin'
build='x86_64-pc-linux-gnu'
build_alias=''
build_configargs=' --cache-file=./config.cache '\''--prefix=/home/sebastien/Bureau/Kot/Toolchain/Local'\'' '\''--with-sysroot=/home/sebastien/Bureau/Kot/Sysroot'\'' '\''--disable-nls'\'' '\''--disable-werror'\'' '\''--enable-shared'\'' --program-transform-name='\''s&^&x86_64-kot-&'\'' --disable-option-checking'
build_configdirs=' libiberty'
build_cpu='x86_64'
build_libsubdir='build-x86_64-pc-linux-gnu'
build_noncanonical='x86_64-pc-linux-gnu'
build_os='linux-gnu'
build_subdir='build-x86_64-pc-linux-gnu'
build_tooldir='${exec_prefix}/x86_64-kot'
build_vendor='pc'
compare_exclusions='gcc/cc*-checksum$(objext) | gcc/ada/*tools/*'
configdirs=' intl libiberty opcodes bfd zlib libctf binutils gas ld gprof etc'
datadir='${datarootdir}'
datarootdir='${prefix}/share'
do_compare='cmp --ignore-initial=16 $$f1 $$f2'
docdir='${datarootdir}/doc/${PACKAGE}'
dvidir='${docdir}'
exec_prefix='${prefix}'
extra_host_libiberty_configure_flags=''
extra_host_zlib_configure_flags='--enable-host-shared'
extra_isl_gmp_configure_flags=''
extra_liboffloadmic_configure_flags=''
extra_linker_plugin_configure_flags=''
extra_linker_plugin_flags=''
extra_mpc_gmp_configure_flags=''
extra_mpc_mpfr_configure_flags=''
extra_mpfr_configure_flags=''
get_gcc_base_ver='cat'
gmpinc=''
gmplibs='-lmpc -lmpfr -lgmp'
host='x86_64-pc-linux-gnu'
host_alias=''
host_configargs=' --cache-file=./config.cache  --with-gnu-as --with-gnu-ld '\''--prefix=/home/sebastien/Bureau/Kot/Toolchain/Local'\'' '\''--with-sysroot=/home/sebastien/Bureau/Kot/Sysroot'\'' '\''--disable-nls'\'' '\''--disable-werror'\'' '\''--enable-shared'\'' --program-transform-name='\''s&^&x86_64-kot-&'\'' --disable-option-checking'
host_cpu='x86_64'
host_noncanonical='x86_64-pc-linux-gnu'
host_os='linux-gnu'
host_shared='no'
host_subdir='.'
host_vendor='pc'
htmldir='${docdir}'
includedir='${prefix}/include'
infodir='${datarootdir}/info'
islinc=''
isllibs=''
libdir='${exec_prefix}/lib'
libexecdir='${exec_prefix}/libexec'
localedir='${datarootdir}/locale'
localstatedir='${prefix}/var'
mandir='${datarootdir}/man'
oldincludedir='/usr/include'
pdfdir='${docdir}'
poststage1_ldflags='-static-libstdc++ -static-libgcc'
poststage1_libs=''
prefix='/home/sebastien/Bureau/Kot/Toolchain/Local'
program_transform_name='s&^&x86_64-kot-&'
psdir='${docdir}'
sbindir='${exec_prefix}/sbin'
sharedstatedir='${prefix}/com'
stage1_cflags='-g'
stage1_checking='--enable-checking=yes,types'
stage1_languages=',c,'
stage1_ldflags=''
stage1_libs=''
stage2_werror_flag=''
sysconfdir='${prefix}/etc'
target='x86_64-pc-kot'
target_alias='x86_64-kot'
target_configargs='--cache-file=./config.cache --enable-multilib --with-cross-host=x86_64-pc-linux-gnu   '\''--prefix=/home/sebastien/Bureau/Kot/Toolchain/Local'\'' '\''--with-sysroot=/home/sebastien/Bureau/Kot/Sysroot'\'' '\''--disable-nls'\'' '\''--disable-werror'\'' '\''--enable-shared'\'' --program-transform-name='\''s&^&x86_64-kot-&'\'' --disable-option-checking'
target_configdirs=''
target_cpu='x86_64'
target_noncanonical='x86_64-kot'
target_os='kot'
target_subdir='x86_64-kot'
target_vendor='pc'
tooldir='${exec_prefix}/x86_64-kot'

## ------------------- ##
## File substitutions. ##
## ------------------- ##

alphaieee_frag='/dev/null'
host_makefile_frag='/dev/null'
ospace_frag='/dev/null'
serialization_dependencies='serdep.tmp'
target_makefile_frag='/dev/null'

## ----------- ##
## confdefs.h. ##
## ----------- ##

/* confdefs.h */
#define PACKAGE_NAME ""
#define PACKAGE_TARNAME ""
#define PACKAGE_VERSION ""
#define PACKAGE_STRING ""
#define PACKAGE_BUGREPORT ""
#define PACKAGE_URL ""
#define LT_OBJDIR ".libs/"

configure: exit 0
