This file contains any messages produced by compilers while
running configure, to aid debugging if configure makes a mistake.

It was created by configure, which was
generated by GNU Autoconf 2.69.  Invocation command line was

  $ /home/sebastien/Bureau/Kot/Toolchain/sources/binutils-2.35/libiberty/configure --srcdir=../../libiberty --cache-file=./config.cache --with-gnu-as --with-gnu-ld --prefix=/home/sebastien/Bureau/Kot/Toolchain/Local --with-sysroot=/home/sebastien/Bureau/Kot/Sysroot --disable-nls --disable-werror --enable-shared --program-transform-name=s&^&x86_64-kot-& --disable-option-checking --build=x86_64-pc-linux-gnu --host=x86_64-pc-linux-gnu --target=x86_64-kot

## --------- ##
## Platform. ##
## --------- ##

hostname = sebastien
uname -m = x86_64
uname -r = 5.17.0-5.1-liquorix-amd64
uname -s = Linux
uname -v = #1 ZEN SMP PREEMPT liquorix 5.17-9ubuntu1~impish (2022-04-27)

/usr/bin/uname -p = x86_64
/bin/uname -X     = unknown

/bin/arch              = x86_64
/usr/bin/arch -k       = unknown
/usr/convex/getsysinfo = unknown
/usr/bin/hostinfo      = unknown
/bin/machine           = unknown
/usr/bin/oslevel       = unknown
/bin/universe          = unknown

PATH: /usr/local/sbin
PATH: /usr/local/bin
PATH: /usr/sbin
PATH: /usr/bin
PATH: /sbin
PATH: /bin
PATH: /snap/bin
PATH: /home/sebastien/Bureau/Kot/Toolchain/Local/bin


## ----------- ##
## Core tests. ##
## ----------- ##

configure:2375: loading cache ./config.cache
configure:2543: checking whether to enable maintainer-specific portions of Makefiles
configure:2553: result: no
configure:2568: checking for makeinfo
configure:2595: result: makeinfo --split-size=5000000
configure:2635: checking for perl
configure:2662: result: perl
configure:2681: checking build system type
configure:2695: result: x86_64-pc-linux-gnu
configure:2715: checking host system type
configure:2728: result: x86_64-pc-linux-gnu
configure:2753: checking for x86_64-pc-linux-gnu-ar
configure:2780: result: ar
configure:2845: checking for x86_64-pc-linux-gnu-ranlib
configure:2872: result: ranlib
configure:2957: checking whether to install libiberty headers and static library
configure:2980: result: no
configure:2982: target_header_dir = 
configure:2994: checking for x86_64-pc-linux-gnu-gcc
configure:3021: result: gcc
configure:3290: checking for C compiler version
configure:3299: gcc --version >&5
gcc (Ubuntu 11.2.0-19ubuntu1) 11.2.0
Copyright (C) 2021 Free Software Foundation, Inc.
This is free software; see the source for copying conditions.  There is NO
warranty; not even for MERCHANTABILITY or FITNESS FOR A PARTICULAR PURPOSE.

configure:3310: $? = 0
configure:3299: gcc -v >&5
Using built-in specs.
COLLECT_GCC=gcc
COLLECT_LTO_WRAPPER=/usr/lib/gcc/x86_64-linux-gnu/11/lto-wrapper
OFFLOAD_TARGET_NAMES=nvptx-none:amdgcn-amdhsa
OFFLOAD_TARGET_DEFAULT=1
Target: x86_64-linux-gnu
Configured with: ../src/configure -v --with-pkgversion='Ubuntu 11.2.0-19ubuntu1' --with-bugurl=file:///usr/share/doc/gcc-11/README.Bugs --enable-languages=c,ada,c++,go,brig,d,fortran,objc,obj-c++,m2 --prefix=/usr --with-gcc-major-version-only --program-suffix=-11 --program-prefix=x86_64-linux-gnu- --enable-shared --enable-linker-build-id --libexecdir=/usr/lib --without-included-gettext --enable-threads=posix --libdir=/usr/lib --enable-nls --enable-bootstrap --enable-clocale=gnu --enable-libstdcxx-debug --enable-libstdcxx-time=yes --with-default-libstdcxx-abi=new --enable-gnu-unique-object --disable-vtable-verify --enable-plugin --enable-default-pie --with-system-zlib --enable-libphobos-checking=release --with-target-system-zlib=auto --enable-objc-gc=auto --enable-multiarch --disable-werror --enable-cet --with-arch-32=i686 --with-abi=m64 --with-multilib-list=m32,m64,mx32 --enable-multilib --with-tune=generic --enable-offload-targets=nvptx-none=/build/gcc-11-gBFGDP/gcc-11-11.2.0/debian/tmp-nvptx/usr,amdgcn-amdhsa=/build/gcc-11-gBFGDP/gcc-11-11.2.0/debian/tmp-gcn/usr --without-cuda-driver --enable-checking=release --build=x86_64-linux-gnu --host=x86_64-linux-gnu --target=x86_64-linux-gnu --with-build-config=bootstrap-lto-lean --enable-link-serialization=2
Thread model: posix
Supported LTO compression algorithms: zlib zstd
gcc version 11.2.0 (Ubuntu 11.2.0-19ubuntu1) 
... rest of stderr output deleted ...
configure:3310: $? = 0
configure:3299: gcc -V >&5
gcc: error: unrecognized command-line option '-V'
gcc: fatal error: no input files
compilation terminated.
configure:3310: $? = 1
configure:3299: gcc -qversion >&5
gcc: error: unrecognized command-line option '-qversion'; did you mean '--version'?
gcc: fatal error: no input files
compilation terminated.
configure:3310: $? = 1
configure:3326: gcc -o conftest -g -O2    conftest.c  >&5
configure:3329: $? = 0
configure:3358: checking whether the C compiler works
configure:3380: gcc -g -O2    conftest.c  >&5
configure:3384: $? = 0
configure:3432: result: yes
configure:3435: checking for C compiler default output file name
configure:3437: result: a.out
configure:3443: checking for suffix of executables
configure:3450: gcc -o conftest -g -O2    conftest.c  >&5
configure:3454: $? = 0
configure:3476: result: 
configure:3498: checking whether we are cross compiling
configure:3506: gcc -o conftest -g -O2    conftest.c  >&5
configure:3510: $? = 0
configure:3517: ./conftest
configure:3521: $? = 0
configure:3536: result: no
configure:3542: checking for suffix of object files
configure:3589: result: o
configure:3593: checking whether we are using the GNU C compiler
configure:3621: result: yes
configure:3630: checking whether gcc accepts -g
configure:3691: result: yes
configure:3708: checking for gcc option to accept ISO C89
configure:3784: result: none needed
configure:3810: checking how to run the C preprocessor
configure:3880: result: gcc -E
configure:3900: gcc -E  conftest.c
configure:3900: $? = 0
configure:3914: gcc -E  conftest.c
conftest.c:9:10: fatal error: ac_nonexistent.h: No such file or directory
    9 | #include <ac_nonexistent.h>
      |          ^~~~~~~~~~~~~~~~~~
compilation terminated.
configure:3914: $? = 1
configure: failed program was:
| /* confdefs.h */
| #define PACKAGE_NAME ""
| #define PACKAGE_TARNAME ""
| #define PACKAGE_VERSION ""
| #define PACKAGE_STRING ""
| #define PACKAGE_BUGREPORT ""
| #define PACKAGE_URL ""
| /* end confdefs.h.  */
| #include <ac_nonexistent.h>
configure:3943: checking for grep that handles long lines and -e
configure:4001: result: /usr/bin/grep
configure:4006: checking for egrep
configure:4068: result: /usr/bin/grep -E
configure:4073: checking for ANSI C header files
configure:4177: result: yes
configure:4190: checking for sys/types.h
configure:4190: result: yes
configure:4190: checking for sys/stat.h
configure:4190: result: yes
configure:4190: checking for stdlib.h
configure:4190: result: yes
configure:4190: checking for string.h
configure:4190: result: yes
configure:4190: checking for memory.h
configure:4190: result: yes
configure:4190: checking for strings.h
configure:4190: result: yes
configure:4190: checking for inttypes.h
configure:4190: result: yes
configure:4190: checking for stdint.h
configure:4190: result: yes
configure:4190: checking for unistd.h
configure:4190: result: yes
configure:4203: checking for minix/config.h
configure:4203: result: no
configure:4224: checking whether it is safe to define __EXTENSIONS__
configure:4249: result: yes
configure:4271: checking for special C compiler options needed for large files
configure:4316: result: no
configure:4322: checking for _FILE_OFFSET_BITS value needed for large files
configure:4379: result: no
configure:4486: checking whether gcc supports -W
configure:4512: result: yes
configure:4486: checking whether gcc supports -Wall
configure:4512: result: yes
configure:4486: checking whether gcc supports -Wwrite-strings
configure:4512: result: yes
configure:4486: checking whether gcc supports -Wc++-compat
configure:4512: result: yes
configure:4486: checking whether gcc supports -Wstrict-prototypes
configure:4512: result: yes
configure:4486: checking whether gcc supports -Wshadow=local
configure:4512: result: yes
configure:4535: checking whether gcc supports -pedantic 
configure:4561: result: yes
configure:4577: checking whether gcc and cc understand -c and -o together
configure:4677: result: yes
configure:4696: checking for an ANSI C-conforming const
configure:4769: result: yes
configure:4777: checking for inline
configure:4801: result: inline
configure:4819: checking whether byte ordering is bigendian
configure:5025: result: no
configure:5064: checking for a BSD-compatible install
configure:5132: result: /usr/bin/install -c
configure:5283: checking for CET support
configure:5312: gcc -c -g -O2 -fcf-protection  conftest.c >&5
configure:5312: $? = 0
configure:5368: gcc -o conftest -g -O2 -fcf-protection=none    -Wl,-z,ibt,-z,shstk conftest.c  >&5
configure:5368: $? = 0
configure:5415: gcc -o conftest -g -O2 -fcf-protection=none    -Wl,-z,ibt,-z,shstk conftest.c  >&5
configure:5415: $? = 0
configure:5415: ./conftest
configure:5415: $? = 0
configure:5435: result: yes
configure:5473: checking for sys/file.h
configure:5473: result: yes
configure:5473: checking for sys/param.h
configure:5473: result: yes
configure:5473: checking for limits.h
configure:5473: result: yes
configure:5473: checking for stdlib.h
configure:5473: result: yes
configure:5473: checking for malloc.h
configure:5473: result: yes
configure:5473: checking for string.h
configure:5473: result: yes
configure:5473: checking for unistd.h
configure:5473: result: yes
configure:5473: checking for strings.h
configure:5473: result: yes
configure:5473: checking for sys/time.h
configure:5473: result: yes
configure:5473: checking for time.h
configure:5473: result: yes
configure:5473: checking for sys/resource.h
configure:5473: result: yes
configure:5473: checking for sys/stat.h
configure:5473: result: yes
configure:5473: checking for sys/mman.h
configure:5473: result: yes
configure:5473: checking for fcntl.h
configure:5473: result: yes
configure:5473: checking for alloca.h
configure:5473: result: yes
configure:5473: checking for sys/pstat.h
configure:5473: result: no
configure:5473: checking for sys/sysmp.h
configure:5473: result: no
configure:5473: checking for sys/sysinfo.h
configure:5473: result: yes
configure:5473: checking for machine/hal_sysinfo.h
configure:5473: result: no
configure:5473: checking for sys/table.h
configure:5473: result: no
configure:5473: checking for sys/sysctl.h
configure:5473: result: no
configure:5473: checking for sys/systemcfg.h
configure:5473: result: no
configure:5473: checking for stdint.h
configure:5473: result: yes
configure:5473: checking for stdio_ext.h
configure:5473: result: yes
configure:5473: checking for process.h
configure:5473: result: no
configure:5473: checking for sys/prctl.h
configure:5473: result: yes
configure:5482: checking for sys/wait.h that is POSIX.1 compatible
configure:5515: result: yes
configure:5523: checking whether time.h and sys/time.h may both be included
configure:5550: result: yes
configure:5559: checking whether errno must be declared
configure:5582: result: no
configure:5596: checking size of int
configure:5615: result: 4
configure:5629: checking size of long
configure:5648: result: 8
configure:5662: checking size of size_t
configure:5681: result: 8
configure:5693: checking for long long
configure:5693: result: yes
configure:5701: checking size of long long
configure:5720: result: 8
configure:5734: checking for a 64-bit type
configure:5802: result: uint64_t
configure:5813: checking for intptr_t
configure:5813: result: yes
configure:5849: checking for uintptr_t
configure:5849: result: yes
configure:5885: checking for ssize_t
configure:5885: result: yes
configure:5904: checking for pid_t
configure:5904: result: yes
configure:6586: checking for library containing strerror
configure:6637: result: none required
configure:6648: checking for asprintf
configure:6648: result: yes
configure:6648: checking for atexit
configure:6648: result: yes
configure:6648: checking for basename
configure:6648: result: yes
configure:6648: checking for bcmp
configure:6648: result: yes
configure:6648: checking for bcopy
configure:6648: result: yes
configure:6648: checking for bsearch
configure:6648: result: yes
configure:6648: checking for bzero
configure:6648: result: yes
configure:6648: checking for calloc
configure:6648: result: yes
configure:6648: checking for clock
configure:6648: result: yes
configure:6648: checking for ffs
configure:6648: result: yes
configure:6648: checking for getcwd
configure:6648: result: yes
configure:6648: checking for getpagesize
configure:6648: result: yes
configure:6648: checking for gettimeofday
configure:6648: result: yes
configure:6648: checking for index
configure:6648: result: yes
configure:6648: checking for insque
configure:6648: result: yes
configure:6648: checking for memchr
configure:6648: result: yes
configure:6648: checking for memcmp
configure:6648: result: yes
configure:6648: checking for memcpy
configure:6648: result: yes
configure:6648: checking for memmem
configure:6648: result: yes
configure:6648: checking for memmove
configure:6648: result: yes
configure:6648: checking for mempcpy
configure:6648: result: yes
configure:6648: checking for memset
configure:6648: result: yes
configure:6648: checking for mkstemps
configure:6648: result: yes
configure:6648: checking for putenv
configure:6648: result: yes
configure:6648: checking for random
configure:6648: result: yes
configure:6648: checking for rename
configure:6648: result: yes
configure:6648: checking for rindex
configure:6648: result: yes
configure:6648: checking for setenv
configure:6648: result: yes
configure:6648: checking for snprintf
configure:6648: result: yes
configure:6648: checking for sigsetmask
configure:6648: result: yes
configure:6648: checking for stpcpy
configure:6648: result: yes
configure:6648: checking for stpncpy
configure:6648: result: yes
configure:6648: checking for strcasecmp
configure:6648: result: yes
configure:6648: checking for strchr
configure:6648: result: yes
configure:6648: checking for strdup
configure:6648: result: yes
configure:6648: checking for strncasecmp
configure:6648: result: yes
configure:6648: checking for strndup
configure:6648: result: yes
configure:6648: checking for strnlen
configure:6648: result: yes
configure:6648: checking for strrchr
configure:6648: result: yes
configure:6648: checking for strstr
configure:6648: result: yes
configure:6648: checking for strtod
configure:6648: result: yes
configure:6648: checking for strtol
configure:6648: result: yes
configure:6648: checking for strtoul
configure:6648: result: yes
configure:6648: checking for strtoll
configure:6648: result: yes
configure:6648: checking for strtoull
configure:6648: result: yes
configure:6648: checking for strverscmp
configure:6648: result: yes
configure:6648: checking for tmpnam
configure:6648: result: yes
configure:6648: checking for vasprintf
configure:6648: result: yes
configure:6648: checking for vfprintf
configure:6648: result: yes
configure:6648: checking for vprintf
configure:6648: result: yes
configure:6648: checking for vsnprintf
configure:6648: result: yes
configure:6648: checking for vsprintf
configure:6648: result: yes
configure:6648: checking for waitpid
configure:6648: result: yes
configure:6648: checking for setproctitle
configure:6648: result: no
configure:6664: checking whether alloca needs Cray hooks
configure:6687: result: no
configure:6704: checking stack direction for C alloca
configure:6741: result: 1
configure:6751: checking for vfork.h
configure:6751: result: no
configure:6763: checking for fork
configure:6763: result: yes
configure:6763: checking for vfork
configure:6763: result: yes
configure:6773: checking for working fork
configure:6805: result: yes
configure:6826: checking for working vfork
configure:6936: result: yes
configure:6990: checking for _doprnt
configure:6990: result: no
configure:7002: checking for sys_errlist
configure:7039: result: no
configure:7002: checking for sys_nerr
configure:7039: result: no
configure:7002: checking for sys_siglist
configure:7039: result: no
configure:7046: checking for external symbol _system_configuration
configure:7059: gcc -c -g -O2  conftest.c >&5
conftest.c:112:10: fatal error: sys/systemcfg.h: No such file or directory
  112 | #include <sys/systemcfg.h>
      |          ^~~~~~~~~~~~~~~~~
compilation terminated.
configure:7059: $? = 1
configure: failed program was:
| /* confdefs.h */
| #define PACKAGE_NAME ""
| #define PACKAGE_TARNAME ""
| #define PACKAGE_VERSION ""
| #define PACKAGE_STRING ""
| #define PACKAGE_BUGREPORT ""
| #define PACKAGE_URL ""
| #define STDC_HEADERS 1
| #define HAVE_SYS_TYPES_H 1
| #define HAVE_SYS_STAT_H 1
| #define HAVE_STDLIB_H 1
| #define HAVE_STRING_H 1
| #define HAVE_MEMORY_H 1
| #define HAVE_STRINGS_H 1
| #define HAVE_INTTYPES_H 1
| #define HAVE_STDINT_H 1
| #define HAVE_UNISTD_H 1
| #define __EXTENSIONS__ 1
| #define _ALL_SOURCE 1
| #define _GNU_SOURCE 1
| #define _POSIX_PTHREAD_SEMANTICS 1
| #define _TANDEM_SOURCE 1
| #define HAVE_SYS_FILE_H 1
| #define HAVE_SYS_PARAM_H 1
| #define HAVE_LIMITS_H 1
| #define HAVE_STDLIB_H 1
| #define HAVE_MALLOC_H 1
| #define HAVE_STRING_H 1
| #define HAVE_UNISTD_H 1
| #define HAVE_STRINGS_H 1
| #define HAVE_SYS_TIME_H 1
| #define HAVE_TIME_H 1
| #define HAVE_SYS_RESOURCE_H 1
| #define HAVE_SYS_STAT_H 1
| #define HAVE_SYS_MMAN_H 1
| #define HAVE_FCNTL_H 1
| #define HAVE_ALLOCA_H 1
| #define HAVE_SYS_SYSINFO_H 1
| #define HAVE_STDINT_H 1
| #define HAVE_STDIO_EXT_H 1
| #define HAVE_SYS_PRCTL_H 1
| #define HAVE_SYS_WAIT_H 1
| #define TIME_WITH_SYS_TIME 1
| #define SIZEOF_INT 4
| #define SIZEOF_LONG 8
| #define SIZEOF_SIZE_T 8
| #define HAVE_LONG_LONG 1
| #define SIZEOF_LONG_LONG 8
| #define UNSIGNED_64BIT_TYPE uint64_t
| #define HAVE_INTPTR_T 1
| #define HAVE_UINTPTR_T 1
| #define HAVE_UINTPTR_T 1
| #define HAVE_ASPRINTF 1
| #define HAVE_ATEXIT 1
| #define HAVE_BASENAME 1
| #define HAVE_BCMP 1
| #define HAVE_BCOPY 1
| #define HAVE_BSEARCH 1
| #define HAVE_BZERO 1
| #define HAVE_CALLOC 1
| #define HAVE_CLOCK 1
| #define HAVE_FFS 1
| #define HAVE_GETCWD 1
| #define HAVE_GETPAGESIZE 1
| #define HAVE_GETTIMEOFDAY 1
| #define HAVE_INDEX 1
| #define HAVE_INSQUE 1
| #define HAVE_MEMCHR 1
| #define HAVE_MEMCMP 1
| #define HAVE_MEMCPY 1
| #define HAVE_MEMMEM 1
| #define HAVE_MEMMOVE 1
| #define HAVE_MEMPCPY 1
| #define HAVE_MEMSET 1
| #define HAVE_MKSTEMPS 1
| #define HAVE_PUTENV 1
| #define HAVE_RANDOM 1
| #define HAVE_RENAME 1
| #define HAVE_RINDEX 1
| #define HAVE_SETENV 1
| #define HAVE_SNPRINTF 1
| #define HAVE_SIGSETMASK 1
| #define HAVE_STPCPY 1
| #define HAVE_STPNCPY 1
| #define HAVE_STRCASECMP 1
| #define HAVE_STRCHR 1
| #define HAVE_STRDUP 1
| #define HAVE_STRNCASECMP 1
| #define HAVE_STRNDUP 1
| #define HAVE_STRNLEN 1
| #define HAVE_STRRCHR 1
| #define HAVE_STRSTR 1
| #define HAVE_STRTOD 1
| #define HAVE_STRTOL 1
| #define HAVE_STRTOUL 1
| #define HAVE_STRTOLL 1
| #define HAVE_STRTOULL 1
| #define HAVE_STRVERSCMP 1
| #define HAVE_TMPNAM 1
| #define HAVE_VASPRINTF 1
| #define HAVE_VFPRINTF 1
| #define HAVE_VPRINTF 1
| #define HAVE_VSNPRINTF 1
| #define HAVE_VSPRINTF 1
| #define HAVE_WAITPID 1
| #define STACK_DIRECTION 1
| #define HAVE_FORK 1
| #define HAVE_VFORK 1
| #define HAVE_WORKING_VFORK 1
| #define HAVE_WORKING_FORK 1
| /* end confdefs.h.  */
| #include <sys/systemcfg.h>
| int
| main ()
| {
| double x = _system_configuration.physmem;
|   ;
|   return 0;
| }
configure:7066: result: no
configure:7074: checking for __fsetlocking
configure:7074: result: yes
configure:7074: checking for canonicalize_file_name
configure:7074: result: yes
configure:7074: checking for dup3
configure:7074: result: yes
configure:7074: checking for getrlimit
configure:7074: result: yes
configure:7074: checking for getrusage
configure:7074: result: yes
configure:7074: checking for getsysinfo
configure:7074: result: no
configure:7074: checking for gettimeofday
configure:7074: result: yes
configure:7074: checking for on_exit
configure:7074: result: yes
configure:7074: checking for pipe2
configure:7074: result: yes
configure:7074: checking for psignal
configure:7074: result: yes
configure:7074: checking for pstat_getdynamic
configure:7074: result: no
configure:7074: checking for pstat_getstatic
configure:7074: result: no
configure:7074: checking for realpath
configure:7074: result: yes
configure:7074: checking for setrlimit
configure:7074: result: yes
configure:7074: checking for sbrk
configure:7074: result: yes
configure:7074: checking for spawnve
configure:7074: result: no
configure:7074: checking for spawnvpe
configure:7074: result: no
configure:7074: checking for strerror
configure:7074: result: yes
configure:7074: checking for strsignal
configure:7074: result: yes
configure:7074: checking for sysconf
configure:7074: result: yes
configure:7074: checking for sysctl
configure:7074: result: no
configure:7074: checking for sysmp
configure:7074: result: no
configure:7074: checking for table
configure:7074: result: no
configure:7074: checking for times
configure:7074: result: yes
configure:7074: checking for wait3
configure:7074: result: yes
configure:7074: checking for wait4
configure:7074: result: yes
configure:7084: checking whether basename is declared
configure:7084: result: yes
configure:7094: checking whether ffs is declared
configure:7094: result: yes
configure:7104: checking whether asprintf is declared
configure:7104: result: yes
configure:7114: checking whether vasprintf is declared
configure:7114: result: yes
configure:7124: checking whether snprintf is declared
configure:7124: result: yes
configure:7134: checking whether vsnprintf is declared
configure:7134: result: yes
configure:7145: checking whether calloc is declared
configure:7145: result: yes
configure:7155: checking whether getenv is declared
configure:7155: result: yes
configure:7165: checking whether getopt is declared
configure:7165: result: yes
configure:7175: checking whether malloc is declared
configure:7175: result: yes
configure:7185: checking whether realloc is declared
configure:7185: result: yes
configure:7195: checking whether sbrk is declared
configure:7195: result: yes
configure:7206: checking whether strtol is declared
configure:7206: result: yes
configure:7216: checking whether strtoul is declared
configure:7216: result: yes
configure:7226: checking whether strtoll is declared
configure:7226: result: yes
configure:7236: checking whether strtoull is declared
configure:7236: result: yes
configure:7247: checking whether strverscmp is declared
configure:7247: result: yes
configure:7258: checking whether strnlen is declared
configure:7258: result: yes
configure:7269: checking whether canonicalize_file_name must be declared
configure:7308: result: no
configure:7333: checking for stdlib.h
configure:7333: result: yes
configure:7333: checking for unistd.h
configure:7333: result: yes
configure:7333: checking for sys/param.h
configure:7333: result: yes
configure:7357: checking for getpagesize
configure:7357: result: yes
configure:7366: checking for working mmap
configure:7523: result: yes
configure:7534: checking for working strncmp
configure:7617: result: yes
configure:7764: creating ./config.status

## ---------------------- ##
## Running config.status. ##
## ---------------------- ##

This file was extended by config.status, which was
generated by GNU Autoconf 2.69.  Invocation command line was

  CONFIG_FILES    = 
  CONFIG_HEADERS  = 
  CONFIG_LINKS    = 
  CONFIG_COMMANDS = 
  $ ./config.status 

on sebastien

config.status:1009: creating Makefile
config.status:1009: creating testsuite/Makefile
config.status:1009: creating config.h
config.status:1174: config.h is unchanged
config.status:1188: executing default commands

## ---------------- ##
## Cache variables. ##
## ---------------- ##

ac_cv_build=x86_64-pc-linux-gnu
ac_cv_c_bigendian=no
ac_cv_c_compiler_gnu=yes
ac_cv_c_const=yes
ac_cv_c_inline=inline
ac_cv_c_stack_direction=1
ac_cv_env_CC_set=set
ac_cv_env_CC_value=gcc
ac_cv_env_CFLAGS_set=set
ac_cv_env_CFLAGS_value='-g -O2'
ac_cv_env_CPPFLAGS_set=
ac_cv_env_CPPFLAGS_value=
ac_cv_env_CPP_set=
ac_cv_env_CPP_value=
ac_cv_env_LDFLAGS_set=set
ac_cv_env_LDFLAGS_value=' '
ac_cv_env_LIBS_set=
ac_cv_env_LIBS_value=
ac_cv_env_build_alias_set=set
ac_cv_env_build_alias_value=x86_64-pc-linux-gnu
ac_cv_env_host_alias_set=set
ac_cv_env_host_alias_value=x86_64-pc-linux-gnu
ac_cv_env_target_alias_set=set
ac_cv_env_target_alias_value=x86_64-kot
ac_cv_func___fsetlocking=yes
ac_cv_func__doprnt=no
ac_cv_func_asprintf=yes
ac_cv_func_atexit=yes
ac_cv_func_basename=yes
ac_cv_func_bcmp=yes
ac_cv_func_bcopy=yes
ac_cv_func_bsearch=yes
ac_cv_func_bzero=yes
ac_cv_func_calloc=yes
ac_cv_func_canonicalize_file_name=yes
ac_cv_func_clock=yes
ac_cv_func_dup3=yes
ac_cv_func_ffs=yes
ac_cv_func_fork=yes
ac_cv_func_fork_works=yes
ac_cv_func_getcwd=yes
ac_cv_func_getpagesize=yes
ac_cv_func_getrlimit=yes
ac_cv_func_getrusage=yes
ac_cv_func_getsysinfo=no
ac_cv_func_gettimeofday=yes
ac_cv_func_index=yes
ac_cv_func_insque=yes
ac_cv_func_memchr=yes
ac_cv_func_memcmp=yes
ac_cv_func_memcpy=yes
ac_cv_func_memmem=yes
ac_cv_func_memmove=yes
ac_cv_func_mempcpy=yes
ac_cv_func_memset=yes
ac_cv_func_mkstemps=yes
ac_cv_func_mmap_fixed_mapped=yes
ac_cv_func_on_exit=yes
ac_cv_func_pipe2=yes
ac_cv_func_psignal=yes
ac_cv_func_pstat_getdynamic=no
ac_cv_func_pstat_getstatic=no
ac_cv_func_putenv=yes
ac_cv_func_random=yes
ac_cv_func_realpath=yes
ac_cv_func_rename=yes
ac_cv_func_rindex=yes
ac_cv_func_sbrk=yes
ac_cv_func_setenv=yes
ac_cv_func_setproctitle=no
ac_cv_func_setrlimit=yes
ac_cv_func_sigsetmask=yes
ac_cv_func_snprintf=yes
ac_cv_func_spawnve=no
ac_cv_func_spawnvpe=no
ac_cv_func_stpcpy=yes
ac_cv_func_stpncpy=yes
ac_cv_func_strcasecmp=yes
ac_cv_func_strchr=yes
ac_cv_func_strdup=yes
ac_cv_func_strerror=yes
ac_cv_func_strncasecmp=yes
ac_cv_func_strncmp_works=yes
ac_cv_func_strndup=yes
ac_cv_func_strnlen=yes
ac_cv_func_strrchr=yes
ac_cv_func_strsignal=yes
ac_cv_func_strstr=yes
ac_cv_func_strtod=yes
ac_cv_func_strtol=yes
ac_cv_func_strtoll=yes
ac_cv_func_strtoul=yes
ac_cv_func_strtoull=yes
ac_cv_func_strverscmp=yes
ac_cv_func_sysconf=yes
ac_cv_func_sysctl=no
ac_cv_func_sysmp=no
ac_cv_func_table=no
ac_cv_func_times=yes
ac_cv_func_tmpnam=yes
ac_cv_func_vasprintf=yes
ac_cv_func_vfork=yes
ac_cv_func_vfork_works=yes
ac_cv_func_vfprintf=yes
ac_cv_func_vprintf=yes
ac_cv_func_vsnprintf=yes
ac_cv_func_vsprintf=yes
ac_cv_func_wait3=yes
ac_cv_func_wait4=yes
ac_cv_func_waitpid=yes
ac_cv_have_decl_asprintf=yes
ac_cv_have_decl_basename_char_p_=yes
ac_cv_have_decl_calloc=yes
ac_cv_have_decl_ffs=yes
ac_cv_have_decl_getenv=yes
ac_cv_have_decl_getopt=yes
ac_cv_have_decl_malloc=yes
ac_cv_have_decl_realloc=yes
ac_cv_have_decl_sbrk=yes
ac_cv_have_decl_snprintf=yes
ac_cv_have_decl_strnlen=yes
ac_cv_have_decl_strtol=yes
ac_cv_have_decl_strtoll=yes
ac_cv_have_decl_strtoul=yes
ac_cv_have_decl_strtoull=yes
ac_cv_have_decl_strverscmp=yes
ac_cv_have_decl_vasprintf=yes
ac_cv_have_decl_vsnprintf=yes
ac_cv_header_alloca_h=yes
ac_cv_header_fcntl_h=yes
ac_cv_header_inttypes_h=yes
ac_cv_header_limits_h=yes
ac_cv_header_machine_hal_sysinfo_h=no
ac_cv_header_malloc_h=yes
ac_cv_header_memory_h=yes
ac_cv_header_minix_config_h=no
ac_cv_header_process_h=no
ac_cv_header_stdc=yes
ac_cv_header_stdint_h=yes
ac_cv_header_stdio_ext_h=yes
ac_cv_header_stdlib_h=yes
ac_cv_header_string_h=yes
ac_cv_header_strings_h=yes
ac_cv_header_sys_file_h=yes
ac_cv_header_sys_mman_h=yes
ac_cv_header_sys_param_h=yes
ac_cv_header_sys_prctl_h=yes
ac_cv_header_sys_pstat_h=no
ac_cv_header_sys_resource_h=yes
ac_cv_header_sys_stat_h=yes
ac_cv_header_sys_sysctl_h=no
ac_cv_header_sys_sysinfo_h=yes
ac_cv_header_sys_sysmp_h=no
ac_cv_header_sys_systemcfg_h=no
ac_cv_header_sys_table_h=no
ac_cv_header_sys_time_h=yes
ac_cv_header_sys_types_h=yes
ac_cv_header_sys_wait_h=yes
ac_cv_header_time=yes
ac_cv_header_time_h=yes
ac_cv_header_unistd_h=yes
ac_cv_header_vfork_h=no
ac_cv_host=x86_64-pc-linux-gnu
ac_cv_objext=o
ac_cv_os_cray=no
ac_cv_path_EGREP='/usr/bin/grep -E'
ac_cv_path_GREP=/usr/bin/grep
ac_cv_prog_AR=ar
ac_cv_prog_CC=gcc
ac_cv_prog_CPP='gcc -E'
ac_cv_prog_MAKEINFO='makeinfo --split-size=5000000'
ac_cv_prog_PERL=perl
ac_cv_prog_RANLIB=ranlib
ac_cv_prog_cc_c89=
ac_cv_prog_cc_g=yes
ac_cv_prog_cc_gcc_c_o=yes
ac_cv_safe_to_define___extensions__=yes
ac_cv_search_strerror='none required'
ac_cv_sizeof_int=4
ac_cv_sizeof_long=8
ac_cv_sizeof_long_long=8
ac_cv_sizeof_size_t=8
ac_cv_sys_file_offset_bits=no
ac_cv_sys_largefile_CC=no
ac_cv_type_intptr_t=yes
ac_cv_type_long_long=yes
ac_cv_type_pid_t=yes
ac_cv_type_ssize_t=yes
ac_cv_type_uintptr_t=yes
acx_cv_prog_cc_pedantic_=yes
acx_cv_prog_cc_warning__W=yes
acx_cv_prog_cc_warning__Wall=yes
acx_cv_prog_cc_warning__Wcpp_compat=yes
acx_cv_prog_cc_warning__Wshadow_local=yes
acx_cv_prog_cc_warning__Wstrict_prototypes=yes
acx_cv_prog_cc_warning__Wwrite_strings=yes
liberty_cv_uint64=uint64_t
libiberty_cv_decl_needed_canonicalize_file_name=no
libiberty_cv_declare_errno=no
libiberty_cv_var_sys_errlist=no
libiberty_cv_var_sys_nerr=no
libiberty_cv_var_sys_siglist=no

## ----------------- ##
## Output variables. ##
## ----------------- ##

AR='ar'
BUILD_INFO='info'
CC='gcc'
CET_HOST_FLAGS='-fcf-protection'
CFLAGS='-g -O2'
CHECK='really-check'
CPP='gcc -E'
CPPFLAGS=''
DEFS='-DHAVE_CONFIG_H'
ECHO_C=''
ECHO_N='-n'
ECHO_T=''
EGREP='/usr/bin/grep -E'
EXEEXT=''
GREP='/usr/bin/grep'
HAVE_PERL=''
INSTALL_DATA='/usr/bin/install -c -m 644'
INSTALL_DEST='libdir'
INSTALL_PROGRAM='/usr/bin/install -c'
INSTALL_SCRIPT='/usr/bin/install -c'
LDFLAGS=' '
LIBOBJS=' ${LIBOBJDIR}./setproctitle$U.o'
LIBS=''
LTLIBOBJS=' ${LIBOBJDIR}./setproctitle$U.lo'
MAINT='#'
MAKEINFO='makeinfo --split-size=5000000'
NOASANFLAG=''
NOTMAINT=''
NO_MINUS_C_MINUS_O=''
OBJEXT='o'
OUTPUT_OPTION='-o $@'
PACKAGE_BUGREPORT=''
PACKAGE_NAME=''
PACKAGE_STRING=''
PACKAGE_TARNAME=''
PACKAGE_URL=''
PACKAGE_VERSION=''
PATH_SEPARATOR=':'
PERL='perl'
PICFLAG='-fpic'
RANLIB='ranlib'
SHELL='/bin/bash'
ac_ct_CC=''
ac_libiberty_warn_cflags='-W -Wall -Wwrite-strings -Wc++-compat -Wstrict-prototypes -Wshadow=local -pedantic '
bindir='${exec_prefix}/bin'
build='x86_64-pc-linux-gnu'
build_alias='x86_64-pc-linux-gnu'
build_cpu='x86_64'
build_os='linux-gnu'
build_vendor='pc'
datadir='${datarootdir}'
datarootdir='${prefix}/share'
docdir='${datarootdir}/doc/${PACKAGE}'
dvidir='${docdir}'
exec_prefix='${prefix}'
host='x86_64-pc-linux-gnu'
host_alias='x86_64-pc-linux-gnu'
host_cpu='x86_64'
host_os='linux-gnu'
host_vendor='pc'
htmldir='${docdir}'
includedir='${prefix}/include'
infodir='${datarootdir}/info'
libdir='${exec_prefix}/lib'
libexecdir='${exec_prefix}/libexec'
libiberty_topdir='../../libiberty/..'
localedir='${datarootdir}/locale'
localstatedir='${prefix}/var'
mandir='${datarootdir}/man'
oldincludedir='/usr/include'
pdfdir='${docdir}'
pexecute='pex-unix'
prefix='/home/sebastien/Bureau/Kot/Toolchain/Local'
program_transform_name='s&^&x86_64-kot-&'
psdir='${docdir}'
sbindir='${exec_prefix}/sbin'
sharedstatedir='${prefix}/com'
sysconfdir='${prefix}/etc'
target_alias='x86_64-kot'
target_header_dir=''

## ------------------- ##
## File substitutions. ##
## ------------------- ##

host_makefile_frag='xhost-mkfrag'

## ----------- ##
## confdefs.h. ##
## ----------- ##

/* confdefs.h */
#define PACKAGE_NAME ""
#define PACKAGE_TARNAME ""
#define PACKAGE_VERSION ""
#define PACKAGE_STRING ""
#define PACKAGE_BUGREPORT ""
#define PACKAGE_URL ""
#define STDC_HEADERS 1
#define HAVE_SYS_TYPES_H 1
#define HAVE_SYS_STAT_H 1
#define HAVE_STDLIB_H 1
#define HAVE_STRING_H 1
#define HAVE_MEMORY_H 1
#define HAVE_STRINGS_H 1
#define HAVE_INTTYPES_H 1
#define HAVE_STDINT_H 1
#define HAVE_UNISTD_H 1
#define __EXTENSIONS__ 1
#define _ALL_SOURCE 1
#define _GNU_SOURCE 1
#define _POSIX_PTHREAD_SEMANTICS 1
#define _TANDEM_SOURCE 1
#define HAVE_SYS_FILE_H 1
#define HAVE_SYS_PARAM_H 1
#define HAVE_LIMITS_H 1
#define HAVE_STDLIB_H 1
#define HAVE_MALLOC_H 1
#define HAVE_STRING_H 1
#define HAVE_UNISTD_H 1
#define HAVE_STRINGS_H 1
#define HAVE_SYS_TIME_H 1
#define HAVE_TIME_H 1
#define HAVE_SYS_RESOURCE_H 1
#define HAVE_SYS_STAT_H 1
#define HAVE_SYS_MMAN_H 1
#define HAVE_FCNTL_H 1
#define HAVE_ALLOCA_H 1
#define HAVE_SYS_SYSINFO_H 1
#define HAVE_STDINT_H 1
#define HAVE_STDIO_EXT_H 1
#define HAVE_SYS_PRCTL_H 1
#define HAVE_SYS_WAIT_H 1
#define TIME_WITH_SYS_TIME 1
#define SIZEOF_INT 4
#define SIZEOF_LONG 8
#define SIZEOF_SIZE_T 8
#define HAVE_LONG_LONG 1
#define SIZEOF_LONG_LONG 8
#define UNSIGNED_64BIT_TYPE uint64_t
#define HAVE_INTPTR_T 1
#define HAVE_UINTPTR_T 1
#define HAVE_UINTPTR_T 1
#define HAVE_ASPRINTF 1
#define HAVE_ATEXIT 1
#define HAVE_BASENAME 1
#define HAVE_BCMP 1
#define HAVE_BCOPY 1
#define HAVE_BSEARCH 1
#define HAVE_BZERO 1
#define HAVE_CALLOC 1
#define HAVE_CLOCK 1
#define HAVE_FFS 1
#define HAVE_GETCWD 1
#define HAVE_GETPAGESIZE 1
#define HAVE_GETTIMEOFDAY 1
#define HAVE_INDEX 1
#define HAVE_INSQUE 1
#define HAVE_MEMCHR 1
#define HAVE_MEMCMP 1
#define HAVE_MEMCPY 1
#define HAVE_MEMMEM 1
#define HAVE_MEMMOVE 1
#define HAVE_MEMPCPY 1
#define HAVE_MEMSET 1
#define HAVE_MKSTEMPS 1
#define HAVE_PUTENV 1
#define HAVE_RANDOM 1
#define HAVE_RENAME 1
#define HAVE_RINDEX 1
#define HAVE_SETENV 1
#define HAVE_SNPRINTF 1
#define HAVE_SIGSETMASK 1
#define HAVE_STPCPY 1
#define HAVE_STPNCPY 1
#define HAVE_STRCASECMP 1
#define HAVE_STRCHR 1
#define HAVE_STRDUP 1
#define HAVE_STRNCASECMP 1
#define HAVE_STRNDUP 1
#define HAVE_STRNLEN 1
#define HAVE_STRRCHR 1
#define HAVE_STRSTR 1
#define HAVE_STRTOD 1
#define HAVE_STRTOL 1
#define HAVE_STRTOUL 1
#define HAVE_STRTOLL 1
#define HAVE_STRTOULL 1
#define HAVE_STRVERSCMP 1
#define HAVE_TMPNAM 1
#define HAVE_VASPRINTF 1
#define HAVE_VFPRINTF 1
#define HAVE_VPRINTF 1
#define HAVE_VSNPRINTF 1
#define HAVE_VSPRINTF 1
#define HAVE_WAITPID 1
#define STACK_DIRECTION 1
#define HAVE_FORK 1
#define HAVE_VFORK 1
#define HAVE_WORKING_VFORK 1
#define HAVE_WORKING_FORK 1
#define HAVE___FSETLOCKING 1
#define HAVE_CANONICALIZE_FILE_NAME 1
#define HAVE_DUP3 1
#define HAVE_GETRLIMIT 1
#define HAVE_GETRUSAGE 1
#define HAVE_GETTIMEOFDAY 1
#define HAVE_ON_EXIT 1
#define HAVE_PIPE2 1
#define HAVE_PSIGNAL 1
#define HAVE_REALPATH 1
#define HAVE_SETRLIMIT 1
#define HAVE_SBRK 1
#define HAVE_STRERROR 1
#define HAVE_STRSIGNAL 1
#define HAVE_SYSCONF 1
#define HAVE_TIMES 1
#define HAVE_WAIT3 1
#define HAVE_WAIT4 1
#define HAVE_DECL_BASENAME 1
#define HAVE_DECL_FFS 1
#define HAVE_DECL_ASPRINTF 1
#define HAVE_DECL_VASPRINTF 1
#define HAVE_DECL_SNPRINTF 1
#define HAVE_DECL_VSNPRINTF 1
#define HAVE_DECL_CALLOC 1
#define HAVE_DECL_GETENV 1
#define HAVE_DECL_GETOPT 1
#define HAVE_DECL_MALLOC 1
#define HAVE_DECL_REALLOC 1
#define HAVE_DECL_SBRK 1
#define HAVE_DECL_STRTOL 1
#define HAVE_DECL_STRTOUL 1
#define HAVE_DECL_STRTOLL 1
#define HAVE_DECL_STRTOULL 1
#define HAVE_DECL_STRVERSCMP 1
#define HAVE_DECL_STRNLEN 1
#define HAVE_STDLIB_H 1
#define HAVE_UNISTD_H 1
#define HAVE_SYS_PARAM_H 1
#define HAVE_GETPAGESIZE 1
#define HAVE_MMAP 1

configure: exit 0
