This file contains any messages produced by compilers while
running configure, to aid debugging if configure makes a mistake.

It was created by ld configure 2.35, which was
generated by GNU Autoconf 2.69.  Invocation command line was

  $ /home/sebastien/Bureau/Kot/Toolchain/sources/binutils-2.35/ld/configure --srcdir=../../ld --cache-file=./config.cache --with-gnu-as --with-gnu-ld --prefix=/home/sebastien/Bureau/Kot/Toolchain/Local --with-sysroot=/home/sebastien/Bureau/Kot/Sysroot --disable-nls --disable-werror --enable-shared --program-transform-name=s&^&x86_64-kot-& --disable-option-checking --build=x86_64-pc-linux-gnu --host=x86_64-pc-linux-gnu --target=x86_64-kot

## --------- ##
## Platform. ##
## --------- ##

hostname = sebastien
uname -m = x86_64
uname -r = 5.17.0-5.1-liquorix-amd64
uname -s = Linux
uname -v = #1 ZEN SMP PREEMPT liquorix 5.17-9ubuntu1~impish (2022-04-27)

/usr/bin/uname -p = x86_64
/bin/uname -X     = unknown

/bin/arch              = x86_64
/usr/bin/arch -k       = unknown
/usr/convex/getsysinfo = unknown
/usr/bin/hostinfo      = unknown
/bin/machine           = unknown
/usr/bin/oslevel       = unknown
/bin/universe          = unknown

PATH: /usr/local/sbin
PATH: /usr/local/bin
PATH: /usr/sbin
PATH: /usr/bin
PATH: /sbin
PATH: /bin
PATH: /snap/bin
PATH: /home/sebastien/Bureau/Kot/Toolchain/Local/bin


## ----------- ##
## Core tests. ##
## ----------- ##

configure:2591: loading cache ./config.cache
configure:2713: checking build system type
configure:2727: result: x86_64-pc-linux-gnu
configure:2747: checking host system type
configure:2760: result: x86_64-pc-linux-gnu
configure:2780: checking target system type
configure:2793: result: x86_64-pc-kot
configure:2831: checking for x86_64-pc-linux-gnu-gcc
configure:2858: result: gcc
configure:3127: checking for C compiler version
configure:3136: gcc --version >&5
gcc (Ubuntu 11.2.0-19ubuntu1) 11.2.0
Copyright (C) 2021 Free Software Foundation, Inc.
This is free software; see the source for copying conditions.  There is NO
warranty; not even for MERCHANTABILITY or FITNESS FOR A PARTICULAR PURPOSE.

configure:3147: $? = 0
configure:3136: gcc -v >&5
Using built-in specs.
COLLECT_GCC=gcc
COLLECT_LTO_WRAPPER=/usr/lib/gcc/x86_64-linux-gnu/11/lto-wrapper
OFFLOAD_TARGET_NAMES=nvptx-none:amdgcn-amdhsa
OFFLOAD_TARGET_DEFAULT=1
Target: x86_64-linux-gnu
Configured with: ../src/configure -v --with-pkgversion='Ubuntu 11.2.0-19ubuntu1' --with-bugurl=file:///usr/share/doc/gcc-11/README.Bugs --enable-languages=c,ada,c++,go,brig,d,fortran,objc,obj-c++,m2 --prefix=/usr --with-gcc-major-version-only --program-suffix=-11 --program-prefix=x86_64-linux-gnu- --enable-shared --enable-linker-build-id --libexecdir=/usr/lib --without-included-gettext --enable-threads=posix --libdir=/usr/lib --enable-nls --enable-bootstrap --enable-clocale=gnu --enable-libstdcxx-debug --enable-libstdcxx-time=yes --with-default-libstdcxx-abi=new --enable-gnu-unique-object --disable-vtable-verify --enable-plugin --enable-default-pie --with-system-zlib --enable-libphobos-checking=release --with-target-system-zlib=auto --enable-objc-gc=auto --enable-multiarch --disable-werror --enable-cet --with-arch-32=i686 --with-abi=m64 --with-multilib-list=m32,m64,mx32 --enable-multilib --with-tune=generic --enable-offload-targets=nvptx-none=/build/gcc-11-gBFGDP/gcc-11-11.2.0/debian/tmp-nvptx/usr,amdgcn-amdhsa=/build/gcc-11-gBFGDP/gcc-11-11.2.0/debian/tmp-gcn/usr --without-cuda-driver --enable-checking=release --build=x86_64-linux-gnu --host=x86_64-linux-gnu --target=x86_64-linux-gnu --with-build-config=bootstrap-lto-lean --enable-link-serialization=2
Thread model: posix
Supported LTO compression algorithms: zlib zstd
gcc version 11.2.0 (Ubuntu 11.2.0-19ubuntu1) 
... rest of stderr output deleted ...
configure:3147: $? = 0
configure:3136: gcc -V >&5
gcc: error: unrecognized command-line option '-V'
gcc: fatal error: no input files
compilation terminated.
configure:3147: $? = 1
configure:3136: gcc -qversion >&5
gcc: error: unrecognized command-line option '-qversion'; did you mean '--version'?
gcc: fatal error: no input files
compilation terminated.
configure:3147: $? = 1
configure:3167: checking whether the C compiler works
configure:3189: gcc -g -O2    conftest.c  >&5
configure:3193: $? = 0
configure:3241: result: yes
configure:3244: checking for C compiler default output file name
configure:3246: result: a.out
configure:3252: checking for suffix of executables
configure:3259: gcc -o conftest -g -O2    conftest.c  >&5
configure:3263: $? = 0
configure:3285: result: 
configure:3307: checking whether we are cross compiling
configure:3315: gcc -o conftest -g -O2    conftest.c  >&5
configure:3319: $? = 0
configure:3326: ./conftest
configure:3330: $? = 0
configure:3345: result: no
configure:3350: checking for suffix of object files
configure:3397: result: o
configure:3401: checking whether we are using the GNU C compiler
configure:3429: result: yes
configure:3438: checking whether gcc accepts -g
configure:3499: result: yes
configure:3516: checking for gcc option to accept ISO C89
configure:3592: result: none needed
configure:3617: checking whether gcc understands -c and -o together
configure:3654: result: yes
configure:3672: checking for library containing strerror
configure:3720: result: none required
configure:3745: checking for a BSD-compatible install
configure:3813: result: /usr/bin/install -c
configure:3824: checking whether build environment is sane
configure:3879: result: yes
configure:4027: checking for a thread-safe mkdir -p
configure:4066: result: /usr/bin/mkdir -p
configure:4073: checking for gawk
configure:4100: result: gawk
configure:4111: checking whether make sets $(MAKE)
configure:4133: result: yes
configure:4163: checking for style of include used by make
configure:4191: result: GNU
configure:4225: checking whether make supports nested variables
configure:4242: result: yes
configure:4327: checking dependency style of gcc
configure:4438: result: gcc3
configure:4497: checking whether to enable maintainer-specific portions of Makefiles
configure:4506: result: no
configure:4528: checking for x86_64-pc-linux-gnu-gcc
configure:4555: result: gcc
configure:4824: checking for C compiler version
configure:4833: gcc --version >&5
gcc (Ubuntu 11.2.0-19ubuntu1) 11.2.0
Copyright (C) 2021 Free Software Foundation, Inc.
This is free software; see the source for copying conditions.  There is NO
warranty; not even for MERCHANTABILITY or FITNESS FOR A PARTICULAR PURPOSE.

configure:4844: $? = 0
configure:4833: gcc -v >&5
Using built-in specs.
COLLECT_GCC=gcc
COLLECT_LTO_WRAPPER=/usr/lib/gcc/x86_64-linux-gnu/11/lto-wrapper
OFFLOAD_TARGET_NAMES=nvptx-none:amdgcn-amdhsa
OFFLOAD_TARGET_DEFAULT=1
Target: x86_64-linux-gnu
Configured with: ../src/configure -v --with-pkgversion='Ubuntu 11.2.0-19ubuntu1' --with-bugurl=file:///usr/share/doc/gcc-11/README.Bugs --enable-languages=c,ada,c++,go,brig,d,fortran,objc,obj-c++,m2 --prefix=/usr --with-gcc-major-version-only --program-suffix=-11 --program-prefix=x86_64-linux-gnu- --enable-shared --enable-linker-build-id --libexecdir=/usr/lib --without-included-gettext --enable-threads=posix --libdir=/usr/lib --enable-nls --enable-bootstrap --enable-clocale=gnu --enable-libstdcxx-debug --enable-libstdcxx-time=yes --with-default-libstdcxx-abi=new --enable-gnu-unique-object --disable-vtable-verify --enable-plugin --enable-default-pie --with-system-zlib --enable-libphobos-checking=release --with-target-system-zlib=auto --enable-objc-gc=auto --enable-multiarch --disable-werror --enable-cet --with-arch-32=i686 --with-abi=m64 --with-multilib-list=m32,m64,mx32 --enable-multilib --with-tune=generic --enable-offload-targets=nvptx-none=/build/gcc-11-gBFGDP/gcc-11-11.2.0/debian/tmp-nvptx/usr,amdgcn-amdhsa=/build/gcc-11-gBFGDP/gcc-11-11.2.0/debian/tmp-gcn/usr --without-cuda-driver --enable-checking=release --build=x86_64-linux-gnu --host=x86_64-linux-gnu --target=x86_64-linux-gnu --with-build-config=bootstrap-lto-lean --enable-link-serialization=2
Thread model: posix
Supported LTO compression algorithms: zlib zstd
gcc version 11.2.0 (Ubuntu 11.2.0-19ubuntu1) 
... rest of stderr output deleted ...
configure:4844: $? = 0
configure:4833: gcc -V >&5
gcc: error: unrecognized command-line option '-V'
gcc: fatal error: no input files
compilation terminated.
configure:4844: $? = 1
configure:4833: gcc -qversion >&5
gcc: error: unrecognized command-line option '-qversion'; did you mean '--version'?
gcc: fatal error: no input files
compilation terminated.
configure:4844: $? = 1
configure:4848: checking whether we are using the GNU C compiler
configure:4876: result: yes
configure:4885: checking whether gcc accepts -g
configure:4946: result: yes
configure:4963: checking for gcc option to accept ISO C89
configure:5039: result: none needed
configure:5064: checking whether gcc understands -c and -o together
configure:5101: result: yes
configure:5230: checking for C++ compiler version
configure:5239: g++ --version >&5
g++ (Ubuntu 11.2.0-19ubuntu1) 11.2.0
Copyright (C) 2021 Free Software Foundation, Inc.
This is free software; see the source for copying conditions.  There is NO
warranty; not even for MERCHANTABILITY or FITNESS FOR A PARTICULAR PURPOSE.

configure:5250: $? = 0
configure:5239: g++ -v >&5
Using built-in specs.
COLLECT_GCC=g++
COLLECT_LTO_WRAPPER=/usr/lib/gcc/x86_64-linux-gnu/11/lto-wrapper
OFFLOAD_TARGET_NAMES=nvptx-none:amdgcn-amdhsa
OFFLOAD_TARGET_DEFAULT=1
Target: x86_64-linux-gnu
Configured with: ../src/configure -v --with-pkgversion='Ubuntu 11.2.0-19ubuntu1' --with-bugurl=file:///usr/share/doc/gcc-11/README.Bugs --enable-languages=c,ada,c++,go,brig,d,fortran,objc,obj-c++,m2 --prefix=/usr --with-gcc-major-version-only --program-suffix=-11 --program-prefix=x86_64-linux-gnu- --enable-shared --enable-linker-build-id --libexecdir=/usr/lib --without-included-gettext --enable-threads=posix --libdir=/usr/lib --enable-nls --enable-bootstrap --enable-clocale=gnu --enable-libstdcxx-debug --enable-libstdcxx-time=yes --with-default-libstdcxx-abi=new --enable-gnu-unique-object --disable-vtable-verify --enable-plugin --enable-default-pie --with-system-zlib --enable-libphobos-checking=release --with-target-system-zlib=auto --enable-objc-gc=auto --enable-multiarch --disable-werror --enable-cet --with-arch-32=i686 --with-abi=m64 --with-multilib-list=m32,m64,mx32 --enable-multilib --with-tune=generic --enable-offload-targets=nvptx-none=/build/gcc-11-gBFGDP/gcc-11-11.2.0/debian/tmp-nvptx/usr,amdgcn-amdhsa=/build/gcc-11-gBFGDP/gcc-11-11.2.0/debian/tmp-gcn/usr --without-cuda-driver --enable-checking=release --build=x86_64-linux-gnu --host=x86_64-linux-gnu --target=x86_64-linux-gnu --with-build-config=bootstrap-lto-lean --enable-link-serialization=2
Thread model: posix
Supported LTO compression algorithms: zlib zstd
gcc version 11.2.0 (Ubuntu 11.2.0-19ubuntu1) 
... rest of stderr output deleted ...
configure:5250: $? = 0
configure:5239: g++ -V >&5
g++: error: unrecognized command-line option '-V'
g++: fatal error: no input files
compilation terminated.
configure:5250: $? = 1
configure:5239: g++ -qversion >&5
g++: error: unrecognized command-line option '-qversion'; did you mean '--version'?
g++: fatal error: no input files
compilation terminated.
configure:5250: $? = 1
configure:5254: checking whether we are using the GNU C++ compiler
configure:5282: result: yes
configure:5291: checking whether g++ accepts -g
configure:5352: result: yes
configure:5377: checking dependency style of g++
configure:5488: result: gcc3
configure:5503: checking for grep that handles long lines and -e
configure:5561: result: /usr/bin/grep
configure:5571: checking how to run the C preprocessor
configure:5641: result: gcc -E
configure:5661: gcc -E  conftest.c
configure:5661: $? = 0
configure:5675: gcc -E  conftest.c
conftest.c:11:10: fatal error: ac_nonexistent.h: No such file or directory
   11 | #include <ac_nonexistent.h>
      |          ^~~~~~~~~~~~~~~~~~
compilation terminated.
configure:5675: $? = 1
configure: failed program was:
| /* confdefs.h */
| #define PACKAGE_NAME "ld"
| #define PACKAGE_TARNAME "ld"
| #define PACKAGE_VERSION "2.35"
| #define PACKAGE_STRING "ld 2.35"
| #define PACKAGE_BUGREPORT ""
| #define PACKAGE_URL ""
| #define PACKAGE "ld"
| #define VERSION "2.35"
| /* end confdefs.h.  */
| #include <ac_nonexistent.h>
configure:5704: checking for egrep
configure:5766: result: /usr/bin/grep -E
configure:5771: checking for ANSI C header files
configure:5875: result: yes
configure:5888: checking for sys/types.h
configure:5888: result: yes
configure:5888: checking for sys/stat.h
configure:5888: result: yes
configure:5888: checking for stdlib.h
configure:5888: result: yes
configure:5888: checking for string.h
configure:5888: result: yes
configure:5888: checking for memory.h
configure:5888: result: yes
configure:5888: checking for strings.h
configure:5888: result: yes
configure:5888: checking for inttypes.h
configure:5888: result: yes
configure:5888: checking for stdint.h
configure:5888: result: yes
configure:5888: checking for unistd.h
configure:5888: result: yes
configure:5901: checking for minix/config.h
configure:5901: result: no
configure:5922: checking whether it is safe to define __EXTENSIONS__
configure:5947: result: yes
configure:6011: checking how to print strings
configure:6038: result: printf
configure:6059: checking for a sed that does not truncate output
configure:6123: result: /usr/bin/sed
configure:6141: checking for fgrep
configure:6203: result: /usr/bin/grep -F
configure:6238: checking for ld used by gcc
configure:6305: result: ld
configure:6312: checking if the linker (ld) is GNU ld
configure:6327: result: yes
configure:6339: checking for BSD- or MS-compatible name lister (nm)
configure:6388: result: nm
configure:6518: checking the name lister (nm) interface
configure:6538: result: BSD nm
configure:6541: checking whether ln -s works
configure:6545: result: yes
configure:6553: checking the maximum length of command line arguments
configure:6678: result: 1572864
configure:6695: checking whether the shell understands some XSI constructs
configure:6705: result: yes
configure:6709: checking whether the shell understands "+="
configure:6715: result: yes
configure:6750: checking for ld option to reload object files
configure:6757: result: -r
configure:6786: checking for x86_64-pc-linux-gnu-objdump
configure:6813: result: objdump
configure:6885: checking how to recognize dependent libraries
configure:7086: result: pass_all
configure:7106: checking for x86_64-pc-linux-gnu-ar
configure:7133: result: ar
configure:7211: checking for x86_64-pc-linux-gnu-strip
configure:7241: result: no
configure:7251: checking for strip
configure:7278: result: strip
configure:7310: checking for x86_64-pc-linux-gnu-ranlib
configure:7337: result: ranlib
configure:7479: checking command to parse nm output from gcc object
configure:7702: result: ok
configure:7797: gcc -c -g -O2  conftest.c >&5
configure:7800: $? = 0
configure:8550: checking for dlfcn.h
configure:8550: result: yes
configure:8738: checking for objdir
configure:8753: result: .libs
configure:9024: checking if gcc supports -fno-rtti -fno-exceptions
configure:9059: result: no
configure:9079: checking for gcc option to produce PIC
configure:9365: result: -fPIC -DPIC
configure:9377: checking if gcc PIC flag -fPIC -DPIC works
configure:9412: result: yes
configure:9436: checking if gcc static flag -static works
configure:9464: result: yes
configure:9479: checking if gcc supports -c -o file.o
configure:9526: result: yes
configure:9534: checking if gcc supports -c -o file.o
configure:9581: result: yes
configure:9614: checking whether the gcc linker (ld -m elf_x86_64) supports shared libraries
configure:10685: result: yes
configure:10722: checking whether -lc should be explicitly linked in
configure:10765: result: no
configure:10930: checking dynamic linker characteristics
configure:11603: result: GNU/Linux ld.so
configure:11710: checking how to hardcode library paths into programs
configure:11735: result: immediate
configure:12275: checking whether stripping libraries is possible
configure:12280: result: yes
configure:12315: checking if libtool supports shared libraries
configure:12317: result: yes
configure:12320: checking whether to build shared libraries
configure:12341: result: yes
configure:12344: checking whether to build static libraries
configure:12348: result: yes
configure:12371: checking how to run the C++ preprocessor
configure:12437: result: g++ -E
configure:12457: g++ -E  conftest.cpp
configure:12457: $? = 0
configure:12471: g++ -E  conftest.cpp
conftest.cpp:28:10: fatal error: ac_nonexistent.h: No such file or directory
   28 | #include <ac_nonexistent.h>
      |          ^~~~~~~~~~~~~~~~~~
compilation terminated.
configure:12471: $? = 1
configure: failed program was:
| /* confdefs.h */
| #define PACKAGE_NAME "ld"
| #define PACKAGE_TARNAME "ld"
| #define PACKAGE_VERSION "2.35"
| #define PACKAGE_STRING "ld 2.35"
| #define PACKAGE_BUGREPORT ""
| #define PACKAGE_URL ""
| #define PACKAGE "ld"
| #define VERSION "2.35"
| #define STDC_HEADERS 1
| #define HAVE_SYS_TYPES_H 1
| #define HAVE_SYS_STAT_H 1
| #define HAVE_STDLIB_H 1
| #define HAVE_STRING_H 1
| #define HAVE_MEMORY_H 1
| #define HAVE_STRINGS_H 1
| #define HAVE_INTTYPES_H 1
| #define HAVE_STDINT_H 1
| #define HAVE_UNISTD_H 1
| #define __EXTENSIONS__ 1
| #define _ALL_SOURCE 1
| #define _GNU_SOURCE 1
| #define _POSIX_PTHREAD_SEMANTICS 1
| #define _TANDEM_SOURCE 1
| #define HAVE_DLFCN_H 1
| #define LT_OBJDIR ".libs/"
| /* end confdefs.h.  */
| #include <ac_nonexistent.h>
configure:12639: checking for ld used by g++
configure:12706: result: ld -m elf_x86_64
configure:12713: checking if the linker (ld -m elf_x86_64) is GNU ld
configure:12728: result: yes
configure:12783: checking whether the g++ linker (ld -m elf_x86_64) supports shared libraries
configure:13715: result: yes
configure:13743: g++ -c -g -O2  conftest.cpp >&5
configure:13746: $? = 0
configure:13928: checking for g++ option to produce PIC
configure:14251: result: -fPIC -DPIC
configure:14260: checking if g++ PIC flag -fPIC -DPIC works
configure:14295: result: yes
configure:14316: checking if g++ static flag -static works
configure:14344: result: yes
configure:14356: checking if g++ supports -c -o file.o
configure:14403: result: yes
configure:14408: checking if g++ supports -c -o file.o
configure:14455: result: yes
configure:14485: checking whether the g++ linker (ld -m elf_x86_64) supports shared libraries
configure:14513: result: yes
configure:14656: checking dynamic linker characteristics
configure:15263: result: GNU/Linux ld.so
configure:15316: checking how to hardcode library paths into programs
configure:15341: result: immediate
configure:15412: checking for dlfcn.h
configure:15412: result: yes
configure:15425: checking for windows.h
configure:15425: result: no
configure:15452: checking for library containing dlsym
configure:15500: result: none required
configure:15531: checking for special C compiler options needed for large files
configure:15576: result: no
configure:15582: checking for _FILE_OFFSET_BITS value needed for large files
configure:15639: result: no
configure:16114: checking for LC_MESSAGES
configure:16138: result: yes
configure:16176: checking whether NLS is requested
configure:16179: result: no
configure:16247: checking whether NLS is requested
configure:16256: result: no
configure:16294: checking for msgfmt
configure:16325: result: /usr/bin/msgfmt
configure:16334: checking for gmsgfmt
configure:16365: result: /usr/bin/msgfmt
configure:16405: checking for xgettext
configure:16436: result: /usr/bin/xgettext
configure:16476: checking for msgmerge
configure:16506: result: /usr/bin/msgmerge
configure:16548: checking for bison
configure:16575: result: bison -y
configure:16591: checking for flex
configure:16618: result: flex
configure:16657: flex conftest.l
configure:16661: $? = 0
configure:16663: checking lex output file root
configure:16677: result: lex.yy
configure:16682: checking lex library
configure:16706: result: -lfl
configure:16712: checking whether yytext is a pointer
configure:16737: result: yes
configure:16752: checking whether to enable maintainer-specific portions of Makefiles
configure:16761: result: no
configure:16782: checking how to compare bootstrapped objects
configure:16807: result: cmp --ignore-initial=16 $$f1 $$f2
configure:16821: checking for string.h
configure:16821: result: yes
configure:16821: checking for strings.h
configure:16821: result: yes
configure:16821: checking for stdlib.h
configure:16821: result: yes
configure:16821: checking for unistd.h
configure:16821: result: yes
configure:16821: checking for elf-hints.h
configure:16821: result: no
configure:16821: checking for limits.h
configure:16821: result: yes
configure:16821: checking for locale.h
configure:16821: result: yes
configure:16821: checking for sys/param.h
configure:16821: result: yes
configure:16834: checking for fcntl.h
configure:16834: result: yes
configure:16834: checking for sys/file.h
configure:16834: result: yes
configure:16834: checking for sys/time.h
configure:16834: result: yes
configure:16834: checking for sys/stat.h
configure:16834: result: yes
configure:16844: checking whether string.h and strings.h may both be included
configure:16868: result: yes
configure:16879: checking for glob
configure:16879: result: yes
configure:16879: checking for mkstemp
configure:16879: result: yes
configure:16879: checking for realpath
configure:16879: result: yes
configure:16879: checking for sbrk
configure:16879: result: yes
configure:16879: checking for setlocale
configure:16879: result: yes
configure:16879: checking for waitpid
configure:16879: result: yes
configure:16891: checking for open
configure:16891: result: yes
configure:16891: checking for lseek
configure:16891: result: yes
configure:16891: checking for close
configure:16891: result: yes
configure:16903: checking for dirent.h that defines DIR
configure:16930: result: yes
configure:16943: checking for library containing opendir
configure:16991: result: none required
configure:17065: checking for stdlib.h
configure:17065: result: yes
configure:17065: checking for unistd.h
configure:17065: result: yes
configure:17065: checking for sys/param.h
configure:17065: result: yes
configure:17085: checking for getpagesize
configure:17085: result: yes
configure:17094: checking for working mmap
configure:17251: result: yes
configure:17261: checking for library containing dlopen
configure:17309: result: none required
configure:17335: checking for a known getopt prototype in unistd.h
configure:17359: result: yes
configure:17375: checking whether strstr is declared
configure:17375: result: yes
configure:17385: checking whether free is declared
configure:17385: result: yes
configure:17395: checking whether sbrk is declared
configure:17395: result: yes
configure:17405: checking whether getenv is declared
configure:17405: result: yes
configure:17415: checking whether environ is declared
configure:17415: result: yes
configure:17453: checking whether ANSI C string concatenation works
configure:17477: result: yes
configure:17502: checking size of void *
configure:17521: result: 8
configure:17869: checking that generated files are newer than configure
configure:17875: result: done
configure:17918: creating ./config.status

## ---------------------- ##
## Running config.status. ##
## ---------------------- ##

This file was extended by ld config.status 2.35, which was
generated by GNU Autoconf 2.69.  Invocation command line was

  CONFIG_FILES    = 
  CONFIG_HEADERS  = 
  CONFIG_LINKS    = 
  CONFIG_COMMANDS = 
  $ ./config.status 

on sebastien

config.status:1256: creating Makefile
config.status:1256: creating po/Makefile.in
config.status:1256: creating config.h
config.status:1422: config.h is unchanged
config.status:1470: executing depfiles commands
config.status:1470: executing libtool commands
config.status:1470: executing default-1 commands
config.status:1470: executing default commands

## ---------------- ##
## Cache variables. ##
## ---------------- ##

ac_cv_build=x86_64-pc-linux-gnu
ac_cv_c_compiler_gnu=yes
ac_cv_cxx_compiler_gnu=yes
ac_cv_env_CCC_set=
ac_cv_env_CCC_value=
ac_cv_env_CC_set=set
ac_cv_env_CC_value=gcc
ac_cv_env_CFLAGS_set=set
ac_cv_env_CFLAGS_value='-g -O2'
ac_cv_env_CPPFLAGS_set=
ac_cv_env_CPPFLAGS_value=
ac_cv_env_CPP_set=
ac_cv_env_CPP_value=
ac_cv_env_CXXCPP_set=
ac_cv_env_CXXCPP_value=
ac_cv_env_CXXFLAGS_set=set
ac_cv_env_CXXFLAGS_value='-g -O2'
ac_cv_env_CXX_set=set
ac_cv_env_CXX_value=g++
ac_cv_env_LDFLAGS_set=set
ac_cv_env_LDFLAGS_value=' '
ac_cv_env_LIBS_set=
ac_cv_env_LIBS_value=
ac_cv_env_YACC_set=set
ac_cv_env_YACC_value='bison -y'
ac_cv_env_YFLAGS_set=
ac_cv_env_YFLAGS_value=
ac_cv_env_build_alias_set=set
ac_cv_env_build_alias_value=x86_64-pc-linux-gnu
ac_cv_env_host_alias_set=set
ac_cv_env_host_alias_value=x86_64-pc-linux-gnu
ac_cv_env_target_alias_set=set
ac_cv_env_target_alias_value=x86_64-kot
ac_cv_func_close=yes
ac_cv_func_getpagesize=yes
ac_cv_func_glob=yes
ac_cv_func_lseek=yes
ac_cv_func_mkstemp=yes
ac_cv_func_mmap_fixed_mapped=yes
ac_cv_func_open=yes
ac_cv_func_realpath=yes
ac_cv_func_sbrk=yes
ac_cv_func_setlocale=yes
ac_cv_func_waitpid=yes
ac_cv_have_decl_environ=yes
ac_cv_have_decl_free=yes
ac_cv_have_decl_getenv=yes
ac_cv_have_decl_sbrk=yes
ac_cv_have_decl_strstr=yes
ac_cv_header_dirent_dirent_h=yes
ac_cv_header_dlfcn_h=yes
ac_cv_header_elf_hints_h=no
ac_cv_header_fcntl_h=yes
ac_cv_header_inttypes_h=yes
ac_cv_header_limits_h=yes
ac_cv_header_locale_h=yes
ac_cv_header_memory_h=yes
ac_cv_header_minix_config_h=no
ac_cv_header_stdc=yes
ac_cv_header_stdint_h=yes
ac_cv_header_stdlib_h=yes
ac_cv_header_string_h=yes
ac_cv_header_strings_h=yes
ac_cv_header_sys_file_h=yes
ac_cv_header_sys_param_h=yes
ac_cv_header_sys_stat_h=yes
ac_cv_header_sys_time_h=yes
ac_cv_header_sys_types_h=yes
ac_cv_header_unistd_h=yes
ac_cv_header_windows_h=no
ac_cv_host=x86_64-pc-linux-gnu
ac_cv_lib_lex=-lfl
ac_cv_objext=o
ac_cv_path_EGREP='/usr/bin/grep -E'
ac_cv_path_FGREP='/usr/bin/grep -F'
ac_cv_path_GMSGFMT=/usr/bin/msgfmt
ac_cv_path_GREP=/usr/bin/grep
ac_cv_path_MSGFMT=/usr/bin/msgfmt
ac_cv_path_MSGMERGE=/usr/bin/msgmerge
ac_cv_path_SED=/usr/bin/sed
ac_cv_path_XGETTEXT=/usr/bin/xgettext
ac_cv_path_mkdir=/usr/bin/mkdir
ac_cv_prog_AR=ar
ac_cv_prog_AWK=gawk
ac_cv_prog_CC=gcc
ac_cv_prog_CPP='gcc -E'
ac_cv_prog_CXXCPP='g++ -E'
ac_cv_prog_LEX=flex
ac_cv_prog_OBJDUMP=objdump
ac_cv_prog_RANLIB=ranlib
ac_cv_prog_YACC='bison -y'
ac_cv_prog_ac_ct_STRIP=strip
ac_cv_prog_cc_c89=
ac_cv_prog_cc_g=yes
ac_cv_prog_cxx_g=yes
ac_cv_prog_lex_root=lex.yy
ac_cv_prog_lex_yytext_pointer=yes
ac_cv_prog_make_make_set=yes
ac_cv_safe_to_define___extensions__=yes
ac_cv_search_dlopen='none required'
ac_cv_search_dlsym='none required'
ac_cv_search_opendir='none required'
ac_cv_search_strerror='none required'
ac_cv_sizeof_void_p=8
ac_cv_sys_file_offset_bits=no
ac_cv_sys_largefile_CC=no
ac_cv_target=x86_64-pc-kot
am_cv_CC_dependencies_compiler_type=gcc3
am_cv_CXX_dependencies_compiler_type=gcc3
am_cv_make_support_nested_variables=yes
am_cv_prog_cc_c_o=yes
am_cv_val_LC_MESSAGES=yes
gcc_cv_header_string=yes
gcc_cv_prog_cmp_skip='cmp --ignore-initial=16 $$f1 $$f2'
ld_cv_decl_getopt_unistd_h=yes
ld_cv_string_concatenation=yes
lt_cv_archive_cmds_need_lc=no
lt_cv_deplibs_check_method=pass_all
lt_cv_file_magic_cmd='$MAGIC_CMD'
lt_cv_file_magic_test_file=
lt_cv_ld_reload_flag=-r
lt_cv_nm_interface='BSD nm'
lt_cv_objdir=.libs
lt_cv_path_LD=ld
lt_cv_path_LDCXX='ld -m elf_x86_64'
lt_cv_path_NM=nm
lt_cv_prog_compiler_c_o=yes
lt_cv_prog_compiler_c_o_CXX=yes
lt_cv_prog_compiler_pic_works=yes
lt_cv_prog_compiler_pic_works_CXX=yes
lt_cv_prog_compiler_rtti_exceptions=no
lt_cv_prog_compiler_static_works=yes
lt_cv_prog_compiler_static_works_CXX=yes
lt_cv_prog_gnu_ld=yes
lt_cv_prog_gnu_ldcxx=yes
lt_cv_shlibpath_overrides_runpath=yes
lt_cv_sys_global_symbol_pipe='sed -n -e '\''s/^.*[	 ]\([ABCDGIRSTW][ABCDGIRSTW]*\)[	 ][	 ]*\([_A-Za-z][_A-Za-z0-9]*\)$/\1 \2 \2/p'\'''
lt_cv_sys_global_symbol_to_c_name_address='sed -n -e '\''s/^: \([^ ]*\) $/  {\"\1\", (void *) 0},/p'\'' -e '\''s/^[ABCDGIRSTW]* \([^ ]*\) \([^ ]*\)$/  {"\2", (void *) \&\2},/p'\'''
lt_cv_sys_global_symbol_to_c_name_address_lib_prefix='sed -n -e '\''s/^: \([^ ]*\) $/  {\"\1\", (void *) 0},/p'\'' -e '\''s/^[ABCDGIRSTW]* \([^ ]*\) \(lib[^ ]*\)$/  {"\2", (void *) \&\2},/p'\'' -e '\''s/^[ABCDGIRSTW]* \([^ ]*\) \([^ ]*\)$/  {"lib\2", (void *) \&\2},/p'\'''
lt_cv_sys_global_symbol_to_cdecl='sed -n -e '\''s/^T .* \(.*\)$/extern int \1();/p'\'' -e '\''s/^[ABCDGIRSTW]* .* \(.*\)$/extern char \1;/p'\'''
lt_cv_sys_max_cmd_len=1572864

## ----------------- ##
## Output variables. ##
## ----------------- ##

ACLOCAL='${SHELL} /home/sebastien/Bureau/Kot/Toolchain/sources/binutils-2.35/missing aclocal-1.15'
AMDEPBACKSLASH='\'
AMDEP_FALSE='#'
AMDEP_TRUE=''
AMTAR='$${TAR-tar}'
AM_BACKSLASH='\'
AM_DEFAULT_V='$(AM_DEFAULT_VERBOSITY)'
AM_DEFAULT_VERBOSITY='1'
AM_V='$(V)'
AR='ar'
AUTOCONF='${SHELL} /home/sebastien/Bureau/Kot/Toolchain/sources/binutils-2.35/missing autoconf'
AUTOHEADER='${SHELL} /home/sebastien/Bureau/Kot/Toolchain/sources/binutils-2.35/missing autoheader'
AUTOMAKE='${SHELL} /home/sebastien/Bureau/Kot/Toolchain/sources/binutils-2.35/missing automake-1.15'
AWK='gawk'
CATALOGS=''
CATOBJEXT=''
CC='gcc'
CCDEPMODE='depmode=gcc3'
CFLAGS='-g -O2'
CPP='gcc -E'
CPPFLAGS=''
CXX='g++'
CXXCPP='g++ -E'
CXXDEPMODE='depmode=gcc3'
CXXFLAGS='-g -O2'
CYGPATH_W='echo'
DATADIRNAME=''
DEFS='-DHAVE_CONFIG_H'
DEPDIR='.deps'
DSYMUTIL=''
DUMPBIN=''
ECHO_C=''
ECHO_N='-n'
ECHO_T=''
EGREP='/usr/bin/grep -E'
EMUL='elf_x86_64_kot'
EMULATION_LIBPATH='elf_x86_64_kot'
EMULATION_OFILES=' eelf_x86_64_kot.o eelf_i386_kot.o eelf_x86_64.o eelf_i386.o'
EMUL_EXTRA_OFILES=' ldelf.o ldelfgen.o'
ENABLE_LIBCTF_FALSE='#'
ENABLE_LIBCTF_TRUE=''
EXEEXT=''
FGREP='/usr/bin/grep -F'
GENCAT=''
GENINSRC_NEVER_FALSE=''
GENINSRC_NEVER_TRUE='#'
GMSGFMT='/usr/bin/msgfmt'
GREP='/usr/bin/grep'
HDEFINES=''
INCINTL=''
INSTALL_DATA='/usr/bin/install -c -m 644'
INSTALL_PROGRAM='/usr/bin/install -c'
INSTALL_SCRIPT='/usr/bin/install -c'
INSTALL_STRIP_PROGRAM='$(install_sh) -c -s'
INSTOBJEXT=''
LD='ld -m elf_x86_64'
LDFLAGS=' '
LEX='flex'
LEXLIB='-lfl'
LEX_OUTPUT_ROOT='lex.yy'
LIBINTL=''
LIBINTL_DEP=''
LIBOBJS=''
LIBS=''
LIBTOOL='$(SHELL) $(top_builddir)/libtool'
LIB_PATH=''
LIPO=''
LN_S='ln -s'
LTLIBOBJS=''
MAINT='#'
MAINTAINER_MODE_FALSE=''
MAINTAINER_MODE_TRUE='#'
MAKEINFO='makeinfo --split-size=5000000'
MKDIR_P='/usr/bin/mkdir -p'
MKINSTALLDIRS='$(top_builddir)/../../ld/../mkinstalldirs'
MSGFMT='/usr/bin/msgfmt'
MSGMERGE='/usr/bin/msgmerge'
NATIVE_LIB_DIRS='/lib'
NM='nm'
NMEDIT=''
NO_WERROR=''
OBJDUMP='objdump'
OBJEXT='o'
OTOOL64=''
OTOOL=''
PACKAGE='ld'
PACKAGE_BUGREPORT=''
PACKAGE_NAME='ld'
PACKAGE_STRING='ld 2.35'
PACKAGE_TARNAME='ld'
PACKAGE_URL=''
PACKAGE_VERSION='2.35'
PATH_SEPARATOR=':'
POSUB=''
RANLIB='ranlib'
SED='/usr/bin/sed'
SET_MAKE=''
SHELL='/bin/bash'
STRINGIFY='astring.sed'
STRIP='strip'
TARGET_SYSTEM_ROOT='/home/sebastien/Bureau/Kot/Sysroot'
TARGET_SYSTEM_ROOT_DEFINE='-DTARGET_SYSTEM_ROOT=\"$(TARGET_SYSTEM_ROOT)\"'
TDIRS='
TESTBFDLIB='../bfd/.libs/libbfd.a'
TESTCTFLIB='../libctf/.libs/libctf.a'
USE_NLS='no'
VERSION='2.35'
WARN_CFLAGS='-W -Wall -Wstrict-prototypes -Wmissing-prototypes -Wshadow -Wstack-usage=262144'
WARN_CFLAGS_FOR_BUILD='-W -Wall -Wstrict-prototypes -Wmissing-prototypes -Wshadow -Wstack-usage=262144'
WARN_WRITE_STRINGS='-Wwrite-strings'
XGETTEXT='/usr/bin/xgettext'
YACC='bison -y'
YFLAGS=''
ac_ct_CC=''
ac_ct_CXX=''
ac_ct_DUMPBIN=''
am__EXEEXT_FALSE=''
am__EXEEXT_TRUE='#'
am__fastdepCC_FALSE='#'
am__fastdepCC_TRUE=''
am__fastdepCXX_FALSE='#'
am__fastdepCXX_TRUE=''
am__include='include'
am__isrc=' -I$(srcdir)'
am__leading_dot='.'
am__nodep='_no'
am__quote=''
am__tar='$${TAR-tar} chof - "$$tardir"'
am__untar='$${TAR-tar} xf -'
bindir='${exec_prefix}/bin'
build='x86_64-pc-linux-gnu'
build_alias='x86_64-pc-linux-gnu'
build_cpu='x86_64'
build_os='linux-gnu'
build_vendor='pc'
datadir='${datarootdir}'
datarootdir='${prefix}/share'
do_compare='cmp --ignore-initial=16 $$f1 $$f2'
docdir='${datarootdir}/doc/${PACKAGE_TARNAME}'
dvidir='${docdir}'
elf_list_options='TRUE'
elf_plt_unwind_list_options='TRUE'
elf_shlib_list_options='TRUE'
enable_initfini_array='yes'
exec_prefix='${prefix}'
host='x86_64-pc-linux-gnu'
host_alias='x86_64-pc-linux-gnu'
host_cpu='x86_64'
host_os='linux-gnu'
host_vendor='pc'
htmldir='${docdir}'
includedir='${prefix}/include'
infodir='${datarootdir}/info'
install_as_default='yes'
install_sh='${SHELL} /home/sebastien/Bureau/Kot/Toolchain/sources/binutils-2.35/install-sh'
installed_linker='ld.bfd'
libdir='${exec_prefix}/lib'
libexecdir='${exec_prefix}/libexec'
localedir='${datarootdir}/locale'
localstatedir='${prefix}/var'
mandir='${datarootdir}/man'
mkdir_p='$(MKDIR_P)'
oldincludedir='/usr/include'
pdfdir='${docdir}'
prefix='/home/sebastien/Bureau/Kot/Toolchain/Local'
program_transform_name='s&^&x86_64-kot-&'
psdir='${docdir}'
sbindir='${exec_prefix}/sbin'
sharedstatedir='${prefix}/com'
sysconfdir='${prefix}/etc'
target='x86_64-pc-kot'
target_alias='x86_64-kot'
target_cpu='x86_64'
target_os='kot'
target_vendor='pc'
tdir_elf_i386=x86_64-kot'
tdir_elf_i386_kot=x86_64-kot
tdir_elf_x86_64=x86_64-kot
tdir_elf_x86_64_kot=x86_64-kot
use_sysroot='yes'
zlibdir='-L$(top_builddir)/../zlib'
zlibinc='-I$(top_srcdir)/../zlib'

## ----------- ##
## confdefs.h. ##
## ----------- ##

/* confdefs.h */
#define PACKAGE_NAME "ld"
#define PACKAGE_TARNAME "ld"
#define PACKAGE_VERSION "2.35"
#define PACKAGE_STRING "ld 2.35"
#define PACKAGE_BUGREPORT ""
#define PACKAGE_URL ""
#define PACKAGE "ld"
#define VERSION "2.35"
#define STDC_HEADERS 1
#define HAVE_SYS_TYPES_H 1
#define HAVE_SYS_STAT_H 1
#define HAVE_STDLIB_H 1
#define HAVE_STRING_H 1
#define HAVE_MEMORY_H 1
#define HAVE_STRINGS_H 1
#define HAVE_INTTYPES_H 1
#define HAVE_STDINT_H 1
#define HAVE_UNISTD_H 1
#define __EXTENSIONS__ 1
#define _ALL_SOURCE 1
#define _GNU_SOURCE 1
#define _POSIX_PTHREAD_SEMANTICS 1
#define _TANDEM_SOURCE 1
#define HAVE_DLFCN_H 1
#define LT_OBJDIR ".libs/"
#define HAVE_DLFCN_H 1
#define GOT_HANDLING_DEFAULT GOT_HANDLING_TARGET_DEFAULT
#define ENABLE_LIBCTF 1
#define HAVE_LC_MESSAGES 1
#define YYTEXT_POINTER 1
#define HAVE_STRING_H 1
#define HAVE_STRINGS_H 1
#define HAVE_STDLIB_H 1
#define HAVE_UNISTD_H 1
#define HAVE_LIMITS_H 1
#define HAVE_LOCALE_H 1
#define HAVE_SYS_PARAM_H 1
#define HAVE_FCNTL_H 1
#define HAVE_SYS_FILE_H 1
#define HAVE_SYS_TIME_H 1
#define HAVE_SYS_STAT_H 1
#define STRING_WITH_STRINGS 1
#define HAVE_GLOB 1
#define HAVE_MKSTEMP 1
#define HAVE_REALPATH 1
#define HAVE_SBRK 1
#define HAVE_SETLOCALE 1
#define HAVE_WAITPID 1
#define HAVE_OPEN 1
#define HAVE_LSEEK 1
#define HAVE_CLOSE 1
#define HAVE_DIRENT_H 1
#define HAVE_STDLIB_H 1
#define HAVE_UNISTD_H 1
#define HAVE_SYS_PARAM_H 1
#define HAVE_GETPAGESIZE 1
#define HAVE_MMAP 1
#define HAVE_INITFINI_ARRAY 1
#define HAVE_DECL_GETOPT 1
#define HAVE_DECL_STRSTR 1
#define HAVE_DECL_FREE 1
#define HAVE_DECL_SBRK 1
#define HAVE_DECL_GETENV 1
#define HAVE_DECL_ENVIRON 1
#define SIZEOF_VOID_P 8
#define DEFAULT_NEW_DTAGS 0
#define DEFAULT_LD_Z_RELRO 0
#define DEFAULT_LD_TEXTREL_CHECK textrel_check_none
#define DEFAULT_LD_TEXTREL_CHECK_WARNING 0
#define DEFAULT_LD_Z_SEPARATE_CODE 0
#define DEFAULT_EMIT_SYSV_HASH 1
#define DEFAULT_EMIT_GNU_HASH 0

configure: exit 0
